<?xml version="1.0" encoding="UTF-8"?>
<testsuite name="com.example.demo.DemoApplicationTests" tests="1" skipped="0" failures="0" errors="0" timestamp="2021-05-28T07:46:23" hostname="LAPTOP-449SQE49" time="42.465">
  <properties/>
  <testcase name="testBeansConfig" classname="com.example.demo.DemoApplicationTests" time="42.465"/>
  <system-out><![CDATA[2021-05-28 15:46:20,628 Test worker DEBUG Apache Log4j Core 2.11.2 initializing configuration XmlConfiguration[location=C:\Users\user\eclipse-workspace\xmldemo\build\resources\main\log4j2.xml]
2021-05-28 15:46:20,633 Test worker DEBUG Installed 1 script engine
2021-05-28 15:46:20,804 Test worker DEBUG Oracle Nashorn version: 1.8.0_291, language: ECMAScript, threading: Not Thread Safe, compile: true, names: [nashorn, Nashorn, js, JS, JavaScript, javascript, ECMAScript, ecmascript], factory class: jdk.nashorn.api.scripting.NashornScriptEngineFactory
2021-05-28 15:46:20,804 Test worker DEBUG PluginManager 'Core' found 117 plugins
2021-05-28 15:46:20,805 Test worker DEBUG PluginManager 'Level' found 0 plugins
2021-05-28 15:46:20,811 Test worker DEBUG Building Plugin[name=property, class=org.apache.logging.log4j.core.config.Property].
2021-05-28 15:46:20,820 Test worker TRACE TypeConverterRegistry initializing.
2021-05-28 15:46:20,820 Test worker DEBUG PluginManager 'TypeConverter' found 26 plugins
2021-05-28 15:46:20,826 Test worker DEBUG createProperty(name="filepath", value="./tmp/log4j2")
2021-05-28 15:46:20,827 Test worker DEBUG Building Plugin[name=properties, class=org.apache.logging.log4j.core.config.PropertiesPlugin].
2021-05-28 15:46:20,830 Test worker DEBUG configureSubstitutor(={filepath=./tmp/log4j2}, Configuration(LogConfig))
2021-05-28 15:46:20,831 Test worker DEBUG PluginManager 'Lookup' found 13 plugins
2021-05-28 15:46:20,832 Test worker DEBUG Building Plugin[name=layout, class=org.apache.logging.log4j.core.layout.PatternLayout].
2021-05-28 15:46:20,836 Test worker DEBUG PatternLayout$Builder(pattern="[%d] - [%c] - [%highlight{%level}] - [%method] - [%t] - %msg%n", PatternSelector=null, Configuration(LogConfig), Replace=null, charset="null", alwaysWriteExceptions="null", disableAnsi="null", noConsoleNoAnsi="null", header="null", footer="null")
2021-05-28 15:46:20,836 Test worker DEBUG PluginManager 'Converter' found 47 plugins
2021-05-28 15:46:20,849 Test worker DEBUG Building Plugin[name=appender, class=org.apache.logging.log4j.core.appender.ConsoleAppender].
2021-05-28 15:46:20,854 Test worker DEBUG ConsoleAppender$Builder(target="SYSTEM_OUT", follow="null", direct="null", bufferedIo="null", bufferSize="null", immediateFlush="null", ignoreExceptions="null", PatternLayout([%d] - [%c] - [%highlight{%level}] - [%method] - [%t] - %msg%n), name="stdout", Configuration(LogConfig), Filter=null, ={})
2021-05-28 15:46:20,856 Test worker DEBUG Starting OutputStreamManager SYSTEM_OUT.false.false
2021-05-28 15:46:20,856 Test worker DEBUG Building Plugin[name=layout, class=org.apache.logging.log4j.core.layout.PatternLayout].
2021-05-28 15:46:20,856 Test worker DEBUG PatternLayout$Builder(pattern="[%d] - [%c] - [%highlight{%level}] - [%method] - [%t] - %msg%n", PatternSelector=null, Configuration(LogConfig), Replace=null, charset="null", alwaysWriteExceptions="null", disableAnsi="null", noConsoleNoAnsi="null", header="null", footer="null")
2021-05-28 15:46:20,857 Test worker DEBUG Building Plugin[name=OnStartupTriggeringPolicy, class=org.apache.logging.log4j.core.appender.rolling.OnStartupTriggeringPolicy].
2021-05-28 15:46:20,859 Test worker DEBUG createPolicy(minSize="1")
2021-05-28 15:46:20,860 Test worker DEBUG Building Plugin[name=TimeBasedTriggeringPolicy, class=org.apache.logging.log4j.core.appender.rolling.TimeBasedTriggeringPolicy].
2021-05-28 15:46:20,861 Test worker DEBUG TimeBasedTriggeringPolicy$Builder(interval="1", modulate="true", maxRandomDelay="null")
2021-05-28 15:46:20,861 Test worker DEBUG Building Plugin[name=SizeBasedTriggeringPolicy, class=org.apache.logging.log4j.core.appender.rolling.SizeBasedTriggeringPolicy].
2021-05-28 15:46:20,862 Test worker DEBUG createPolicy(size="3 MB")
2021-05-28 15:46:20,863 Test worker DEBUG Building Plugin[name=Policies, class=org.apache.logging.log4j.core.appender.rolling.CompositeTriggeringPolicy].
2021-05-28 15:46:20,864 Test worker DEBUG createPolicy(={OnStartupTriggeringPolicy, TimeBasedTriggeringPolicy(nextRolloverMillis=0, interval=1, modulate=true), SizeBasedTriggeringPolicy(size=3145728)})
2021-05-28 15:46:20,864 Test worker DEBUG Building Plugin[name=DefaultRolloverStrategy, class=org.apache.logging.log4j.core.appender.rolling.DefaultRolloverStrategy].
2021-05-28 15:46:20,867 Test worker DEBUG DefaultRolloverStrategy$Builder(max="10", min="null", fileIndex="null", compressionLevel="null", ={}, stopCustomActionsOnError="null", tempCompressedFilePattern="null", Configuration(LogConfig))
2021-05-28 15:46:20,867 Test worker DEBUG Building Plugin[name=appender, class=org.apache.logging.log4j.core.appender.RollingFileAppender].
2021-05-28 15:46:20,869 Test worker DEBUG RollingFileAppender$Builder(fileName="./tmp/log4j2/service.log", filePattern="./tmp/log4j2/bak/service-%d{yy-MM-dd}-%i.log.gz", append="null", locking="null", Policies(CompositeTriggeringPolicy(policies=[OnStartupTriggeringPolicy, TimeBasedTriggeringPolicy(nextRolloverMillis=0, interval=1, modulate=true), SizeBasedTriggeringPolicy(size=3145728)])), DefaultRolloverStrategy(DefaultRolloverStrategy(min=1, max=10, useMax=true)), advertise="null", advertiseUri="null", createOnDemand="null", filePermissions="null", fileOwner="null", fileGroup="null", bufferedIo="null", bufferSize="null", immediateFlush="null", ignoreExceptions="null", PatternLayout([%d] - [%c] - [%highlight{%level}] - [%method] - [%t] - %msg%n), name="service", Configuration(LogConfig), Filter=null, ={})
2021-05-28 15:46:20,874 Test worker TRACE New file './tmp/log4j2/service.log' created = false
2021-05-28 15:46:20,876 Test worker DEBUG Returning file creation time for C:\Users\user\eclipse-workspace\xmldemo\.\tmp\log4j2\service.log
2021-05-28 15:46:20,876 Test worker DEBUG Starting RollingFileManager ./tmp/log4j2/service.log
2021-05-28 15:46:20,878 Test worker DEBUG PluginManager 'FileConverter' found 2 plugins
2021-05-28 15:46:20,880 Test worker DEBUG Setting prev file time to 2021-05-19T08:57:15.668+0800
2021-05-28 15:46:20,882 Test worker DEBUG Initializing triggering policy CompositeTriggeringPolicy(policies=[OnStartupTriggeringPolicy, TimeBasedTriggeringPolicy(nextRolloverMillis=0, interval=1, modulate=true), SizeBasedTriggeringPolicy(size=3145728)])
2021-05-28 15:46:20,882 Test worker DEBUG Initializing triggering policy OnStartupTriggeringPolicy
2021-05-28 15:46:20,882 Test worker DEBUG Initiating rollover at startup
2021-05-28 15:46:20,883 Test worker DEBUG Formatting file name. useCurrentTime=false. currentFileTime=0, prevFileTime=1621385835668
2021-05-28 15:46:20,886 Test worker TRACE Using default SystemClock for timestamps.
2021-05-28 15:46:20,887 Test worker DEBUG org.apache.logging.log4j.core.util.SystemClock does not support precise timestamps.
2021-05-28 15:46:20,889 Test worker DEBUG Eligible files: {1=.\tmp\log4j2\bak\service-21-05-19-1.log.gz, 2=.\tmp\log4j2\bak\service-21-05-19-2.log.gz, 3=.\tmp\log4j2\bak\service-21-05-19-3.log.gz, 4=.\tmp\log4j2\bak\service-21-05-19-4.log.gz, 5=.\tmp\log4j2\bak\service-21-05-19-5.log.gz, 6=.\tmp\log4j2\bak\service-21-05-19-6.log.gz, 7=.\tmp\log4j2\bak\service-21-05-19-7.log.gz, 8=.\tmp\log4j2\bak\service-21-05-19-8.log.gz, 9=.\tmp\log4j2\bak\service-21-05-19-9.log.gz, 10=.\tmp\log4j2\bak\service-21-05-19-10.log.gz}
2021-05-28 15:46:20,889 Test worker DEBUG Deleting C:\Users\user\eclipse-workspace\xmldemo\.\tmp\log4j2\bak\service-21-05-19-1.log.gz
2021-05-28 15:46:20,890 Test worker DEBUG Formatting file name. useCurrentTime=false. currentFileTime=0, prevFileTime=1621385835668
2021-05-28 15:46:20,891 Test worker DEBUG DefaultRolloverStrategy.purgeAscending executing FileRenameAction[.\tmp\log4j2\bak\service-21-05-19-2.log.gz to .\tmp\log4j2\bak\service-21-05-19-1.log.gz, renameEmptyFiles=true]
2021-05-28 15:46:20,892 Test worker TRACE Renamed file C:\Users\user\eclipse-workspace\xmldemo\.\tmp\log4j2\bak\service-21-05-19-2.log.gz to C:\Users\user\eclipse-workspace\xmldemo\.\tmp\log4j2\bak\service-21-05-19-1.log.gz with Files.move
2021-05-28 15:46:20,892 Test worker DEBUG Formatting file name. useCurrentTime=false. currentFileTime=0, prevFileTime=1621385835668
2021-05-28 15:46:20,893 Test worker DEBUG DefaultRolloverStrategy.purgeAscending executing FileRenameAction[.\tmp\log4j2\bak\service-21-05-19-3.log.gz to .\tmp\log4j2\bak\service-21-05-19-2.log.gz, renameEmptyFiles=true]
2021-05-28 15:46:20,894 Test worker TRACE Renamed file C:\Users\user\eclipse-workspace\xmldemo\.\tmp\log4j2\bak\service-21-05-19-3.log.gz to C:\Users\user\eclipse-workspace\xmldemo\.\tmp\log4j2\bak\service-21-05-19-2.log.gz with Files.move
2021-05-28 15:46:20,894 Test worker DEBUG Formatting file name. useCurrentTime=false. currentFileTime=0, prevFileTime=1621385835668
2021-05-28 15:46:20,894 Test worker DEBUG DefaultRolloverStrategy.purgeAscending executing FileRenameAction[.\tmp\log4j2\bak\service-21-05-19-4.log.gz to .\tmp\log4j2\bak\service-21-05-19-3.log.gz, renameEmptyFiles=true]
2021-05-28 15:46:20,895 Test worker TRACE Renamed file C:\Users\user\eclipse-workspace\xmldemo\.\tmp\log4j2\bak\service-21-05-19-4.log.gz to C:\Users\user\eclipse-workspace\xmldemo\.\tmp\log4j2\bak\service-21-05-19-3.log.gz with Files.move
2021-05-28 15:46:20,895 Test worker DEBUG Formatting file name. useCurrentTime=false. currentFileTime=0, prevFileTime=1621385835668
2021-05-28 15:46:20,896 Test worker DEBUG DefaultRolloverStrategy.purgeAscending executing FileRenameAction[.\tmp\log4j2\bak\service-21-05-19-5.log.gz to .\tmp\log4j2\bak\service-21-05-19-4.log.gz, renameEmptyFiles=true]
2021-05-28 15:46:20,896 Test worker TRACE Renamed file C:\Users\user\eclipse-workspace\xmldemo\.\tmp\log4j2\bak\service-21-05-19-5.log.gz to C:\Users\user\eclipse-workspace\xmldemo\.\tmp\log4j2\bak\service-21-05-19-4.log.gz with Files.move
2021-05-28 15:46:20,897 Test worker DEBUG Formatting file name. useCurrentTime=false. currentFileTime=0, prevFileTime=1621385835668
2021-05-28 15:46:20,897 Test worker DEBUG DefaultRolloverStrategy.purgeAscending executing FileRenameAction[.\tmp\log4j2\bak\service-21-05-19-6.log.gz to .\tmp\log4j2\bak\service-21-05-19-5.log.gz, renameEmptyFiles=true]
2021-05-28 15:46:20,897 Test worker TRACE Renamed file C:\Users\user\eclipse-workspace\xmldemo\.\tmp\log4j2\bak\service-21-05-19-6.log.gz to C:\Users\user\eclipse-workspace\xmldemo\.\tmp\log4j2\bak\service-21-05-19-5.log.gz with Files.move
2021-05-28 15:46:20,897 Test worker DEBUG Formatting file name. useCurrentTime=false. currentFileTime=0, prevFileTime=1621385835668
2021-05-28 15:46:20,897 Test worker DEBUG DefaultRolloverStrategy.purgeAscending executing FileRenameAction[.\tmp\log4j2\bak\service-21-05-19-7.log.gz to .\tmp\log4j2\bak\service-21-05-19-6.log.gz, renameEmptyFiles=true]
2021-05-28 15:46:20,898 Test worker TRACE Renamed file C:\Users\user\eclipse-workspace\xmldemo\.\tmp\log4j2\bak\service-21-05-19-7.log.gz to C:\Users\user\eclipse-workspace\xmldemo\.\tmp\log4j2\bak\service-21-05-19-6.log.gz with Files.move
2021-05-28 15:46:20,899 Test worker DEBUG Formatting file name. useCurrentTime=false. currentFileTime=0, prevFileTime=1621385835668
2021-05-28 15:46:20,899 Test worker DEBUG DefaultRolloverStrategy.purgeAscending executing FileRenameAction[.\tmp\log4j2\bak\service-21-05-19-8.log.gz to .\tmp\log4j2\bak\service-21-05-19-7.log.gz, renameEmptyFiles=true]
2021-05-28 15:46:20,901 Test worker TRACE Renamed file C:\Users\user\eclipse-workspace\xmldemo\.\tmp\log4j2\bak\service-21-05-19-8.log.gz to C:\Users\user\eclipse-workspace\xmldemo\.\tmp\log4j2\bak\service-21-05-19-7.log.gz with Files.move
2021-05-28 15:46:20,901 Test worker DEBUG Formatting file name. useCurrentTime=false. currentFileTime=0, prevFileTime=1621385835668
2021-05-28 15:46:20,902 Test worker DEBUG DefaultRolloverStrategy.purgeAscending executing FileRenameAction[.\tmp\log4j2\bak\service-21-05-19-9.log.gz to .\tmp\log4j2\bak\service-21-05-19-8.log.gz, renameEmptyFiles=true]
2021-05-28 15:46:20,903 Test worker TRACE Renamed file C:\Users\user\eclipse-workspace\xmldemo\.\tmp\log4j2\bak\service-21-05-19-9.log.gz to C:\Users\user\eclipse-workspace\xmldemo\.\tmp\log4j2\bak\service-21-05-19-8.log.gz with Files.move
2021-05-28 15:46:20,903 Test worker DEBUG Formatting file name. useCurrentTime=false. currentFileTime=0, prevFileTime=1621385835668
2021-05-28 15:46:20,904 Test worker DEBUG DefaultRolloverStrategy.purgeAscending executing FileRenameAction[.\tmp\log4j2\bak\service-21-05-19-10.log.gz to .\tmp\log4j2\bak\service-21-05-19-9.log.gz, renameEmptyFiles=true]
2021-05-28 15:46:20,906 Test worker TRACE Renamed file C:\Users\user\eclipse-workspace\xmldemo\.\tmp\log4j2\bak\service-21-05-19-10.log.gz to C:\Users\user\eclipse-workspace\xmldemo\.\tmp\log4j2\bak\service-21-05-19-9.log.gz with Files.move
2021-05-28 15:46:20,906 Test worker DEBUG Formatting file name. useCurrentTime=false. currentFileTime=0, prevFileTime=1621385835668
2021-05-28 15:46:20,907 Test worker TRACE DefaultRolloverStrategy.purge() took 24.0 milliseconds
2021-05-28 15:46:20,909 Test worker DEBUG RollingFileManager executing synchronous FileRenameAction[.\tmp\log4j2\service.log to .\tmp\log4j2\bak\service-21-05-19-10.log, renameEmptyFiles=false]
2021-05-28 15:46:20,910 Test worker TRACE Renamed file C:\Users\user\eclipse-workspace\xmldemo\.\tmp\log4j2\service.log to C:\Users\user\eclipse-workspace\xmldemo\.\tmp\log4j2\bak\service-21-05-19-10.log with Files.move
2021-05-28 15:46:20,910 Test worker DEBUG RollingFileManager executing async GzCompressAction[.\tmp\log4j2\bak\service-21-05-19-10.log to .\tmp\log4j2\bak\service-21-05-19-10.log.gz, deleteSource=true]
2021-05-28 15:46:20,912 Test worker DEBUG Now writing to ./tmp/log4j2/service.log at 2021-05-28T15:46:20.912+0800
2021-05-28 15:46:20,914 Test worker DEBUG Initializing triggering policy TimeBasedTriggeringPolicy(nextRolloverMillis=0, interval=1, modulate=true)
2021-05-28 15:46:20,914 Test worker TRACE PatternProcessor.getNextTime returning 2021/05/29-00:00:00.000, nextFileTime=2021/05/28-00:00:00.000, prevFileTime=1970/01/01-08:00:00.000, current=2021/05/28-15:46:20.914, freq=DAILY
2021-05-28 15:46:20,915 Test worker TRACE PatternProcessor.getNextTime returning 2021/05/29-00:00:00.000, nextFileTime=2021/05/28-00:00:00.000, prevFileTime=2021/05/28-00:00:00.000, current=2021/05/28-15:46:20.915, freq=DAILY
2021-05-28 15:46:20,916 Test worker DEBUG Initializing triggering policy SizeBasedTriggeringPolicy(size=3145728)
2021-05-28 15:46:20,916 Test worker DEBUG Building Plugin[name=layout, class=org.apache.logging.log4j.core.layout.PatternLayout].
2021-05-28 15:46:20,917 Test worker DEBUG PatternLayout$Builder(pattern="[%d] - [%c] - [%highlight{%level}] - [%method] - [%t] - %msg%n", PatternSelector=null, Configuration(LogConfig), Replace=null, charset="null", alwaysWriteExceptions="null", disableAnsi="null", noConsoleNoAnsi="null", header="null", footer="null")
2021-05-28 15:46:20,917 Test worker DEBUG Building Plugin[name=OnStartupTriggeringPolicy, class=org.apache.logging.log4j.core.appender.rolling.OnStartupTriggeringPolicy].
2021-05-28 15:46:20,917 Test worker DEBUG createPolicy(minSize="1")
2021-05-28 15:46:20,918 Test worker DEBUG Building Plugin[name=TimeBasedTriggeringPolicy, class=org.apache.logging.log4j.core.appender.rolling.TimeBasedTriggeringPolicy].
2021-05-28 15:46:20,918 Test worker DEBUG TimeBasedTriggeringPolicy$Builder(interval="1", modulate="true", maxRandomDelay="null")
2021-05-28 15:46:20,918 Test worker DEBUG Building Plugin[name=SizeBasedTriggeringPolicy, class=org.apache.logging.log4j.core.appender.rolling.SizeBasedTriggeringPolicy].
2021-05-28 15:46:20,918 Test worker DEBUG createPolicy(size="3 MB")
2021-05-28 15:46:20,919 Test worker DEBUG Building Plugin[name=Policies, class=org.apache.logging.log4j.core.appender.rolling.CompositeTriggeringPolicy].
2021-05-28 15:46:20,919 Test worker DEBUG createPolicy(={OnStartupTriggeringPolicy, TimeBasedTriggeringPolicy(nextRolloverMillis=0, interval=1, modulate=true), SizeBasedTriggeringPolicy(size=3145728)})
2021-05-28 15:46:20,919 Test worker DEBUG Building Plugin[name=IfFileName, class=org.apache.logging.log4j.core.appender.rolling.action.IfFileName].
2021-05-28 15:46:20,919 Test worker DEBUG createNameCondition(glob="hibernate-*.log.gz", regex="null", ={})
2021-05-28 15:46:20,920 Test worker DEBUG Building Plugin[name=IfLastModified, class=org.apache.logging.log4j.core.appender.rolling.action.IfLastModified].
2021-05-28 15:46:20,921 Test worker DEBUG createAgeCondition(age="P3D", ={})
2021-05-28 15:46:20,922 Test worker TRACE Using default SystemClock for timestamps.
2021-05-28 15:46:20,922 Test worker DEBUG org.apache.logging.log4j.core.util.SystemClock does not support precise timestamps.
2021-05-28 15:46:20,922 Test worker DEBUG Building Plugin[name=Delete, class=org.apache.logging.log4j.core.appender.rolling.action.DeleteAction].
2021-05-28 15:46:20,923 Test worker DEBUG createDeleteAction(basePath="./tmp/log4j2/bak", followLinks="false", maxDepth="1", testMode="false", PathSorter=null, ={IfFileName(glob:hibernate-*.log.gz), IfLastModified(age=P3D)}, ScriptCondition=null, Configuration(LogConfig))
2021-05-28 15:46:20,924 Test worker DEBUG Building Plugin[name=DefaultRolloverStrategy, class=org.apache.logging.log4j.core.appender.rolling.DefaultRolloverStrategy].
2021-05-28 15:46:20,924 Test worker DEBUG DefaultRolloverStrategy$Builder(max="null", min="null", fileIndex="null", compressionLevel="null", ={DeleteAction[basePath=.\tmp\log4j2\bak, options=[], maxDepth=1, conditions=[IfFileName(glob:hibernate-*.log.gz), IfLastModified(age=P3D)]]}, stopCustomActionsOnError="null", tempCompressedFilePattern="null", Configuration(LogConfig))
2021-05-28 15:46:20,925 Test worker DEBUG Building Plugin[name=appender, class=org.apache.logging.log4j.core.appender.RollingFileAppender].
2021-05-28 15:46:20,925 Test worker DEBUG RollingFileAppender$Builder(fileName="./tmp/log4j2/hibernate.log", filePattern="./tmp/log4j2/bak/hibernate-%d{yy-MM-dd}-%i.log.gz", append="null", locking="null", Policies(CompositeTriggeringPolicy(policies=[OnStartupTriggeringPolicy, TimeBasedTriggeringPolicy(nextRolloverMillis=0, interval=1, modulate=true), SizeBasedTriggeringPolicy(size=3145728)])), DefaultRolloverStrategy(DefaultRolloverStrategy(min=1, max=7, useMax=true)), advertise="null", advertiseUri="null", createOnDemand="null", filePermissions="null", fileOwner="null", fileGroup="null", bufferedIo="null", bufferSize="null", immediateFlush="null", ignoreExceptions="null", PatternLayout([%d] - [%c] - [%highlight{%level}] - [%method] - [%t] - %msg%n), name="hibernate", Configuration(LogConfig), Filter=null, ={})
2021-05-28 15:46:20,926 Test worker TRACE New file './tmp/log4j2/hibernate.log' created = false
2021-05-28 15:46:20,927 Test worker DEBUG Returning file creation time for C:\Users\user\eclipse-workspace\xmldemo\.\tmp\log4j2\hibernate.log
2021-05-28 15:46:20,927 Test worker DEBUG Starting RollingFileManager ./tmp/log4j2/hibernate.log
2021-05-28 15:46:20,927 Test worker DEBUG PluginManager 'FileConverter' found 2 plugins
2021-05-28 15:46:20,928 Test worker DEBUG Setting prev file time to 2021-05-19T08:57:15.691+0800
2021-05-28 15:46:20,928 Test worker DEBUG Initializing triggering policy CompositeTriggeringPolicy(policies=[OnStartupTriggeringPolicy, TimeBasedTriggeringPolicy(nextRolloverMillis=0, interval=1, modulate=true), SizeBasedTriggeringPolicy(size=3145728)])
2021-05-28 15:46:20,928 Test worker DEBUG Initializing triggering policy OnStartupTriggeringPolicy
2021-05-28 15:46:20,929 Test worker DEBUG Initiating rollover at startup
2021-05-28 15:46:20,929 Test worker DEBUG Formatting file name. useCurrentTime=false. currentFileTime=0, prevFileTime=1621385835691
2021-05-28 15:46:20,930 Test worker DEBUG Formatting file name. useCurrentTime=false. currentFileTime=0, prevFileTime=1621385835691
2021-05-28 15:46:20,930 Test worker TRACE DefaultRolloverStrategy.purge() took 1.0 milliseconds
2021-05-28 15:46:20,932 Test worker DEBUG RollingFileManager executing synchronous FileRenameAction[.\tmp\log4j2\hibernate.log to .\tmp\log4j2\bak\hibernate-21-05-19-7.log, renameEmptyFiles=false]
2021-05-28 15:46:20,934 Test worker TRACE Renamed file C:\Users\user\eclipse-workspace\xmldemo\.\tmp\log4j2\hibernate.log to C:\Users\user\eclipse-workspace\xmldemo\.\tmp\log4j2\bak\hibernate-21-05-19-7.log with Files.move
2021-05-28 15:46:20,935 Test worker DEBUG RollingFileManager executing async CompositeAction[GzCompressAction[.\tmp\log4j2\bak\hibernate-21-05-19-7.log to .\tmp\log4j2\bak\hibernate-21-05-19-7.log.gz, deleteSource=true], DeleteAction[basePath=.\tmp\log4j2\bak, options=[], maxDepth=1, conditions=[IfFileName(glob:hibernate-*.log.gz), IfLastModified(age=P3D)]]]
2021-05-28 15:46:20,936 Test worker DEBUG Now writing to ./tmp/log4j2/hibernate.log at 2021-05-28T15:46:20.935+0800
2021-05-28 15:46:20,937 Test worker DEBUG Initializing triggering policy TimeBasedTriggeringPolicy(nextRolloverMillis=0, interval=1, modulate=true)
2021-05-28 15:46:20,938 Test worker TRACE PatternProcessor.getNextTime returning 2021/05/29-00:00:00.000, nextFileTime=2021/05/28-00:00:00.000, prevFileTime=1970/01/01-08:00:00.000, current=2021/05/28-15:46:20.938, freq=DAILY
2021-05-28 15:46:20,939 Test worker TRACE PatternProcessor.getNextTime returning 2021/05/29-00:00:00.000, nextFileTime=2021/05/28-00:00:00.000, prevFileTime=2021/05/28-00:00:00.000, current=2021/05/28-15:46:20.939, freq=DAILY
2021-05-28 15:46:20,940 Test worker DEBUG Initializing triggering policy SizeBasedTriggeringPolicy(size=3145728)
2021-05-28 15:46:20,940 Test worker DEBUG Building Plugin[name=layout, class=org.apache.logging.log4j.core.layout.PatternLayout].
2021-05-28 15:46:20,940 Log4j2-TF-2-RollingFileManager-2 DEBUG Starting DeleteAction[basePath=.\tmp\log4j2\bak, options=[], maxDepth=1, conditions=[IfFileName(glob:hibernate-*.log.gz), IfLastModified(age=P3D)]]
2021-05-28 15:46:20,941 Test worker DEBUG PatternLayout$Builder(pattern="[%d] - [%c] - [%highlight{%level}] - [%method] - [%t] - %msg%n", PatternSelector=null, Configuration(LogConfig), Replace=null, charset="null", alwaysWriteExceptions="null", disableAnsi="null", noConsoleNoAnsi="null", header="null", footer="null")
2021-05-28 15:46:20,942 Test worker DEBUG Building Plugin[name=OnStartupTriggeringPolicy, class=org.apache.logging.log4j.core.appender.rolling.OnStartupTriggeringPolicy].
2021-05-28 15:46:20,942 Test worker DEBUG createPolicy(minSize="1")
2021-05-28 15:46:20,942 Test worker DEBUG Building Plugin[name=TimeBasedTriggeringPolicy, class=org.apache.logging.log4j.core.appender.rolling.TimeBasedTriggeringPolicy].
2021-05-28 15:46:20,943 Test worker DEBUG TimeBasedTriggeringPolicy$Builder(interval="1", modulate="true", maxRandomDelay="null")
2021-05-28 15:46:20,943 Test worker DEBUG Building Plugin[name=SizeBasedTriggeringPolicy, class=org.apache.logging.log4j.core.appender.rolling.SizeBasedTriggeringPolicy].
2021-05-28 15:46:20,943 Log4j2-TF-2-RollingFileManager-2 DEBUG DeleteAction complete in 0.0030661 seconds
2021-05-28 15:46:20,943 Test worker DEBUG createPolicy(size="3 MB")
2021-05-28 15:46:20,944 Test worker DEBUG Building Plugin[name=Policies, class=org.apache.logging.log4j.core.appender.rolling.CompositeTriggeringPolicy].
2021-05-28 15:46:20,944 Log4j2-TF-2-RollingFileManager-2 TRACE Sorted paths:
2021-05-28 15:46:20,944 Test worker DEBUG createPolicy(={OnStartupTriggeringPolicy, TimeBasedTriggeringPolicy(nextRolloverMillis=0, interval=1, modulate=true), SizeBasedTriggeringPolicy(size=3145728)})
2021-05-28 15:46:20,945 Test worker DEBUG Building Plugin[name=IfFileName, class=org.apache.logging.log4j.core.appender.rolling.action.IfFileName].
2021-05-28 15:46:20,946 Test worker DEBUG createNameCondition(glob="activemq-*.log.gz", regex="null", ={})
2021-05-28 15:46:20,946 Test worker DEBUG Building Plugin[name=IfLastModified, class=org.apache.logging.log4j.core.appender.rolling.action.IfLastModified].
2021-05-28 15:46:20,947 Test worker DEBUG createAgeCondition(age="P3D", ={})
2021-05-28 15:46:20,947 Test worker DEBUG Building Plugin[name=Delete, class=org.apache.logging.log4j.core.appender.rolling.action.DeleteAction].
2021-05-28 15:46:20,948 Test worker DEBUG createDeleteAction(basePath="./tmp/log4j2/bak", followLinks="false", maxDepth="1", testMode="false", PathSorter=null, ={IfFileName(glob:activemq-*.log.gz), IfLastModified(age=P3D)}, ScriptCondition=null, Configuration(LogConfig))
2021-05-28 15:46:20,948 Test worker DEBUG Building Plugin[name=DefaultRolloverStrategy, class=org.apache.logging.log4j.core.appender.rolling.DefaultRolloverStrategy].
2021-05-28 15:46:20,949 Test worker DEBUG DefaultRolloverStrategy$Builder(max="null", min="null", fileIndex="null", compressionLevel="null", ={DeleteAction[basePath=.\tmp\log4j2\bak, options=[], maxDepth=1, conditions=[IfFileName(glob:activemq-*.log.gz), IfLastModified(age=P3D)]]}, stopCustomActionsOnError="null", tempCompressedFilePattern="null", Configuration(LogConfig))
2021-05-28 15:46:20,949 Test worker DEBUG Building Plugin[name=appender, class=org.apache.logging.log4j.core.appender.RollingFileAppender].
2021-05-28 15:46:20,950 Test worker DEBUG RollingFileAppender$Builder(fileName="./tmp/log4j2/activemq.log", filePattern="./tmp/log4j2/bak/activemq-%d{yy-MM-dd}-%i.log.gz", append="null", locking="null", Policies(CompositeTriggeringPolicy(policies=[OnStartupTriggeringPolicy, TimeBasedTriggeringPolicy(nextRolloverMillis=0, interval=1, modulate=true), SizeBasedTriggeringPolicy(size=3145728)])), DefaultRolloverStrategy(DefaultRolloverStrategy(min=1, max=7, useMax=true)), advertise="null", advertiseUri="null", createOnDemand="null", filePermissions="null", fileOwner="null", fileGroup="null", bufferedIo="null", bufferSize="null", immediateFlush="null", ignoreExceptions="null", PatternLayout([%d] - [%c] - [%highlight{%level}] - [%method] - [%t] - %msg%n), name="activemq", Configuration(LogConfig), Filter=null, ={})
2021-05-28 15:46:20,945 Log4j2-TF-2-RollingFileManager-2 TRACE .\tmp\log4j2\bak\hibernate-21-05-19-7.log.gz (modified: 2021-05-28T07:46:20.937752Z)
2021-05-28 15:46:20,950 Log4j2-TF-2-RollingFileManager-2 TRACE .\tmp\log4j2\bak\service-21-05-19-10.log.gz (modified: 2021-05-28T07:46:20.914814Z)
2021-05-28 15:46:20,950 Log4j2-TF-2-RollingFileManager-2 TRACE .\tmp\log4j2\bak\service-21-05-19-9.log.gz (modified: 2021-05-28T07:46:02.083866Z)
2021-05-28 15:46:20,951 Log4j2-TF-2-RollingFileManager-2 TRACE .\tmp\log4j2\bak\service-21-05-19-8.log.gz (modified: 2021-05-28T07:44:56.656938Z)
2021-05-28 15:46:20,951 Log4j2-TF-2-RollingFileManager-2 TRACE .\tmp\log4j2\bak\service-21-05-19-7.log.gz (modified: 2021-05-28T07:43:59.23389Z)
2021-05-28 15:46:20,951 Log4j2-TF-2-RollingFileManager-2 TRACE .\tmp\log4j2\bak\service-21-05-19-6.log.gz (modified: 2021-05-28T07:43:20.694423Z)
2021-05-28 15:46:20,951 Log4j2-TF-2-RollingFileManager-2 TRACE .\tmp\log4j2\bak\service-21-05-19-5.log.gz (modified: 2021-05-27T04:03:29.381584Z)
2021-05-28 15:46:20,951 Log4j2-TF-2-RollingFileManager-2 TRACE .\tmp\log4j2\bak\service-21-05-19-4.log.gz (modified: 2021-05-27T04:00:40.070242Z)
2021-05-28 15:46:20,952 Log4j2-TF-2-RollingFileManager-2 TRACE .\tmp\log4j2\bak\service-21-05-19-3.log.gz (modified: 2021-05-27T04:00:15.40878Z)
2021-05-28 15:46:20,952 Log4j2-TF-2-RollingFileManager-2 TRACE .\tmp\log4j2\bak\service-21-05-19-2.log.gz (modified: 2021-05-27T03:55:43.165692Z)
2021-05-28 15:46:20,952 Test worker TRACE New file './tmp/log4j2/activemq.log' created = false
2021-05-28 15:46:20,952 Log4j2-TF-2-RollingFileManager-2 TRACE .\tmp\log4j2\bak\service-21-05-19-1.log.gz (modified: 2021-05-27T03:54:42.70176Z)
2021-05-28 15:46:20,952 Log4j2-TF-2-RollingFileManager-2 TRACE .\tmp\log4j2\bak\service-21-05-12-9.log.gz (modified: 2021-05-19T00:56:20.223773Z)
2021-05-28 15:46:20,952 Log4j2-TF-2-RollingFileManager-2 TRACE .\tmp\log4j2\bak\service-21-05-12-8.log.gz (modified: 2021-05-19T00:56:20.222776Z)
2021-05-28 15:46:20,953 Log4j2-TF-2-RollingFileManager-2 TRACE .\tmp\log4j2\bak\service-21-05-12-7.log.gz (modified: 2021-05-19T00:56:20.222776Z)
2021-05-28 15:46:20,953 Log4j2-TF-2-RollingFileManager-2 TRACE .\tmp\log4j2\bak\service-21-05-12-6.log.gz (modified: 2021-05-19T00:56:20.221778Z)
2021-05-28 15:46:20,953 Test worker DEBUG Returning file creation time for C:\Users\user\eclipse-workspace\xmldemo\.\tmp\log4j2\activemq.log
2021-05-28 15:46:20,953 Log4j2-TF-2-RollingFileManager-2 TRACE .\tmp\log4j2\bak\service-21-05-12-5.log.gz (modified: 2021-05-19T00:56:20.221778Z)
2021-05-28 15:46:20,953 Log4j2-TF-2-RollingFileManager-2 TRACE .\tmp\log4j2\bak\service-21-05-12-4.log.gz (modified: 2021-05-19T00:56:20.220781Z)
2021-05-28 15:46:20,953 Log4j2-TF-2-RollingFileManager-2 TRACE .\tmp\log4j2\bak\service-21-05-12-3.log.gz (modified: 2021-05-19T00:56:20.220781Z)
2021-05-28 15:46:20,953 Test worker DEBUG Starting RollingFileManager ./tmp/log4j2/activemq.log
2021-05-28 15:46:20,953 Log4j2-TF-2-RollingFileManager-2 TRACE .\tmp\log4j2\bak\service-21-05-12-2.log.gz (modified: 2021-05-19T00:56:20.220781Z)
2021-05-28 15:46:20,953 Log4j2-TF-2-RollingFileManager-2 TRACE .\tmp\log4j2\bak\service-21-05-12-10.log.gz (modified: 2021-05-19T00:56:20.219784Z)
2021-05-28 15:46:20,954 Test worker DEBUG PluginManager 'FileConverter' found 2 plugins
2021-05-28 15:46:20,954 Log4j2-TF-2-RollingFileManager-2 TRACE .\tmp\log4j2\bak\service-21-05-12-1.log.gz (modified: 2021-05-19T00:56:20.219784Z)
2021-05-28 15:46:20,954 Test worker DEBUG Setting prev file time to 2021-05-19T08:57:15.701+0800
2021-05-28 15:46:20,954 Log4j2-TF-2-RollingFileManager-2 TRACE IfFileName ACCEPTED: 'glob:hibernate-*.log.gz' matches relative path 'hibernate-21-05-19-7.log.gz'
2021-05-28 15:46:20,954 Test worker DEBUG Initializing triggering policy CompositeTriggeringPolicy(policies=[OnStartupTriggeringPolicy, TimeBasedTriggeringPolicy(nextRolloverMillis=0, interval=1, modulate=true), SizeBasedTriggeringPolicy(size=3145728)])
2021-05-28 15:46:20,954 Log4j2-TF-2-RollingFileManager-2 TRACE IfLastModified REJECTED: hibernate-21-05-19-7.log.gz ageMillis '17' < 'P3D'
2021-05-28 15:46:20,955 Log4j2-TF-2-RollingFileManager-2 TRACE Not deleting base=.\tmp\log4j2\bak, relative=hibernate-21-05-19-7.log.gz
2021-05-28 15:46:20,955 Test worker DEBUG Initializing triggering policy OnStartupTriggeringPolicy
2021-05-28 15:46:20,955 Log4j2-TF-2-RollingFileManager-2 TRACE IfFileName REJECTED: 'glob:hibernate-*.log.gz' does not match relative path 'service-21-05-19-10.log.gz'
2021-05-28 15:46:20,955 Test worker DEBUG Initializing triggering policy TimeBasedTriggeringPolicy(nextRolloverMillis=0, interval=1, modulate=true)
2021-05-28 15:46:20,955 Log4j2-TF-2-RollingFileManager-2 TRACE Not deleting base=.\tmp\log4j2\bak, relative=service-21-05-19-10.log.gz
2021-05-28 15:46:20,955 Log4j2-TF-2-RollingFileManager-2 TRACE IfFileName REJECTED: 'glob:hibernate-*.log.gz' does not match relative path 'service-21-05-19-9.log.gz'
2021-05-28 15:46:20,955 Log4j2-TF-2-RollingFileManager-2 TRACE Not deleting base=.\tmp\log4j2\bak, relative=service-21-05-19-9.log.gz
2021-05-28 15:46:20,955 Test worker TRACE PatternProcessor.getNextTime returning 2021/05/20-00:00:00.000, nextFileTime=2021/05/19-00:00:00.000, prevFileTime=1970/01/01-08:00:00.000, current=2021/05/28-15:46:20.955, freq=DAILY
2021-05-28 15:46:20,955 Log4j2-TF-2-RollingFileManager-2 TRACE IfFileName REJECTED: 'glob:hibernate-*.log.gz' does not match relative path 'service-21-05-19-8.log.gz'
2021-05-28 15:46:20,956 Log4j2-TF-2-RollingFileManager-2 TRACE Not deleting base=.\tmp\log4j2\bak, relative=service-21-05-19-8.log.gz
2021-05-28 15:46:20,956 Log4j2-TF-2-RollingFileManager-2 TRACE IfFileName REJECTED: 'glob:hibernate-*.log.gz' does not match relative path 'service-21-05-19-7.log.gz'
2021-05-28 15:46:20,956 Test worker TRACE PatternProcessor.getNextTime returning 2021/05/20-00:00:00.000, nextFileTime=2021/05/19-00:00:00.000, prevFileTime=2021/05/19-00:00:00.000, current=2021/05/28-15:46:20.956, freq=DAILY
2021-05-28 15:46:20,956 Log4j2-TF-2-RollingFileManager-2 TRACE Not deleting base=.\tmp\log4j2\bak, relative=service-21-05-19-7.log.gz
2021-05-28 15:46:20,956 Test worker DEBUG Initializing triggering policy SizeBasedTriggeringPolicy(size=3145728)
2021-05-28 15:46:20,956 Log4j2-TF-2-RollingFileManager-2 TRACE IfFileName REJECTED: 'glob:hibernate-*.log.gz' does not match relative path 'service-21-05-19-6.log.gz'
2021-05-28 15:46:20,956 Log4j2-TF-2-RollingFileManager-2 TRACE Not deleting base=.\tmp\log4j2\bak, relative=service-21-05-19-6.log.gz
2021-05-28 15:46:20,956 Test worker DEBUG Building Plugin[name=layout, class=org.apache.logging.log4j.core.layout.PatternLayout].
2021-05-28 15:46:20,956 Log4j2-TF-2-RollingFileManager-2 TRACE IfFileName REJECTED: 'glob:hibernate-*.log.gz' does not match relative path 'service-21-05-19-5.log.gz'
2021-05-28 15:46:20,956 Log4j2-TF-2-RollingFileManager-2 TRACE Not deleting base=.\tmp\log4j2\bak, relative=service-21-05-19-5.log.gz
2021-05-28 15:46:20,956 Log4j2-TF-2-RollingFileManager-2 TRACE IfFileName REJECTED: 'glob:hibernate-*.log.gz' does not match relative path 'service-21-05-19-4.log.gz'
2021-05-28 15:46:20,957 Test worker DEBUG PatternLayout$Builder(pattern="[%d] - [%c] - [%highlight{%level}] - [%method] - [%t] - %msg%n", PatternSelector=null, Configuration(LogConfig), Replace=null, charset="null", alwaysWriteExceptions="null", disableAnsi="null", noConsoleNoAnsi="null", header="null", footer="null")
2021-05-28 15:46:20,957 Log4j2-TF-2-RollingFileManager-2 TRACE Not deleting base=.\tmp\log4j2\bak, relative=service-21-05-19-4.log.gz
2021-05-28 15:46:20,957 Log4j2-TF-2-RollingFileManager-2 TRACE IfFileName REJECTED: 'glob:hibernate-*.log.gz' does not match relative path 'service-21-05-19-3.log.gz'
2021-05-28 15:46:20,957 Log4j2-TF-2-RollingFileManager-2 TRACE Not deleting base=.\tmp\log4j2\bak, relative=service-21-05-19-3.log.gz
2021-05-28 15:46:20,957 Log4j2-TF-2-RollingFileManager-2 TRACE IfFileName REJECTED: 'glob:hibernate-*.log.gz' does not match relative path 'service-21-05-19-2.log.gz'
2021-05-28 15:46:20,957 Log4j2-TF-2-RollingFileManager-2 TRACE Not deleting base=.\tmp\log4j2\bak, relative=service-21-05-19-2.log.gz
2021-05-28 15:46:20,957 Log4j2-TF-2-RollingFileManager-2 TRACE IfFileName REJECTED: 'glob:hibernate-*.log.gz' does not match relative path 'service-21-05-19-1.log.gz'
2021-05-28 15:46:20,957 Test worker DEBUG Building Plugin[name=OnStartupTriggeringPolicy, class=org.apache.logging.log4j.core.appender.rolling.OnStartupTriggeringPolicy].
2021-05-28 15:46:20,958 Log4j2-TF-2-RollingFileManager-2 TRACE Not deleting base=.\tmp\log4j2\bak, relative=service-21-05-19-1.log.gz
2021-05-28 15:46:20,958 Log4j2-TF-2-RollingFileManager-2 TRACE IfFileName REJECTED: 'glob:hibernate-*.log.gz' does not match relative path 'service-21-05-12-9.log.gz'
2021-05-28 15:46:20,958 Test worker DEBUG createPolicy(minSize="1")
2021-05-28 15:46:20,958 Log4j2-TF-2-RollingFileManager-2 TRACE Not deleting base=.\tmp\log4j2\bak, relative=service-21-05-12-9.log.gz
2021-05-28 15:46:20,958 Log4j2-TF-2-RollingFileManager-2 TRACE IfFileName REJECTED: 'glob:hibernate-*.log.gz' does not match relative path 'service-21-05-12-8.log.gz'
2021-05-28 15:46:20,958 Test worker DEBUG Building Plugin[name=TimeBasedTriggeringPolicy, class=org.apache.logging.log4j.core.appender.rolling.TimeBasedTriggeringPolicy].
2021-05-28 15:46:20,958 Log4j2-TF-2-RollingFileManager-2 TRACE Not deleting base=.\tmp\log4j2\bak, relative=service-21-05-12-8.log.gz
2021-05-28 15:46:20,959 Log4j2-TF-2-RollingFileManager-2 TRACE IfFileName REJECTED: 'glob:hibernate-*.log.gz' does not match relative path 'service-21-05-12-7.log.gz'
2021-05-28 15:46:20,959 Test worker DEBUG TimeBasedTriggeringPolicy$Builder(interval="1", modulate="true", maxRandomDelay="null")
2021-05-28 15:46:20,959 Log4j2-TF-2-RollingFileManager-2 TRACE Not deleting base=.\tmp\log4j2\bak, relative=service-21-05-12-7.log.gz
2021-05-28 15:46:20,959 Log4j2-TF-2-RollingFileManager-2 TRACE IfFileName REJECTED: 'glob:hibernate-*.log.gz' does not match relative path 'service-21-05-12-6.log.gz'
2021-05-28 15:46:20,959 Test worker DEBUG Building Plugin[name=SizeBasedTriggeringPolicy, class=org.apache.logging.log4j.core.appender.rolling.SizeBasedTriggeringPolicy].
2021-05-28 15:46:20,959 Log4j2-TF-2-RollingFileManager-2 TRACE Not deleting base=.\tmp\log4j2\bak, relative=service-21-05-12-6.log.gz
2021-05-28 15:46:20,959 Log4j2-TF-2-RollingFileManager-2 TRACE IfFileName REJECTED: 'glob:hibernate-*.log.gz' does not match relative path 'service-21-05-12-5.log.gz'
2021-05-28 15:46:20,959 Test worker DEBUG createPolicy(size="3 MB")
2021-05-28 15:46:20,959 Log4j2-TF-2-RollingFileManager-2 TRACE Not deleting base=.\tmp\log4j2\bak, relative=service-21-05-12-5.log.gz
2021-05-28 15:46:20,960 Log4j2-TF-2-RollingFileManager-2 TRACE IfFileName REJECTED: 'glob:hibernate-*.log.gz' does not match relative path 'service-21-05-12-4.log.gz'
2021-05-28 15:46:20,960 Test worker DEBUG Building Plugin[name=Policies, class=org.apache.logging.log4j.core.appender.rolling.CompositeTriggeringPolicy].
2021-05-28 15:46:20,960 Log4j2-TF-2-RollingFileManager-2 TRACE Not deleting base=.\tmp\log4j2\bak, relative=service-21-05-12-4.log.gz
2021-05-28 15:46:20,960 Log4j2-TF-2-RollingFileManager-2 TRACE IfFileName REJECTED: 'glob:hibernate-*.log.gz' does not match relative path 'service-21-05-12-3.log.gz'
2021-05-28 15:46:20,960 Test worker DEBUG createPolicy(={OnStartupTriggeringPolicy, TimeBasedTriggeringPolicy(nextRolloverMillis=0, interval=1, modulate=true), SizeBasedTriggeringPolicy(size=3145728)})
2021-05-28 15:46:20,960 Log4j2-TF-2-RollingFileManager-2 TRACE Not deleting base=.\tmp\log4j2\bak, relative=service-21-05-12-3.log.gz
2021-05-28 15:46:20,960 Log4j2-TF-2-RollingFileManager-2 TRACE IfFileName REJECTED: 'glob:hibernate-*.log.gz' does not match relative path 'service-21-05-12-2.log.gz'
2021-05-28 15:46:20,960 Test worker DEBUG Building Plugin[name=IfFileName, class=org.apache.logging.log4j.core.appender.rolling.action.IfFileName].
2021-05-28 15:46:20,960 Log4j2-TF-2-RollingFileManager-2 TRACE Not deleting base=.\tmp\log4j2\bak, relative=service-21-05-12-2.log.gz
2021-05-28 15:46:20,961 Log4j2-TF-2-RollingFileManager-2 TRACE IfFileName REJECTED: 'glob:hibernate-*.log.gz' does not match relative path 'service-21-05-12-10.log.gz'
2021-05-28 15:46:20,961 Test worker DEBUG createNameCondition(glob="quartz-*.log.gz", regex="null", ={})
2021-05-28 15:46:20,961 Log4j2-TF-2-RollingFileManager-2 TRACE Not deleting base=.\tmp\log4j2\bak, relative=service-21-05-12-10.log.gz
2021-05-28 15:46:20,961 Test worker DEBUG Building Plugin[name=IfLastModified, class=org.apache.logging.log4j.core.appender.rolling.action.IfLastModified].
2021-05-28 15:46:20,961 Log4j2-TF-2-RollingFileManager-2 TRACE IfFileName REJECTED: 'glob:hibernate-*.log.gz' does not match relative path 'service-21-05-12-1.log.gz'
2021-05-28 15:46:20,961 Log4j2-TF-2-RollingFileManager-2 TRACE Not deleting base=.\tmp\log4j2\bak, relative=service-21-05-12-1.log.gz
2021-05-28 15:46:20,961 Test worker DEBUG createAgeCondition(age="P3D", ={})
2021-05-28 15:46:20,962 Test worker DEBUG Building Plugin[name=Delete, class=org.apache.logging.log4j.core.appender.rolling.action.DeleteAction].
2021-05-28 15:46:20,963 Test worker DEBUG createDeleteAction(basePath="./tmp/log4j2/bak", followLinks="false", maxDepth="1", testMode="false", PathSorter=null, ={IfFileName(glob:quartz-*.log.gz), IfLastModified(age=P3D)}, ScriptCondition=null, Configuration(LogConfig))
2021-05-28 15:46:20,963 Test worker DEBUG Building Plugin[name=DefaultRolloverStrategy, class=org.apache.logging.log4j.core.appender.rolling.DefaultRolloverStrategy].
2021-05-28 15:46:20,964 Test worker DEBUG DefaultRolloverStrategy$Builder(max="null", min="null", fileIndex="null", compressionLevel="null", ={DeleteAction[basePath=.\tmp\log4j2\bak, options=[], maxDepth=1, conditions=[IfFileName(glob:quartz-*.log.gz), IfLastModified(age=P3D)]]}, stopCustomActionsOnError="null", tempCompressedFilePattern="null", Configuration(LogConfig))
2021-05-28 15:46:20,964 Test worker DEBUG Building Plugin[name=appender, class=org.apache.logging.log4j.core.appender.RollingFileAppender].
2021-05-28 15:46:20,965 Test worker DEBUG RollingFileAppender$Builder(fileName="./tmp/log4j2/quartz.log", filePattern="./tmp/log4j2/bak/quartz-%d{yy-MM-dd}-%i.log.gz", append="null", locking="null", Policies(CompositeTriggeringPolicy(policies=[OnStartupTriggeringPolicy, TimeBasedTriggeringPolicy(nextRolloverMillis=0, interval=1, modulate=true), SizeBasedTriggeringPolicy(size=3145728)])), DefaultRolloverStrategy(DefaultRolloverStrategy(min=1, max=7, useMax=true)), advertise="null", advertiseUri="null", createOnDemand="null", filePermissions="null", fileOwner="null", fileGroup="null", bufferedIo="null", bufferSize="null", immediateFlush="null", ignoreExceptions="null", PatternLayout([%d] - [%c] - [%highlight{%level}] - [%method] - [%t] - %msg%n), name="quartz", Configuration(LogConfig), Filter=null, ={})
2021-05-28 15:46:20,966 Test worker TRACE New file './tmp/log4j2/quartz.log' created = false
2021-05-28 15:46:20,967 Test worker DEBUG Returning file creation time for C:\Users\user\eclipse-workspace\xmldemo\.\tmp\log4j2\quartz.log
2021-05-28 15:46:20,967 Test worker DEBUG Starting RollingFileManager ./tmp/log4j2/quartz.log
2021-05-28 15:46:20,967 Test worker DEBUG PluginManager 'FileConverter' found 2 plugins
2021-05-28 15:46:20,968 Test worker DEBUG Setting prev file time to 2021-05-19T08:57:15.712+0800
2021-05-28 15:46:20,968 Test worker DEBUG Initializing triggering policy CompositeTriggeringPolicy(policies=[OnStartupTriggeringPolicy, TimeBasedTriggeringPolicy(nextRolloverMillis=0, interval=1, modulate=true), SizeBasedTriggeringPolicy(size=3145728)])
2021-05-28 15:46:20,968 Test worker DEBUG Initializing triggering policy OnStartupTriggeringPolicy
2021-05-28 15:46:20,968 Test worker DEBUG Initializing triggering policy TimeBasedTriggeringPolicy(nextRolloverMillis=0, interval=1, modulate=true)
2021-05-28 15:46:20,969 Test worker TRACE PatternProcessor.getNextTime returning 2021/05/20-00:00:00.000, nextFileTime=2021/05/19-00:00:00.000, prevFileTime=1970/01/01-08:00:00.000, current=2021/05/28-15:46:20.969, freq=DAILY
2021-05-28 15:46:20,969 Test worker TRACE PatternProcessor.getNextTime returning 2021/05/20-00:00:00.000, nextFileTime=2021/05/19-00:00:00.000, prevFileTime=2021/05/19-00:00:00.000, current=2021/05/28-15:46:20.969, freq=DAILY
2021-05-28 15:46:20,969 Test worker DEBUG Initializing triggering policy SizeBasedTriggeringPolicy(size=3145728)
2021-05-28 15:46:20,969 Test worker DEBUG Building Plugin[name=layout, class=org.apache.logging.log4j.core.layout.PatternLayout].
2021-05-28 15:46:20,970 Test worker DEBUG PatternLayout$Builder(pattern="[%d] - [%c] - [%highlight{%level}] - [%method] - [%t] - %msg%n", PatternSelector=null, Configuration(LogConfig), Replace=null, charset="null", alwaysWriteExceptions="null", disableAnsi="null", noConsoleNoAnsi="null", header="null", footer="null")
2021-05-28 15:46:20,971 Test worker DEBUG Building Plugin[name=OnStartupTriggeringPolicy, class=org.apache.logging.log4j.core.appender.rolling.OnStartupTriggeringPolicy].
2021-05-28 15:46:20,971 Test worker DEBUG createPolicy(minSize="1")
2021-05-28 15:46:20,972 Test worker DEBUG Building Plugin[name=TimeBasedTriggeringPolicy, class=org.apache.logging.log4j.core.appender.rolling.TimeBasedTriggeringPolicy].
2021-05-28 15:46:20,972 Test worker DEBUG TimeBasedTriggeringPolicy$Builder(interval="1", modulate="true", maxRandomDelay="null")
2021-05-28 15:46:20,973 Test worker DEBUG Building Plugin[name=SizeBasedTriggeringPolicy, class=org.apache.logging.log4j.core.appender.rolling.SizeBasedTriggeringPolicy].
2021-05-28 15:46:20,973 Test worker DEBUG createPolicy(size="3 MB")
2021-05-28 15:46:20,973 Test worker DEBUG Building Plugin[name=Policies, class=org.apache.logging.log4j.core.appender.rolling.CompositeTriggeringPolicy].
2021-05-28 15:46:20,974 Test worker DEBUG createPolicy(={OnStartupTriggeringPolicy, TimeBasedTriggeringPolicy(nextRolloverMillis=0, interval=1, modulate=true), SizeBasedTriggeringPolicy(size=3145728)})
2021-05-28 15:46:20,974 Test worker DEBUG Building Plugin[name=IfFileName, class=org.apache.logging.log4j.core.appender.rolling.action.IfFileName].
2021-05-28 15:46:20,974 Test worker DEBUG createNameCondition(glob="broker-*.log.gz", regex="null", ={})
2021-05-28 15:46:20,974 Test worker DEBUG Building Plugin[name=IfLastModified, class=org.apache.logging.log4j.core.appender.rolling.action.IfLastModified].
2021-05-28 15:46:20,975 Test worker DEBUG createAgeCondition(age="P3D", ={})
2021-05-28 15:46:20,975 Test worker DEBUG Building Plugin[name=Delete, class=org.apache.logging.log4j.core.appender.rolling.action.DeleteAction].
2021-05-28 15:46:20,975 Test worker DEBUG createDeleteAction(basePath="./tmp/log4j2/bak", followLinks="false", maxDepth="1", testMode="false", PathSorter=null, ={IfFileName(glob:broker-*.log.gz), IfLastModified(age=P3D)}, ScriptCondition=null, Configuration(LogConfig))
2021-05-28 15:46:20,975 Test worker DEBUG Building Plugin[name=DefaultRolloverStrategy, class=org.apache.logging.log4j.core.appender.rolling.DefaultRolloverStrategy].
2021-05-28 15:46:20,976 Test worker DEBUG DefaultRolloverStrategy$Builder(max="null", min="null", fileIndex="null", compressionLevel="null", ={DeleteAction[basePath=.\tmp\log4j2\bak, options=[], maxDepth=1, conditions=[IfFileName(glob:broker-*.log.gz), IfLastModified(age=P3D)]]}, stopCustomActionsOnError="null", tempCompressedFilePattern="null", Configuration(LogConfig))
2021-05-28 15:46:20,976 Test worker DEBUG Building Plugin[name=appender, class=org.apache.logging.log4j.core.appender.RollingFileAppender].
2021-05-28 15:46:20,977 Test worker DEBUG RollingFileAppender$Builder(fileName="./tmp/log4j2/broker.log", filePattern="./tmp/log4j2/bak/broker-%d{yy-MM-dd}-%i.log.gz", append="null", locking="null", Policies(CompositeTriggeringPolicy(policies=[OnStartupTriggeringPolicy, TimeBasedTriggeringPolicy(nextRolloverMillis=0, interval=1, modulate=true), SizeBasedTriggeringPolicy(size=3145728)])), DefaultRolloverStrategy(DefaultRolloverStrategy(min=1, max=7, useMax=true)), advertise="null", advertiseUri="null", createOnDemand="null", filePermissions="null", fileOwner="null", fileGroup="null", bufferedIo="null", bufferSize="null", immediateFlush="null", ignoreExceptions="null", PatternLayout([%d] - [%c] - [%highlight{%level}] - [%method] - [%t] - %msg%n), name="broker", Configuration(LogConfig), Filter=null, ={})
2021-05-28 15:46:20,978 Test worker TRACE New file './tmp/log4j2/broker.log' created = false
2021-05-28 15:46:20,979 Test worker DEBUG Returning file creation time for C:\Users\user\eclipse-workspace\xmldemo\.\tmp\log4j2\broker.log
2021-05-28 15:46:20,979 Test worker DEBUG Starting RollingFileManager ./tmp/log4j2/broker.log
2021-05-28 15:46:20,979 Test worker DEBUG PluginManager 'FileConverter' found 2 plugins
2021-05-28 15:46:20,979 Test worker DEBUG Setting prev file time to 2021-05-19T08:57:15.722+0800
2021-05-28 15:46:20,980 Test worker DEBUG Initializing triggering policy CompositeTriggeringPolicy(policies=[OnStartupTriggeringPolicy, TimeBasedTriggeringPolicy(nextRolloverMillis=0, interval=1, modulate=true), SizeBasedTriggeringPolicy(size=3145728)])
2021-05-28 15:46:20,980 Test worker DEBUG Initializing triggering policy OnStartupTriggeringPolicy
2021-05-28 15:46:20,980 Test worker DEBUG Initializing triggering policy TimeBasedTriggeringPolicy(nextRolloverMillis=0, interval=1, modulate=true)
2021-05-28 15:46:20,980 Test worker TRACE PatternProcessor.getNextTime returning 2021/05/20-00:00:00.000, nextFileTime=2021/05/19-00:00:00.000, prevFileTime=1970/01/01-08:00:00.000, current=2021/05/28-15:46:20.980, freq=DAILY
2021-05-28 15:46:20,981 Test worker TRACE PatternProcessor.getNextTime returning 2021/05/20-00:00:00.000, nextFileTime=2021/05/19-00:00:00.000, prevFileTime=2021/05/19-00:00:00.000, current=2021/05/28-15:46:20.980, freq=DAILY
2021-05-28 15:46:20,981 Test worker DEBUG Initializing triggering policy SizeBasedTriggeringPolicy(size=3145728)
2021-05-28 15:46:20,981 Test worker DEBUG Building Plugin[name=layout, class=org.apache.logging.log4j.core.layout.PatternLayout].
2021-05-28 15:46:20,981 Test worker DEBUG PatternLayout$Builder(pattern="[%d] - [%c] - [%highlight{%level}] - [%method] - [%t] - %msg%n", PatternSelector=null, Configuration(LogConfig), Replace=null, charset="null", alwaysWriteExceptions="null", disableAnsi="null", noConsoleNoAnsi="null", header="null", footer="null")
2021-05-28 15:46:20,982 Test worker DEBUG Building Plugin[name=OnStartupTriggeringPolicy, class=org.apache.logging.log4j.core.appender.rolling.OnStartupTriggeringPolicy].
2021-05-28 15:46:20,982 Test worker DEBUG createPolicy(minSize="1")
2021-05-28 15:46:20,982 Test worker DEBUG Building Plugin[name=TimeBasedTriggeringPolicy, class=org.apache.logging.log4j.core.appender.rolling.TimeBasedTriggeringPolicy].
2021-05-28 15:46:20,983 Test worker DEBUG TimeBasedTriggeringPolicy$Builder(interval="1", modulate="true", maxRandomDelay="null")
2021-05-28 15:46:20,983 Test worker DEBUG Building Plugin[name=SizeBasedTriggeringPolicy, class=org.apache.logging.log4j.core.appender.rolling.SizeBasedTriggeringPolicy].
2021-05-28 15:46:20,983 Test worker DEBUG createPolicy(size="3 MB")
2021-05-28 15:46:20,984 Test worker DEBUG Building Plugin[name=Policies, class=org.apache.logging.log4j.core.appender.rolling.CompositeTriggeringPolicy].
2021-05-28 15:46:20,984 Test worker DEBUG createPolicy(={OnStartupTriggeringPolicy, TimeBasedTriggeringPolicy(nextRolloverMillis=0, interval=1, modulate=true), SizeBasedTriggeringPolicy(size=3145728)})
2021-05-28 15:46:20,984 Test worker DEBUG Building Plugin[name=IfFileName, class=org.apache.logging.log4j.core.appender.rolling.action.IfFileName].
2021-05-28 15:46:20,985 Test worker DEBUG createNameCondition(glob="producer-*.log.gz", regex="null", ={})
2021-05-28 15:46:20,985 Test worker DEBUG Building Plugin[name=IfLastModified, class=org.apache.logging.log4j.core.appender.rolling.action.IfLastModified].
2021-05-28 15:46:20,986 Test worker DEBUG createAgeCondition(age="P3D", ={})
2021-05-28 15:46:20,986 Test worker DEBUG Building Plugin[name=Delete, class=org.apache.logging.log4j.core.appender.rolling.action.DeleteAction].
2021-05-28 15:46:20,987 Test worker DEBUG createDeleteAction(basePath="./tmp/log4j2/bak", followLinks="false", maxDepth="1", testMode="false", PathSorter=null, ={IfFileName(glob:producer-*.log.gz), IfLastModified(age=P3D)}, ScriptCondition=null, Configuration(LogConfig))
2021-05-28 15:46:20,987 Test worker DEBUG Building Plugin[name=DefaultRolloverStrategy, class=org.apache.logging.log4j.core.appender.rolling.DefaultRolloverStrategy].
2021-05-28 15:46:20,988 Test worker DEBUG DefaultRolloverStrategy$Builder(max="null", min="null", fileIndex="null", compressionLevel="null", ={DeleteAction[basePath=.\tmp\log4j2\bak, options=[], maxDepth=1, conditions=[IfFileName(glob:producer-*.log.gz), IfLastModified(age=P3D)]]}, stopCustomActionsOnError="null", tempCompressedFilePattern="null", Configuration(LogConfig))
2021-05-28 15:46:20,988 Test worker DEBUG Building Plugin[name=appender, class=org.apache.logging.log4j.core.appender.RollingFileAppender].
2021-05-28 15:46:20,989 Test worker DEBUG RollingFileAppender$Builder(fileName="./tmp/log4j2/producer.log", filePattern="./tmp/log4j2/bak/producer-%d{yy-MM-dd}-%i.log.gz", append="null", locking="null", Policies(CompositeTriggeringPolicy(policies=[OnStartupTriggeringPolicy, TimeBasedTriggeringPolicy(nextRolloverMillis=0, interval=1, modulate=true), SizeBasedTriggeringPolicy(size=3145728)])), DefaultRolloverStrategy(DefaultRolloverStrategy(min=1, max=7, useMax=true)), advertise="null", advertiseUri="null", createOnDemand="null", filePermissions="null", fileOwner="null", fileGroup="null", bufferedIo="null", bufferSize="null", immediateFlush="null", ignoreExceptions="null", PatternLayout([%d] - [%c] - [%highlight{%level}] - [%method] - [%t] - %msg%n), name="producer", Configuration(LogConfig), Filter=null, ={})
2021-05-28 15:46:20,990 Test worker TRACE New file './tmp/log4j2/producer.log' created = false
2021-05-28 15:46:20,991 Test worker DEBUG Returning file creation time for C:\Users\user\eclipse-workspace\xmldemo\.\tmp\log4j2\producer.log
2021-05-28 15:46:20,992 Test worker DEBUG Starting RollingFileManager ./tmp/log4j2/producer.log
2021-05-28 15:46:20,993 Test worker DEBUG PluginManager 'FileConverter' found 2 plugins
2021-05-28 15:46:20,994 Test worker DEBUG Setting prev file time to 2021-05-19T08:57:15.732+0800
2021-05-28 15:46:20,994 Test worker DEBUG Initializing triggering policy CompositeTriggeringPolicy(policies=[OnStartupTriggeringPolicy, TimeBasedTriggeringPolicy(nextRolloverMillis=0, interval=1, modulate=true), SizeBasedTriggeringPolicy(size=3145728)])
2021-05-28 15:46:20,994 Test worker DEBUG Initializing triggering policy OnStartupTriggeringPolicy
2021-05-28 15:46:20,995 Test worker DEBUG Initializing triggering policy TimeBasedTriggeringPolicy(nextRolloverMillis=0, interval=1, modulate=true)
2021-05-28 15:46:20,995 Test worker TRACE PatternProcessor.getNextTime returning 2021/05/20-00:00:00.000, nextFileTime=2021/05/19-00:00:00.000, prevFileTime=1970/01/01-08:00:00.000, current=2021/05/28-15:46:20.995, freq=DAILY
2021-05-28 15:46:20,996 Test worker TRACE PatternProcessor.getNextTime returning 2021/05/20-00:00:00.000, nextFileTime=2021/05/19-00:00:00.000, prevFileTime=2021/05/19-00:00:00.000, current=2021/05/28-15:46:20.995, freq=DAILY
2021-05-28 15:46:20,996 Test worker DEBUG Initializing triggering policy SizeBasedTriggeringPolicy(size=3145728)
2021-05-28 15:46:20,996 Test worker DEBUG Building Plugin[name=layout, class=org.apache.logging.log4j.core.layout.PatternLayout].
2021-05-28 15:46:20,997 Test worker DEBUG PatternLayout$Builder(pattern="[%d] - [%c] - [%highlight{%level}] - [%method] - [%t] - %msg%n", PatternSelector=null, Configuration(LogConfig), Replace=null, charset="null", alwaysWriteExceptions="null", disableAnsi="null", noConsoleNoAnsi="null", header="null", footer="null")
2021-05-28 15:46:20,997 Test worker DEBUG Building Plugin[name=OnStartupTriggeringPolicy, class=org.apache.logging.log4j.core.appender.rolling.OnStartupTriggeringPolicy].
2021-05-28 15:46:20,998 Test worker DEBUG createPolicy(minSize="1")
2021-05-28 15:46:20,998 Test worker DEBUG Building Plugin[name=TimeBasedTriggeringPolicy, class=org.apache.logging.log4j.core.appender.rolling.TimeBasedTriggeringPolicy].
2021-05-28 15:46:20,998 Test worker DEBUG TimeBasedTriggeringPolicy$Builder(interval="1", modulate="true", maxRandomDelay="null")
2021-05-28 15:46:20,999 Test worker DEBUG Building Plugin[name=SizeBasedTriggeringPolicy, class=org.apache.logging.log4j.core.appender.rolling.SizeBasedTriggeringPolicy].
2021-05-28 15:46:20,999 Test worker DEBUG createPolicy(size="3 MB")
2021-05-28 15:46:21,000 Test worker DEBUG Building Plugin[name=Policies, class=org.apache.logging.log4j.core.appender.rolling.CompositeTriggeringPolicy].
2021-05-28 15:46:21,000 Test worker DEBUG createPolicy(={OnStartupTriggeringPolicy, TimeBasedTriggeringPolicy(nextRolloverMillis=0, interval=1, modulate=true), SizeBasedTriggeringPolicy(size=3145728)})
2021-05-28 15:46:21,000 Test worker DEBUG Building Plugin[name=IfFileName, class=org.apache.logging.log4j.core.appender.rolling.action.IfFileName].
2021-05-28 15:46:21,001 Test worker DEBUG createNameCondition(glob="producer-*.log.gz", regex="null", ={})
2021-05-28 15:46:21,001 Test worker DEBUG Building Plugin[name=IfLastModified, class=org.apache.logging.log4j.core.appender.rolling.action.IfLastModified].
2021-05-28 15:46:21,002 Test worker DEBUG createAgeCondition(age="P3D", ={})
2021-05-28 15:46:21,002 Test worker DEBUG Building Plugin[name=Delete, class=org.apache.logging.log4j.core.appender.rolling.action.DeleteAction].
2021-05-28 15:46:21,003 Test worker DEBUG createDeleteAction(basePath="./tmp/log4j2/bak", followLinks="false", maxDepth="1", testMode="false", PathSorter=null, ={IfFileName(glob:producer-*.log.gz), IfLastModified(age=P3D)}, ScriptCondition=null, Configuration(LogConfig))
2021-05-28 15:46:21,003 Test worker DEBUG Building Plugin[name=DefaultRolloverStrategy, class=org.apache.logging.log4j.core.appender.rolling.DefaultRolloverStrategy].
2021-05-28 15:46:21,003 Test worker DEBUG DefaultRolloverStrategy$Builder(max="null", min="null", fileIndex="null", compressionLevel="null", ={DeleteAction[basePath=.\tmp\log4j2\bak, options=[], maxDepth=1, conditions=[IfFileName(glob:producer-*.log.gz), IfLastModified(age=P3D)]]}, stopCustomActionsOnError="null", tempCompressedFilePattern="null", Configuration(LogConfig))
2021-05-28 15:46:21,004 Test worker DEBUG Building Plugin[name=appender, class=org.apache.logging.log4j.core.appender.RollingFileAppender].
2021-05-28 15:46:21,004 Test worker DEBUG RollingFileAppender$Builder(fileName="./tmp/log4j2/consumer.log", filePattern="./tmp/log4j2/bak/consumer-%d{yy-MM-dd}-%i.log.gz", append="null", locking="null", Policies(CompositeTriggeringPolicy(policies=[OnStartupTriggeringPolicy, TimeBasedTriggeringPolicy(nextRolloverMillis=0, interval=1, modulate=true), SizeBasedTriggeringPolicy(size=3145728)])), DefaultRolloverStrategy(DefaultRolloverStrategy(min=1, max=7, useMax=true)), advertise="null", advertiseUri="null", createOnDemand="null", filePermissions="null", fileOwner="null", fileGroup="null", bufferedIo="null", bufferSize="null", immediateFlush="null", ignoreExceptions="null", PatternLayout([%d] - [%c] - [%highlight{%level}] - [%method] - [%t] - %msg%n), name="consumer", Configuration(LogConfig), Filter=null, ={})
2021-05-28 15:46:21,005 Test worker TRACE New file './tmp/log4j2/consumer.log' created = false
2021-05-28 15:46:21,006 Test worker DEBUG Returning file creation time for C:\Users\user\eclipse-workspace\xmldemo\.\tmp\log4j2\consumer.log
2021-05-28 15:46:21,006 Test worker DEBUG Starting RollingFileManager ./tmp/log4j2/consumer.log
2021-05-28 15:46:21,007 Test worker DEBUG PluginManager 'FileConverter' found 2 plugins
2021-05-28 15:46:21,007 Test worker DEBUG Setting prev file time to 2021-05-19T08:57:15.746+0800
2021-05-28 15:46:21,007 Test worker DEBUG Initializing triggering policy CompositeTriggeringPolicy(policies=[OnStartupTriggeringPolicy, TimeBasedTriggeringPolicy(nextRolloverMillis=0, interval=1, modulate=true), SizeBasedTriggeringPolicy(size=3145728)])
2021-05-28 15:46:21,008 Test worker DEBUG Initializing triggering policy OnStartupTriggeringPolicy
2021-05-28 15:46:21,008 Test worker DEBUG Initializing triggering policy TimeBasedTriggeringPolicy(nextRolloverMillis=0, interval=1, modulate=true)
2021-05-28 15:46:21,009 Test worker TRACE PatternProcessor.getNextTime returning 2021/05/20-00:00:00.000, nextFileTime=2021/05/19-00:00:00.000, prevFileTime=1970/01/01-08:00:00.000, current=2021/05/28-15:46:21.008, freq=DAILY
2021-05-28 15:46:21,009 Test worker TRACE PatternProcessor.getNextTime returning 2021/05/20-00:00:00.000, nextFileTime=2021/05/19-00:00:00.000, prevFileTime=2021/05/19-00:00:00.000, current=2021/05/28-15:46:21.009, freq=DAILY
2021-05-28 15:46:21,009 Test worker DEBUG Initializing triggering policy SizeBasedTriggeringPolicy(size=3145728)
2021-05-28 15:46:21,010 Test worker DEBUG Building Plugin[name=appenders, class=org.apache.logging.log4j.core.config.AppendersPlugin].
2021-05-28 15:46:21,010 Test worker DEBUG createAppenders(={stdout, service, hibernate, activemq, quartz, broker, producer, consumer})
2021-05-28 15:46:21,011 Test worker DEBUG Building Plugin[name=AppenderRef, class=org.apache.logging.log4j.core.config.AppenderRef].
2021-05-28 15:46:21,011 Test worker DEBUG createAppenderRef(ref="activemq", level="null", Filter=null)
2021-05-28 15:46:21,012 Test worker DEBUG Building Plugin[name=AppenderRef, class=org.apache.logging.log4j.core.config.AppenderRef].
2021-05-28 15:46:21,012 Test worker DEBUG createAppenderRef(ref="stdout", level="null", Filter=null)
2021-05-28 15:46:21,012 Test worker DEBUG Building Plugin[name=logger, class=org.apache.logging.log4j.core.config.LoggerConfig].
2021-05-28 15:46:21,014 Test worker DEBUG createLogger(additivity="false", level="DEBUG", name="org.apache.activemq", includeLocation="null", ={activemq, stdout}, ={}, Configuration(LogConfig), Filter=null)
2021-05-28 15:46:21,016 Test worker DEBUG Building Plugin[name=AppenderRef, class=org.apache.logging.log4j.core.config.AppenderRef].
2021-05-28 15:46:21,016 Test worker DEBUG createAppenderRef(ref="hibernate", level="null", Filter=null)
2021-05-28 15:46:21,016 Test worker DEBUG Building Plugin[name=AppenderRef, class=org.apache.logging.log4j.core.config.AppenderRef].
2021-05-28 15:46:21,017 Test worker DEBUG createAppenderRef(ref="stdout", level="null", Filter=null)
2021-05-28 15:46:21,017 Test worker DEBUG Building Plugin[name=logger, class=org.apache.logging.log4j.core.config.LoggerConfig].
2021-05-28 15:46:21,017 Test worker DEBUG createLogger(additivity="false", level="DEBUG", name="org.hibernate", includeLocation="null", ={hibernate, stdout}, ={}, Configuration(LogConfig), Filter=null)
2021-05-28 15:46:21,018 Test worker DEBUG Building Plugin[name=AppenderRef, class=org.apache.logging.log4j.core.config.AppenderRef].
2021-05-28 15:46:21,018 Test worker DEBUG createAppenderRef(ref="quartz", level="null", Filter=null)
2021-05-28 15:46:21,018 Test worker DEBUG Building Plugin[name=AppenderRef, class=org.apache.logging.log4j.core.config.AppenderRef].
2021-05-28 15:46:21,018 Test worker DEBUG createAppenderRef(ref="stdout", level="null", Filter=null)
2021-05-28 15:46:21,019 Test worker DEBUG Building Plugin[name=logger, class=org.apache.logging.log4j.core.config.LoggerConfig].
2021-05-28 15:46:21,019 Test worker DEBUG createLogger(additivity="false", level="DEBUG", name="org.quartz", includeLocation="null", ={quartz, stdout}, ={}, Configuration(LogConfig), Filter=null)
2021-05-28 15:46:21,019 Test worker DEBUG Building Plugin[name=AppenderRef, class=org.apache.logging.log4j.core.config.AppenderRef].
2021-05-28 15:46:21,020 Test worker DEBUG createAppenderRef(ref="broker", level="null", Filter=null)
2021-05-28 15:46:21,020 Test worker DEBUG Building Plugin[name=AppenderRef, class=org.apache.logging.log4j.core.config.AppenderRef].
2021-05-28 15:46:21,020 Test worker DEBUG createAppenderRef(ref="stdout", level="null", Filter=null)
2021-05-28 15:46:21,020 Test worker DEBUG Building Plugin[name=logger, class=org.apache.logging.log4j.core.config.LoggerConfig].
2021-05-28 15:46:21,021 Test worker DEBUG createLogger(additivity="false", level="DEBUG", name="org.apache.activemq.broker", includeLocation="null", ={broker, stdout}, ={}, Configuration(LogConfig), Filter=null)
2021-05-28 15:46:21,021 Test worker DEBUG Building Plugin[name=AppenderRef, class=org.apache.logging.log4j.core.config.AppenderRef].
2021-05-28 15:46:21,021 Test worker DEBUG createAppenderRef(ref="producer", level="null", Filter=null)
2021-05-28 15:46:21,021 Test worker DEBUG Building Plugin[name=AppenderRef, class=org.apache.logging.log4j.core.config.AppenderRef].
2021-05-28 15:46:21,022 Test worker DEBUG createAppenderRef(ref="stdout", level="null", Filter=null)
2021-05-28 15:46:21,022 Test worker DEBUG Building Plugin[name=logger, class=org.apache.logging.log4j.core.config.LoggerConfig].
2021-05-28 15:46:21,022 Test worker DEBUG createLogger(additivity="false", level="DEBUG", name="com.ares.mq.jms.swift.SwiftMessageProducer", includeLocation="null", ={producer, stdout}, ={}, Configuration(LogConfig), Filter=null)
2021-05-28 15:46:21,022 Test worker DEBUG Building Plugin[name=AppenderRef, class=org.apache.logging.log4j.core.config.AppenderRef].
2021-05-28 15:46:21,023 Test worker DEBUG createAppenderRef(ref="consumer", level="null", Filter=null)
2021-05-28 15:46:21,023 Test worker DEBUG Building Plugin[name=AppenderRef, class=org.apache.logging.log4j.core.config.AppenderRef].
2021-05-28 15:46:21,024 Test worker DEBUG createAppenderRef(ref="stdout", level="null", Filter=null)
2021-05-28 15:46:21,024 Test worker DEBUG Building Plugin[name=logger, class=org.apache.logging.log4j.core.config.LoggerConfig].
2021-05-28 15:46:21,025 Test worker DEBUG createLogger(additivity="false", level="DEBUG", name="com.ares.mq.jms.swift.SwiftMessageConsumer", includeLocation="null", ={consumer, stdout}, ={}, Configuration(LogConfig), Filter=null)
2021-05-28 15:46:21,026 Test worker DEBUG Building Plugin[name=AppenderRef, class=org.apache.logging.log4j.core.config.AppenderRef].
2021-05-28 15:46:21,026 Test worker DEBUG createAppenderRef(ref="stdout", level="null", Filter=null)
2021-05-28 15:46:21,026 Test worker DEBUG Building Plugin[name=AppenderRef, class=org.apache.logging.log4j.core.config.AppenderRef].
2021-05-28 15:46:21,027 Test worker DEBUG createAppenderRef(ref="service", level="null", Filter=null)
2021-05-28 15:46:21,027 Test worker DEBUG Building Plugin[name=root, class=org.apache.logging.log4j.core.config.LoggerConfig$RootLogger].
2021-05-28 15:46:21,027 Test worker DEBUG createLogger(additivity="null", level="INFO", includeLocation="null", ={stdout, service}, ={}, Configuration(LogConfig), Filter=null)
2021-05-28 15:46:21,029 Test worker DEBUG Building Plugin[name=loggers, class=org.apache.logging.log4j.core.config.LoggersPlugin].
2021-05-28 15:46:21,029 Test worker DEBUG createLoggers(={org.apache.activemq, org.hibernate, org.quartz, org.apache.activemq.broker, com.ares.mq.jms.swift.SwiftMessageProducer, com.ares.mq.jms.swift.SwiftMessageConsumer, root})
2021-05-28 15:46:21,030 Test worker DEBUG Configuration XmlConfiguration[location=C:\Users\user\eclipse-workspace\xmldemo\build\resources\main\log4j2.xml] initialized
2021-05-28 15:46:21,031 Test worker DEBUG Starting configuration XmlConfiguration[location=C:\Users\user\eclipse-workspace\xmldemo\build\resources\main\log4j2.xml]
2021-05-28 15:46:21,031 Test worker DEBUG Started configuration XmlConfiguration[location=C:\Users\user\eclipse-workspace\xmldemo\build\resources\main\log4j2.xml] OK.
2021-05-28 15:46:21,032 Test worker TRACE Stopping org.apache.logging.log4j.core.config.DefaultConfiguration@4ca1012...
2021-05-28 15:46:21,032 Test worker TRACE DefaultConfiguration notified 1 ReliabilityStrategies that config will be stopped.
2021-05-28 15:46:21,032 Test worker TRACE DefaultConfiguration stopping root LoggerConfig.
2021-05-28 15:46:21,033 Test worker TRACE DefaultConfiguration notifying ReliabilityStrategies that appenders will be stopped.
2021-05-28 15:46:21,033 Test worker TRACE DefaultConfiguration stopping remaining Appenders.
2021-05-28 15:46:21,033 Test worker DEBUG Shutting down OutputStreamManager SYSTEM_OUT.false.false-1
2021-05-28 15:46:21,033 Test worker DEBUG Shut down OutputStreamManager SYSTEM_OUT.false.false-1, all resources released: true
2021-05-28 15:46:21,034 Test worker DEBUG Appender DefaultConsole-1 stopped with status true
2021-05-28 15:46:21,034 Test worker TRACE DefaultConfiguration stopped 1 remaining Appenders.
2021-05-28 15:46:21,034 Test worker TRACE DefaultConfiguration cleaning Appenders from 1 LoggerConfigs.
2021-05-28 15:46:21,034 Test worker DEBUG Stopped org.apache.logging.log4j.core.config.DefaultConfiguration@4ca1012 OK
2021-05-28 15:46:21,065 Test worker TRACE Reregistering MBeans after reconfigure. Selector=org.apache.logging.log4j.core.selector.ClassLoaderContextSelector@7036f486
2021-05-28 15:46:21,065 Test worker TRACE Reregistering context (1/1): '73d16e93' org.apache.logging.log4j.core.LoggerContext@51550c56
2021-05-28 15:46:21,066 Test worker TRACE Unregistering but no MBeans found matching 'org.apache.logging.log4j2:type=73d16e93'
2021-05-28 15:46:21,066 Test worker TRACE Unregistering but no MBeans found matching 'org.apache.logging.log4j2:type=73d16e93,component=StatusLogger'
2021-05-28 15:46:21,066 Test worker TRACE Unregistering but no MBeans found matching 'org.apache.logging.log4j2:type=73d16e93,component=ContextSelector'
2021-05-28 15:46:21,067 Test worker TRACE Unregistering but no MBeans found matching 'org.apache.logging.log4j2:type=73d16e93,component=Loggers,name=*'
2021-05-28 15:46:21,067 Test worker TRACE Unregistering but no MBeans found matching 'org.apache.logging.log4j2:type=73d16e93,component=Appenders,name=*'
2021-05-28 15:46:21,067 Test worker TRACE Unregistering but no MBeans found matching 'org.apache.logging.log4j2:type=73d16e93,component=AsyncAppenders,name=*'
2021-05-28 15:46:21,067 Test worker TRACE Unregistering but no MBeans found matching 'org.apache.logging.log4j2:type=73d16e93,component=AsyncLoggerRingBuffer'
2021-05-28 15:46:21,068 Test worker TRACE Unregistering but no MBeans found matching 'org.apache.logging.log4j2:type=73d16e93,component=Loggers,name=*,subtype=RingBuffer'
2021-05-28 15:46:21,069 Test worker DEBUG Registering MBean org.apache.logging.log4j2:type=73d16e93
2021-05-28 15:46:21,072 Test worker DEBUG Registering MBean org.apache.logging.log4j2:type=73d16e93,component=StatusLogger
2021-05-28 15:46:21,073 Test worker DEBUG Registering MBean org.apache.logging.log4j2:type=73d16e93,component=ContextSelector
2021-05-28 15:46:21,075 Test worker DEBUG Registering MBean org.apache.logging.log4j2:type=73d16e93,component=Loggers,name=org.apache.activemq.broker
2021-05-28 15:46:21,075 Test worker DEBUG Registering MBean org.apache.logging.log4j2:type=73d16e93,component=Loggers,name=
2021-05-28 15:46:21,076 Test worker DEBUG Registering MBean org.apache.logging.log4j2:type=73d16e93,component=Loggers,name=org.apache.activemq
2021-05-28 15:46:21,076 Test worker DEBUG Registering MBean org.apache.logging.log4j2:type=73d16e93,component=Loggers,name=com.ares.mq.jms.swift.SwiftMessageConsumer
2021-05-28 15:46:21,076 Test worker DEBUG Registering MBean org.apache.logging.log4j2:type=73d16e93,component=Loggers,name=com.ares.mq.jms.swift.SwiftMessageProducer
2021-05-28 15:46:21,077 Test worker DEBUG Registering MBean org.apache.logging.log4j2:type=73d16e93,component=Loggers,name=org.hibernate
2021-05-28 15:46:21,077 Test worker DEBUG Registering MBean org.apache.logging.log4j2:type=73d16e93,component=Loggers,name=org.quartz
2021-05-28 15:46:21,078 Test worker DEBUG Registering MBean org.apache.logging.log4j2:type=73d16e93,component=Appenders,name=activemq
2021-05-28 15:46:21,078 Test worker DEBUG Registering MBean org.apache.logging.log4j2:type=73d16e93,component=Appenders,name=stdout
2021-05-28 15:46:21,079 Test worker DEBUG Registering MBean org.apache.logging.log4j2:type=73d16e93,component=Appenders,name=service
2021-05-28 15:46:21,079 Test worker DEBUG Registering MBean org.apache.logging.log4j2:type=73d16e93,component=Appenders,name=quartz
2021-05-28 15:46:21,079 Test worker DEBUG Registering MBean org.apache.logging.log4j2:type=73d16e93,component=Appenders,name=producer
2021-05-28 15:46:21,079 Test worker DEBUG Registering MBean org.apache.logging.log4j2:type=73d16e93,component=Appenders,name=hibernate
2021-05-28 15:46:21,080 Test worker DEBUG Registering MBean org.apache.logging.log4j2:type=73d16e93,component=Appenders,name=broker
2021-05-28 15:46:21,080 Test worker DEBUG Registering MBean org.apache.logging.log4j2:type=73d16e93,component=Appenders,name=consumer
2021-05-28 15:46:21,080 Test worker TRACE Using DummyNanoClock for nanosecond timestamps.
2021-05-28 15:46:21,080 Test worker DEBUG Reconfiguration complete for context[name=73d16e93] at URI C:\Users\user\eclipse-workspace\xmldemo\build\resources\main\log4j2.xml (org.apache.logging.log4j.core.LoggerContext@51550c56) with optional ClassLoader: null
2021-05-28 15:46:21,080 Test worker DEBUG Shutdown hook enabled. Registering a new one.
2021-05-28 15:46:21,081 Test worker DEBUG LoggerContext[name=73d16e93, org.apache.logging.log4j.core.LoggerContext@51550c56] started OK.
[2021-05-28 15:46:21,204] - [org.springframework.boot.test.context.SpringBootTestContextBootstrapper] - [INFO] - [buildDefaultMergedContextConfiguration] - [Test worker] - Neither @ContextConfiguration nor @ContextHierarchy found for test class [com.example.demo.DemoApplicationTests], using SpringBootContextLoader
2021-05-28 15:46:21,211 Test worker DEBUG AsyncLogger.ThreadNameStrategy=UNCACHED (user specified null, default is UNCACHED)
2021-05-28 15:46:21,211 Test worker TRACE Using default SystemClock for timestamps.
2021-05-28 15:46:21,211 Test worker DEBUG org.apache.logging.log4j.core.util.SystemClock does not support precise timestamps.
[2021-05-28 15:46:21,216] - [org.springframework.test.context.support.AbstractContextLoader] - [INFO] - [generateDefaultLocations] - [Test worker] - Could not detect default resource locations for test class [com.example.demo.DemoApplicationTests]: no resource found for suffixes {-context.xml, Context.groovy}.
[2021-05-28 15:46:21,217] - [org.springframework.test.context.support.AnnotationConfigContextLoaderUtils] - [INFO] - [detectDefaultConfigurationClasses] - [Test worker] - Could not detect default configuration classes for test class [com.example.demo.DemoApplicationTests]: DemoApplicationTests does not declare any static, non-private, non-final, nested classes annotated with @Configuration.
[2021-05-28 15:46:21,339] - [org.springframework.boot.test.context.SpringBootTestContextBootstrapper] - [INFO] - [getOrFindConfigurationClasses] - [Test worker] - Found @SpringBootConfiguration com.example.demo.DemoApplication for test class com.example.demo.DemoApplicationTests
[2021-05-28 15:46:21,421] - [org.springframework.boot.test.context.SpringBootTestContextBootstrapper] - [INFO] - [getDefaultTestExecutionListenerClassNames] - [Test worker] - Loaded default TestExecutionListener class names from location [META-INF/spring.factories]: [org.springframework.boot.test.autoconfigure.restdocs.RestDocsTestExecutionListener, org.springframework.boot.test.autoconfigure.web.client.MockRestServiceServerResetTestExecutionListener, org.springframework.boot.test.autoconfigure.web.servlet.MockMvcPrintOnlyOnFailureTestExecutionListener, org.springframework.boot.test.autoconfigure.web.servlet.WebDriverTestExecutionListener, org.springframework.boot.test.mock.mockito.MockitoTestExecutionListener, org.springframework.boot.test.mock.mockito.ResetMocksTestExecutionListener, org.springframework.test.context.web.ServletTestExecutionListener, org.springframework.test.context.support.DirtiesContextBeforeModesTestExecutionListener, org.springframework.test.context.support.DependencyInjectionTestExecutionListener, org.springframework.test.context.support.DirtiesContextTestExecutionListener, org.springframework.test.context.transaction.TransactionalTestExecutionListener, org.springframework.test.context.jdbc.SqlScriptsTestExecutionListener]
[2021-05-28 15:46:21,432] - [org.springframework.boot.test.context.SpringBootTestContextBootstrapper] - [INFO] - [getTestExecutionListeners] - [Test worker] - Using TestExecutionListeners: [org.springframework.test.context.web.ServletTestExecutionListener@795b6b42, org.springframework.test.context.support.DirtiesContextBeforeModesTestExecutionListener@44d0047a, org.springframework.boot.test.mock.mockito.MockitoTestExecutionListener@630deefb, org.springframework.boot.test.autoconfigure.SpringBootDependencyInjectionTestExecutionListener@72d74955, org.springframework.test.context.support.DirtiesContextTestExecutionListener@50742d36, org.springframework.boot.test.autoconfigure.restdocs.RestDocsTestExecutionListener@14c30096, org.springframework.boot.test.autoconfigure.web.client.MockRestServiceServerResetTestExecutionListener@18b54ec3, org.springframework.boot.test.autoconfigure.web.servlet.MockMvcPrintOnlyOnFailureTestExecutionListener@50603161, org.springframework.boot.test.autoconfigure.web.servlet.WebDriverTestExecutionListener@218cbbc6, org.springframework.boot.test.mock.mockito.ResetMocksTestExecutionListener@2d47d8d1]
2021-05-28 15:46:21,550 Test worker DEBUG Reconfiguration started for context[name=73d16e93] at URI null (org.apache.logging.log4j.core.LoggerContext@51550c56) with optional ClassLoader: null
2021-05-28 15:46:21,550 Test worker DEBUG Using configurationFactory org.apache.logging.log4j.core.config.ConfigurationFactory$Factory@1bbb18ae
2021-05-28 15:46:21,550 Test worker TRACE Trying to find [log4j2-test73d16e93.properties] using context class loader sun.misc.Launcher$AppClassLoader@73d16e93.
2021-05-28 15:46:21,551 Test worker TRACE Trying to find [log4j2-test73d16e93.properties] using sun.misc.Launcher$AppClassLoader@73d16e93 class loader.
2021-05-28 15:46:21,551 Test worker TRACE Trying to find [log4j2-test73d16e93.properties] using sun.misc.Launcher$AppClassLoader@73d16e93 class loader.
2021-05-28 15:46:21,551 Test worker TRACE Trying to find [log4j2-test73d16e93.properties] using ClassLoader.getSystemResource().
2021-05-28 15:46:21,552 Test worker TRACE Trying to find [log4j2-test73d16e93.yml] using context class loader sun.misc.Launcher$AppClassLoader@73d16e93.
2021-05-28 15:46:21,552 Test worker TRACE Trying to find [log4j2-test73d16e93.yml] using sun.misc.Launcher$AppClassLoader@73d16e93 class loader.
2021-05-28 15:46:21,552 Test worker TRACE Trying to find [log4j2-test73d16e93.yml] using sun.misc.Launcher$AppClassLoader@73d16e93 class loader.
2021-05-28 15:46:21,552 Test worker TRACE Trying to find [log4j2-test73d16e93.yml] using ClassLoader.getSystemResource().
2021-05-28 15:46:21,553 Test worker TRACE Trying to find [log4j2-test73d16e93.yaml] using context class loader sun.misc.Launcher$AppClassLoader@73d16e93.
2021-05-28 15:46:21,553 Test worker TRACE Trying to find [log4j2-test73d16e93.yaml] using sun.misc.Launcher$AppClassLoader@73d16e93 class loader.
2021-05-28 15:46:21,553 Test worker TRACE Trying to find [log4j2-test73d16e93.yaml] using sun.misc.Launcher$AppClassLoader@73d16e93 class loader.
2021-05-28 15:46:21,553 Test worker TRACE Trying to find [log4j2-test73d16e93.yaml] using ClassLoader.getSystemResource().
2021-05-28 15:46:21,554 Test worker TRACE Trying to find [log4j2-test73d16e93.json] using context class loader sun.misc.Launcher$AppClassLoader@73d16e93.
2021-05-28 15:46:21,554 Test worker TRACE Trying to find [log4j2-test73d16e93.json] using sun.misc.Launcher$AppClassLoader@73d16e93 class loader.
2021-05-28 15:46:21,554 Test worker TRACE Trying to find [log4j2-test73d16e93.json] using sun.misc.Launcher$AppClassLoader@73d16e93 class loader.
2021-05-28 15:46:21,555 Test worker TRACE Trying to find [log4j2-test73d16e93.json] using ClassLoader.getSystemResource().
2021-05-28 15:46:21,555 Test worker TRACE Trying to find [log4j2-test73d16e93.jsn] using context class loader sun.misc.Launcher$AppClassLoader@73d16e93.
2021-05-28 15:46:21,555 Test worker TRACE Trying to find [log4j2-test73d16e93.jsn] using sun.misc.Launcher$AppClassLoader@73d16e93 class loader.
2021-05-28 15:46:21,556 Test worker TRACE Trying to find [log4j2-test73d16e93.jsn] using sun.misc.Launcher$AppClassLoader@73d16e93 class loader.
2021-05-28 15:46:21,556 Test worker TRACE Trying to find [log4j2-test73d16e93.jsn] using ClassLoader.getSystemResource().
2021-05-28 15:46:21,556 Test worker TRACE Trying to find [log4j2-test73d16e93.xml] using context class loader sun.misc.Launcher$AppClassLoader@73d16e93.
2021-05-28 15:46:21,557 Test worker TRACE Trying to find [log4j2-test73d16e93.xml] using sun.misc.Launcher$AppClassLoader@73d16e93 class loader.
2021-05-28 15:46:21,557 Test worker TRACE Trying to find [log4j2-test73d16e93.xml] using sun.misc.Launcher$AppClassLoader@73d16e93 class loader.
[...]
2021-05-28 15:46:21,676 Test worker DEBUG Building Plugin[name=AppenderRef, class=org.apache.logging.log4j.core.config.AppenderRef].
2021-05-28 15:46:21,676 Test worker DEBUG createAppenderRef(ref="hibernate", level="null", Filter=null)
2021-05-28 15:46:21,676 Test worker DEBUG Building Plugin[name=AppenderRef, class=org.apache.logging.log4j.core.config.AppenderRef].
2021-05-28 15:46:21,677 Test worker DEBUG createAppenderRef(ref="stdout", level="null", Filter=null)
2021-05-28 15:46:21,677 Test worker DEBUG Building Plugin[name=logger, class=org.apache.logging.log4j.core.config.LoggerConfig].
2021-05-28 15:46:21,677 Test worker DEBUG createLogger(additivity="false", level="DEBUG", name="org.hibernate", includeLocation="null", ={hibernate, stdout}, ={}, Configuration(LogConfig), Filter=null)
2021-05-28 15:46:21,677 Test worker DEBUG Building Plugin[name=AppenderRef, class=org.apache.logging.log4j.core.config.AppenderRef].
2021-05-28 15:46:21,678 Test worker DEBUG createAppenderRef(ref="quartz", level="null", Filter=null)
2021-05-28 15:46:21,678 Test worker DEBUG Building Plugin[name=AppenderRef, class=org.apache.logging.log4j.core.config.AppenderRef].
2021-05-28 15:46:21,678 Test worker DEBUG createAppenderRef(ref="stdout", level="null", Filter=null)
2021-05-28 15:46:21,678 Test worker DEBUG Building Plugin[name=logger, class=org.apache.logging.log4j.core.config.LoggerConfig].
2021-05-28 15:46:21,679 Test worker DEBUG createLogger(additivity="false", level="DEBUG", name="org.quartz", includeLocation="null", ={quartz, stdout}, ={}, Configuration(LogConfig), Filter=null)
2021-05-28 15:46:21,679 Test worker DEBUG Building Plugin[name=AppenderRef, class=org.apache.logging.log4j.core.config.AppenderRef].
2021-05-28 15:46:21,680 Test worker DEBUG createAppenderRef(ref="broker", level="null", Filter=null)
2021-05-28 15:46:21,680 Test worker DEBUG Building Plugin[name=AppenderRef, class=org.apache.logging.log4j.core.config.AppenderRef].
2021-05-28 15:46:21,680 Test worker DEBUG createAppenderRef(ref="stdout", level="null", Filter=null)
2021-05-28 15:46:21,680 Test worker DEBUG Building Plugin[name=logger, class=org.apache.logging.log4j.core.config.LoggerConfig].
2021-05-28 15:46:21,681 Test worker DEBUG createLogger(additivity="false", level="DEBUG", name="org.apache.activemq.broker", includeLocation="null", ={broker, stdout}, ={}, Configuration(LogConfig), Filter=null)
2021-05-28 15:46:21,681 Test worker DEBUG Building Plugin[name=AppenderRef, class=org.apache.logging.log4j.core.config.AppenderRef].
2021-05-28 15:46:21,682 Test worker DEBUG createAppenderRef(ref="producer", level="null", Filter=null)
2021-05-28 15:46:21,682 Test worker DEBUG Building Plugin[name=AppenderRef, class=org.apache.logging.log4j.core.config.AppenderRef].
2021-05-28 15:46:21,682 Test worker DEBUG createAppenderRef(ref="stdout", level="null", Filter=null)
2021-05-28 15:46:21,682 Test worker DEBUG Building Plugin[name=logger, class=org.apache.logging.log4j.core.config.LoggerConfig].
2021-05-28 15:46:21,683 Test worker DEBUG createLogger(additivity="false", level="DEBUG", name="com.ares.mq.jms.swift.SwiftMessageProducer", includeLocation="null", ={producer, stdout}, ={}, Configuration(LogConfig), Filter=null)
2021-05-28 15:46:21,683 Test worker DEBUG Building Plugin[name=AppenderRef, class=org.apache.logging.log4j.core.config.AppenderRef].
2021-05-28 15:46:21,684 Test worker DEBUG createAppenderRef(ref="consumer", level="null", Filter=null)
2021-05-28 15:46:21,684 Test worker DEBUG Building Plugin[name=AppenderRef, class=org.apache.logging.log4j.core.config.AppenderRef].
2021-05-28 15:46:21,684 Test worker DEBUG createAppenderRef(ref="stdout", level="null", Filter=null)
2021-05-28 15:46:21,684 Test worker DEBUG Building Plugin[name=logger, class=org.apache.logging.log4j.core.config.LoggerConfig].
2021-05-28 15:46:21,685 Test worker DEBUG createLogger(additivity="false", level="DEBUG", name="com.ares.mq.jms.swift.SwiftMessageConsumer", includeLocation="null", ={consumer, stdout}, ={}, Configuration(LogConfig), Filter=null)
2021-05-28 15:46:21,685 Test worker DEBUG Building Plugin[name=AppenderRef, class=org.apache.logging.log4j.core.config.AppenderRef].
2021-05-28 15:46:21,686 Test worker DEBUG createAppenderRef(ref="stdout", level="null", Filter=null)
2021-05-28 15:46:21,686 Test worker DEBUG Building Plugin[name=AppenderRef, class=org.apache.logging.log4j.core.config.AppenderRef].
2021-05-28 15:46:21,686 Test worker DEBUG createAppenderRef(ref="service", level="null", Filter=null)
2021-05-28 15:46:21,686 Test worker DEBUG Building Plugin[name=root, class=org.apache.logging.log4j.core.config.LoggerConfig$RootLogger].
2021-05-28 15:46:21,686 Test worker DEBUG createLogger(additivity="null", level="INFO", includeLocation="null", ={stdout, service}, ={}, Configuration(LogConfig), Filter=null)
2021-05-28 15:46:21,687 Test worker DEBUG Building Plugin[name=loggers, class=org.apache.logging.log4j.core.config.LoggersPlugin].
2021-05-28 15:46:21,687 Test worker DEBUG createLoggers(={org.apache.activemq, org.hibernate, org.quartz, org.apache.activemq.broker, com.ares.mq.jms.swift.SwiftMessageProducer, com.ares.mq.jms.swift.SwiftMessageConsumer, root})
2021-05-28 15:46:21,687 Test worker DEBUG Configuration XmlConfiguration[location=C:\Users\user\eclipse-workspace\xmldemo\build\resources\main\log4j2.xml] initialized
2021-05-28 15:46:21,687 Test worker DEBUG Starting configuration XmlConfiguration[location=C:\Users\user\eclipse-workspace\xmldemo\build\resources\main\log4j2.xml]
2021-05-28 15:46:21,687 Test worker DEBUG Started configuration XmlConfiguration[location=C:\Users\user\eclipse-workspace\xmldemo\build\resources\main\log4j2.xml] OK.
2021-05-28 15:46:21,688 Test worker TRACE Stopping XmlConfiguration[location=C:\Users\user\eclipse-workspace\xmldemo\build\resources\main\log4j2.xml]...
2021-05-28 15:46:21,688 Test worker TRACE XmlConfiguration notified 8 ReliabilityStrategies that config will be stopped.
2021-05-28 15:46:21,688 Test worker TRACE XmlConfiguration stopping 7 LoggerConfigs.
2021-05-28 15:46:21,688 Test worker TRACE XmlConfiguration stopping root LoggerConfig.
2021-05-28 15:46:21,688 Test worker TRACE XmlConfiguration notifying ReliabilityStrategies that appenders will be stopped.
2021-05-28 15:46:21,688 Test worker TRACE XmlConfiguration stopping remaining Appenders.
2021-05-28 15:46:21,689 Test worker DEBUG Appender consumer stopped with status true
2021-05-28 15:46:21,689 Test worker DEBUG Appender broker stopped with status true
2021-05-28 15:46:21,689 Test worker DEBUG Appender hibernate stopped with status true
2021-05-28 15:46:21,689 Test worker DEBUG Appender producer stopped with status true
2021-05-28 15:46:21,689 Test worker DEBUG Appender quartz stopped with status true
2021-05-28 15:46:21,689 Test worker DEBUG Appender service stopped with status true
2021-05-28 15:46:21,690 Test worker DEBUG Appender stdout stopped with status true
2021-05-28 15:46:21,690 Test worker DEBUG Appender activemq stopped with status true
2021-05-28 15:46:21,690 Test worker TRACE XmlConfiguration stopped 8 remaining Appenders.
2021-05-28 15:46:21,690 Test worker TRACE XmlConfiguration cleaning Appenders from 8 LoggerConfigs.
2021-05-28 15:46:21,691 Test worker DEBUG Stopped XmlConfiguration[location=C:\Users\user\eclipse-workspace\xmldemo\build\resources\main\log4j2.xml] OK
2021-05-28 15:46:21,691 Test worker TRACE Reregistering MBeans after reconfigure. Selector=org.apache.logging.log4j.core.selector.ClassLoaderContextSelector@7036f486
2021-05-28 15:46:21,691 Test worker TRACE Reregistering context (1/1): '73d16e93' org.apache.logging.log4j.core.LoggerContext@51550c56
2021-05-28 15:46:21,691 Test worker TRACE Unregistering 1 MBeans: [org.apache.logging.log4j2:type=73d16e93]
2021-05-28 15:46:21,692 Test worker TRACE Unregistering 1 MBeans: [org.apache.logging.log4j2:type=73d16e93,component=StatusLogger]
2021-05-28 15:46:21,692 Test worker TRACE Unregistering 1 MBeans: [org.apache.logging.log4j2:type=73d16e93,component=ContextSelector]
2021-05-28 15:46:21,693 Test worker TRACE Unregistering 7 MBeans: [org.apache.logging.log4j2:type=73d16e93,component=Loggers,name=org.apache.activemq, org.apache.logging.log4j2:type=73d16e93,component=Loggers,name=com.ares.mq.jms.swift.SwiftMessageConsumer, org.apache.logging.log4j2:type=73d16e93,component=Loggers,name=org.quartz, org.apache.logging.log4j2:type=73d16e93,component=Loggers,name=org.apache.activemq.broker, org.apache.logging.log4j2:type=73d16e93,component=Loggers,name=com.ares.mq.jms.swift.SwiftMessageProducer, org.apache.logging.log4j2:type=73d16e93,component=Loggers,name=org.hibernate, org.apache.logging.log4j2:type=73d16e93,component=Loggers,name=]
2021-05-28 15:46:21,693 Test worker TRACE Unregistering 8 MBeans: [org.apache.logging.log4j2:type=73d16e93,component=Appenders,name=stdout, org.apache.logging.log4j2:type=73d16e93,component=Appenders,name=consumer, org.apache.logging.log4j2:type=73d16e93,component=Appenders,name=quartz, org.apache.logging.log4j2:type=73d16e93,component=Appenders,name=service, org.apache.logging.log4j2:type=73d16e93,component=Appenders,name=broker, org.apache.logging.log4j2:type=73d16e93,component=Appenders,name=producer, org.apache.logging.log4j2:type=73d16e93,component=Appenders,name=activemq, org.apache.logging.log4j2:type=73d16e93,component=Appenders,name=hibernate]
2021-05-28 15:46:21,694 Test worker TRACE Unregistering but no MBeans found matching 'org.apache.logging.log4j2:type=73d16e93,component=AsyncAppenders,name=*'
2021-05-28 15:46:21,694 Test worker TRACE Unregistering but no MBeans found matching 'org.apache.logging.log4j2:type=73d16e93,component=AsyncLoggerRingBuffer'
2021-05-28 15:46:21,694 Test worker TRACE Unregistering but no MBeans found matching 'org.apache.logging.log4j2:type=73d16e93,component=Loggers,name=*,subtype=RingBuffer'
2021-05-28 15:46:21,695 Test worker DEBUG Registering MBean org.apache.logging.log4j2:type=73d16e93
2021-05-28 15:46:21,695 Test worker DEBUG Registering MBean org.apache.logging.log4j2:type=73d16e93,component=StatusLogger
2021-05-28 15:46:21,695 Test worker DEBUG Registering MBean org.apache.logging.log4j2:type=73d16e93,component=ContextSelector
2021-05-28 15:46:21,695 Test worker DEBUG Registering MBean org.apache.logging.log4j2:type=73d16e93,component=Loggers,name=org.apache.activemq.broker
2021-05-28 15:46:21,696 Test worker DEBUG Registering MBean org.apache.logging.log4j2:type=73d16e93,component=Loggers,name=
2021-05-28 15:46:21,696 Test worker DEBUG Registering MBean org.apache.logging.log4j2:type=73d16e93,component=Loggers,name=org.apache.activemq
2021-05-28 15:46:21,696 Test worker DEBUG Registering MBean org.apache.logging.log4j2:type=73d16e93,component=Loggers,name=com.ares.mq.jms.swift.SwiftMessageConsumer
2021-05-28 15:46:21,696 Test worker DEBUG Registering MBean org.apache.logging.log4j2:type=73d16e93,component=Loggers,name=com.ares.mq.jms.swift.SwiftMessageProducer
2021-05-28 15:46:21,697 Test worker DEBUG Registering MBean org.apache.logging.log4j2:type=73d16e93,component=Loggers,name=org.hibernate
2021-05-28 15:46:21,697 Test worker DEBUG Registering MBean org.apache.logging.log4j2:type=73d16e93,component=Loggers,name=org.quartz
2021-05-28 15:46:21,697 Test worker DEBUG Registering MBean org.apache.logging.log4j2:type=73d16e93,component=Appenders,name=activemq
2021-05-28 15:46:21,698 Test worker DEBUG Registering MBean org.apache.logging.log4j2:type=73d16e93,component=Appenders,name=stdout
2021-05-28 15:46:21,698 Test worker DEBUG Registering MBean org.apache.logging.log4j2:type=73d16e93,component=Appenders,name=service
2021-05-28 15:46:21,698 Test worker DEBUG Registering MBean org.apache.logging.log4j2:type=73d16e93,component=Appenders,name=quartz
2021-05-28 15:46:21,698 Test worker DEBUG Registering MBean org.apache.logging.log4j2:type=73d16e93,component=Appenders,name=producer
2021-05-28 15:46:21,699 Test worker DEBUG Registering MBean org.apache.logging.log4j2:type=73d16e93,component=Appenders,name=hibernate
2021-05-28 15:46:21,699 Test worker DEBUG Registering MBean org.apache.logging.log4j2:type=73d16e93,component=Appenders,name=broker
2021-05-28 15:46:21,699 Test worker DEBUG Registering MBean org.apache.logging.log4j2:type=73d16e93,component=Appenders,name=consumer
2021-05-28 15:46:21,700 Test worker TRACE Using DummyNanoClock for nanosecond timestamps.
2021-05-28 15:46:21,700 Test worker DEBUG Reconfiguration complete for context[name=73d16e93] at URI C:\Users\user\eclipse-workspace\xmldemo\build\resources\main\log4j2.xml (org.apache.logging.log4j.core.LoggerContext@51550c56) with optional ClassLoader: null

  .   ____          _            __ _ _
 /\\ / ___'_ __ _ _(_)_ __  __ _ \ \ \ \
( ( )\___ | '_ | '_| | '_ \/ _` | \ \ \ \
 \\/  ___)| |_)| | | | | || (_| |  ) ) ) )
  '  |____| .__|_| |_|_| |_\__, | / / / /
 =========|_|==============|___/=/_/_/_/
 :: Spring Boot ::        (v2.1.8.RELEASE)

[2021-05-28 15:46:21,733] - [org.hibernate.validator.messageinterpolation.ResourceBundleMessageInterpolator] - [DEBUG] - [buildExpressionFactory] - [background-preinit] - Loaded expression factory via original TCCL
[2021-05-28 15:46:21,742] - [org.hibernate.validator.internal.engine.ValidatorFactoryImpl] - [DEBUG] - [logValidatorFactoryScopedConfiguration] - [background-preinit] - HV000234: Using org.hibernate.validator.messageinterpolation.ResourceBundleMessageInterpolator as ValidatorFactory-scoped message interpolator.
[2021-05-28 15:46:21,742] - [org.hibernate.validator.internal.engine.ValidatorFactoryImpl] - [DEBUG] - [logValidatorFactoryScopedConfiguration] - [background-preinit] - HV000234: Using org.hibernate.validator.internal.engine.resolver.TraverseAllTraversableResolver as ValidatorFactory-scoped traversable resolver.
[2021-05-28 15:46:21,742] - [org.hibernate.validator.internal.engine.ValidatorFactoryImpl] - [DEBUG] - [logValidatorFactoryScopedConfiguration] - [background-preinit] - HV000234: Using org.hibernate.validator.internal.util.ExecutableParameterNameProvider as ValidatorFactory-scoped parameter name provider.
[2021-05-28 15:46:21,743] - [org.hibernate.validator.internal.engine.ValidatorFactoryImpl] - [DEBUG] - [logValidatorFactoryScopedConfiguration] - [background-preinit] - HV000234: Using org.hibernate.validator.internal.engine.DefaultClockProvider as ValidatorFactory-scoped clock provider.
[2021-05-28 15:46:21,743] - [org.hibernate.validator.internal.engine.ValidatorFactoryImpl] - [DEBUG] - [logValidatorFactoryScopedConfiguration] - [background-preinit] - HV000234: Using org.hibernate.validator.internal.engine.scripting.DefaultScriptEvaluatorFactory as ValidatorFactory-scoped script evaluator factory.
[2021-05-28 15:46:21,800] - [com.example.demo.DemoApplicationTests] - [INFO] - [logStarting] - [Test worker] - Starting DemoApplicationTests on LAPTOP-449SQE49 with PID 17948 (started by user in C:\Users\user\eclipse-workspace\xmldemo)
[2021-05-28 15:46:21,801] - [com.example.demo.DemoApplicationTests] - [INFO] - [logStartupProfileInfo] - [Test worker] - No active profile set, falling back to default profiles: default
建構函式3
[2021-05-28 15:46:22,989] - [org.hibernate.validator.internal.engine.resolver.TraversableResolvers] - [DEBUG] - [getDefault] - [Test worker] - Cannot find javax.persistence.Persistence on classpath. Assuming non JPA 2 environment. All properties will per default be traversable.
[2021-05-28 15:46:22,990] - [org.hibernate.validator.messageinterpolation.ResourceBundleMessageInterpolator] - [DEBUG] - [buildExpressionFactory] - [Test worker] - Loaded expression factory via original TCCL
[2021-05-28 15:46:23,001] - [org.hibernate.validator.internal.engine.resolver.TraversableResolvers] - [DEBUG] - [getDefault] - [Test worker] - Cannot find javax.persistence.Persistence on classpath. Assuming non JPA 2 environment. All properties will per default be traversable.
[2021-05-28 15:46:23,002] - [org.hibernate.validator.internal.engine.ConfigurationImpl] - [DEBUG] - [messageInterpolator] - [Test worker] - Setting custom MessageInterpolator of type org.springframework.validation.beanvalidation.LocaleContextMessageInterpolator
[2021-05-28 15:46:23,003] - [org.hibernate.validator.internal.engine.ConfigurationImpl] - [DEBUG] - [constraintValidatorFactory] - [Test worker] - Setting custom ConstraintValidatorFactory of type org.springframework.validation.beanvalidation.SpringConstraintValidatorFactory
[2021-05-28 15:46:23,004] - [org.hibernate.validator.internal.engine.ConfigurationImpl] - [DEBUG] - [parameterNameProvider] - [Test worker] - Setting custom ParameterNameProvider of type org.springframework.validation.beanvalidation.LocalValidatorFactoryBean$1
[2021-05-28 15:46:23,005] - [org.hibernate.validator.internal.xml.config.ValidationXmlParser] - [DEBUG] - [getValidationXmlInputStream] - [Test worker] - Trying to load META-INF/validation.xml for XML based Validator configuration.
[2021-05-28 15:46:23,005] - [org.hibernate.validator.internal.xml.config.ResourceLoaderHelper] - [DEBUG] - [getResettableInputStreamForPath] - [Test worker] - Trying to load META-INF/validation.xml via user class loader
[2021-05-28 15:46:23,006] - [org.hibernate.validator.internal.xml.config.ResourceLoaderHelper] - [DEBUG] - [getResettableInputStreamForPath] - [Test worker] - Trying to load META-INF/validation.xml via TCCL
[2021-05-28 15:46:23,006] - [org.hibernate.validator.internal.xml.config.ResourceLoaderHelper] - [DEBUG] - [getResettableInputStreamForPath] - [Test worker] - Trying to load META-INF/validation.xml via Hibernate Validator's class loader
[2021-05-28 15:46:23,007] - [org.hibernate.validator.internal.xml.config.ValidationXmlParser] - [DEBUG] - [getValidationXmlInputStream] - [Test worker] - No META-INF/validation.xml found. Using annotation based configuration only.
[2021-05-28 15:46:23,013] - [org.hibernate.validator.internal.engine.ValidatorFactoryImpl] - [DEBUG] - [logValidatorFactoryScopedConfiguration] - [Test worker] - HV000234: Using org.springframework.validation.beanvalidation.LocaleContextMessageInterpolator as ValidatorFactory-scoped message interpolator.
[2021-05-28 15:46:23,014] - [org.hibernate.validator.internal.engine.ValidatorFactoryImpl] - [DEBUG] - [logValidatorFactoryScopedConfiguration] - [Test worker] - HV000234: Using org.hibernate.validator.internal.engine.resolver.TraverseAllTraversableResolver as ValidatorFactory-scoped traversable resolver.
[2021-05-28 15:46:23,015] - [org.hibernate.validator.internal.engine.ValidatorFactoryImpl] - [DEBUG] - [logValidatorFactoryScopedConfiguration] - [Test worker] - HV000234: Using org.hibernate.validator.internal.util.ExecutableParameterNameProvider as ValidatorFactory-scoped parameter name provider.
[2021-05-28 15:46:23,015] - [org.hibernate.validator.internal.engine.ValidatorFactoryImpl] - [DEBUG] - [logValidatorFactoryScopedConfiguration] - [Test worker] - HV000234: Using org.hibernate.validator.internal.engine.DefaultClockProvider as ValidatorFactory-scoped clock provider.
[2021-05-28 15:46:23,015] - [org.hibernate.validator.internal.engine.ValidatorFactoryImpl] - [DEBUG] - [logValidatorFactoryScopedConfiguration] - [Test worker] - HV000234: Using org.hibernate.validator.internal.engine.scripting.DefaultScriptEvaluatorFactory as ValidatorFactory-scoped script evaluator factory.
[2021-05-28 15:46:23,221] - [org.springframework.scheduling.concurrent.ThreadPoolTaskExecutor] - [INFO] - [initialize] - [Test worker] - Initializing ExecutorService 'applicationTaskExecutor'
[2021-05-28 15:46:23,506] - [com.example.demo.DemoApplicationTests] - [INFO] - [logStarted] - [Test worker] - Started DemoApplicationTests in 2.031 seconds (JVM running for 3.827)
開始
In init block of country，nice
Country name: India
Country population: 20000
In init block of country，nice
In destroy block of country
In destroy block of country
]]></system-out>
  <system-err><![CDATA[]]></system-err>
</testsuite>
