<?xml version="1.0" encoding="UTF-8"?>
<testsuite name="com.example.demo.DemoApplicationTests" tests="1" skipped="0" failures="0" errors="0" timestamp="2021-05-21T00:43:04" hostname="LAPTOP-449SQE49" time="0.305">
  <properties/>
  <testcase name="testBeansConfig" classname="com.example.demo.DemoApplicationTests" time="0.305"/>
  <system-out><![CDATA[2021-05-21 08:43:01,623 Test worker DEBUG Apache Log4j Core 2.11.2 initializing configuration XmlConfiguration[location=C:\Users\user\eclipse-workspace\xmldemo\build\resources\main\log4j2.xml]
2021-05-21 08:43:01,628 Test worker DEBUG Installed 1 script engine
2021-05-21 08:43:01,817 Test worker DEBUG Oracle Nashorn version: 1.8.0_291, language: ECMAScript, threading: Not Thread Safe, compile: true, names: [nashorn, Nashorn, js, JS, JavaScript, javascript, ECMAScript, ecmascript], factory class: jdk.nashorn.api.scripting.NashornScriptEngineFactory
2021-05-21 08:43:01,818 Test worker DEBUG PluginManager 'Core' found 117 plugins
2021-05-21 08:43:01,818 Test worker DEBUG PluginManager 'Level' found 0 plugins
2021-05-21 08:43:01,826 Test worker DEBUG Building Plugin[name=property, class=org.apache.logging.log4j.core.config.Property].
2021-05-21 08:43:01,835 Test worker TRACE TypeConverterRegistry initializing.
2021-05-21 08:43:01,836 Test worker DEBUG PluginManager 'TypeConverter' found 26 plugins
2021-05-21 08:43:01,842 Test worker DEBUG createProperty(name="filepath", value="./tmp/log4j2")
2021-05-21 08:43:01,842 Test worker DEBUG Building Plugin[name=properties, class=org.apache.logging.log4j.core.config.PropertiesPlugin].
2021-05-21 08:43:01,845 Test worker DEBUG configureSubstitutor(={filepath=./tmp/log4j2}, Configuration(LogConfig))
2021-05-21 08:43:01,846 Test worker DEBUG PluginManager 'Lookup' found 13 plugins
2021-05-21 08:43:01,847 Test worker DEBUG Building Plugin[name=layout, class=org.apache.logging.log4j.core.layout.PatternLayout].
2021-05-21 08:43:01,854 Test worker DEBUG PatternLayout$Builder(pattern="[%d] - [%c] - [%highlight{%level}] - [%method] - [%t] - %msg%n", PatternSelector=null, Configuration(LogConfig), Replace=null, charset="null", alwaysWriteExceptions="null", disableAnsi="null", noConsoleNoAnsi="null", header="null", footer="null")
2021-05-21 08:43:01,854 Test worker DEBUG PluginManager 'Converter' found 47 plugins
2021-05-21 08:43:01,871 Test worker DEBUG Building Plugin[name=appender, class=org.apache.logging.log4j.core.appender.ConsoleAppender].
2021-05-21 08:43:01,878 Test worker DEBUG ConsoleAppender$Builder(target="SYSTEM_OUT", follow="null", direct="null", bufferedIo="null", bufferSize="null", immediateFlush="null", ignoreExceptions="null", PatternLayout([%d] - [%c] - [%highlight{%level}] - [%method] - [%t] - %msg%n), name="stdout", Configuration(LogConfig), Filter=null, ={})
2021-05-21 08:43:01,880 Test worker DEBUG Starting OutputStreamManager SYSTEM_OUT.false.false
2021-05-21 08:43:01,880 Test worker DEBUG Building Plugin[name=layout, class=org.apache.logging.log4j.core.layout.PatternLayout].
2021-05-21 08:43:01,881 Test worker DEBUG PatternLayout$Builder(pattern="[%d] - [%c] - [%highlight{%level}] - [%method] - [%t] - %msg%n", PatternSelector=null, Configuration(LogConfig), Replace=null, charset="null", alwaysWriteExceptions="null", disableAnsi="null", noConsoleNoAnsi="null", header="null", footer="null")
2021-05-21 08:43:01,882 Test worker DEBUG Building Plugin[name=OnStartupTriggeringPolicy, class=org.apache.logging.log4j.core.appender.rolling.OnStartupTriggeringPolicy].
2021-05-21 08:43:01,884 Test worker DEBUG createPolicy(minSize="1")
2021-05-21 08:43:01,885 Test worker DEBUG Building Plugin[name=TimeBasedTriggeringPolicy, class=org.apache.logging.log4j.core.appender.rolling.TimeBasedTriggeringPolicy].
2021-05-21 08:43:01,886 Test worker DEBUG TimeBasedTriggeringPolicy$Builder(interval="1", modulate="true", maxRandomDelay="null")
2021-05-21 08:43:01,886 Test worker DEBUG Building Plugin[name=SizeBasedTriggeringPolicy, class=org.apache.logging.log4j.core.appender.rolling.SizeBasedTriggeringPolicy].
2021-05-21 08:43:01,887 Test worker DEBUG createPolicy(size="3 MB")
2021-05-21 08:43:01,888 Test worker DEBUG Building Plugin[name=Policies, class=org.apache.logging.log4j.core.appender.rolling.CompositeTriggeringPolicy].
2021-05-21 08:43:01,888 Test worker DEBUG createPolicy(={OnStartupTriggeringPolicy, TimeBasedTriggeringPolicy(nextRolloverMillis=0, interval=1, modulate=true), SizeBasedTriggeringPolicy(size=3145728)})
2021-05-21 08:43:01,889 Test worker DEBUG Building Plugin[name=DefaultRolloverStrategy, class=org.apache.logging.log4j.core.appender.rolling.DefaultRolloverStrategy].
2021-05-21 08:43:01,892 Test worker DEBUG DefaultRolloverStrategy$Builder(max="10", min="null", fileIndex="null", compressionLevel="null", ={}, stopCustomActionsOnError="null", tempCompressedFilePattern="null", Configuration(LogConfig))
2021-05-21 08:43:01,892 Test worker DEBUG Building Plugin[name=appender, class=org.apache.logging.log4j.core.appender.RollingFileAppender].
2021-05-21 08:43:01,895 Test worker DEBUG RollingFileAppender$Builder(fileName="./tmp/log4j2/service.log", filePattern="./tmp/log4j2/bak/service-%d{yy-MM-dd}-%i.log.gz", append="null", locking="null", Policies(CompositeTriggeringPolicy(policies=[OnStartupTriggeringPolicy, TimeBasedTriggeringPolicy(nextRolloverMillis=0, interval=1, modulate=true), SizeBasedTriggeringPolicy(size=3145728)])), DefaultRolloverStrategy(DefaultRolloverStrategy(min=1, max=10, useMax=true)), advertise="null", advertiseUri="null", createOnDemand="null", filePermissions="null", fileOwner="null", fileGroup="null", bufferedIo="null", bufferSize="null", immediateFlush="null", ignoreExceptions="null", PatternLayout([%d] - [%c] - [%highlight{%level}] - [%method] - [%t] - %msg%n), name="service", Configuration(LogConfig), Filter=null, ={})
2021-05-21 08:43:01,900 Test worker TRACE New file './tmp/log4j2/service.log' created = false
2021-05-21 08:43:01,905 Test worker DEBUG Returning file creation time for C:\Users\user\eclipse-workspace\xmldemo\.\tmp\log4j2\service.log
2021-05-21 08:43:01,906 Test worker DEBUG Starting RollingFileManager ./tmp/log4j2/service.log
2021-05-21 08:43:01,907 Test worker DEBUG PluginManager 'FileConverter' found 2 plugins
2021-05-21 08:43:01,909 Test worker DEBUG Setting prev file time to 2021-05-19T08:57:15.668+0800
2021-05-21 08:43:01,911 Test worker DEBUG Initializing triggering policy CompositeTriggeringPolicy(policies=[OnStartupTriggeringPolicy, TimeBasedTriggeringPolicy(nextRolloverMillis=0, interval=1, modulate=true), SizeBasedTriggeringPolicy(size=3145728)])
2021-05-21 08:43:01,912 Test worker DEBUG Initializing triggering policy OnStartupTriggeringPolicy
2021-05-21 08:43:01,912 Test worker DEBUG Initiating rollover at startup
2021-05-21 08:43:01,913 Test worker DEBUG Formatting file name. useCurrentTime=false. currentFileTime=0, prevFileTime=1621385835668
2021-05-21 08:43:01,916 Test worker TRACE Using default SystemClock for timestamps.
2021-05-21 08:43:01,916 Test worker DEBUG org.apache.logging.log4j.core.util.SystemClock does not support precise timestamps.
2021-05-21 08:43:01,918 Test worker DEBUG Formatting file name. useCurrentTime=false. currentFileTime=0, prevFileTime=1621385835668
2021-05-21 08:43:01,918 Test worker TRACE DefaultRolloverStrategy.purge() took 5.0 milliseconds
2021-05-21 08:43:01,920 Test worker DEBUG RollingFileManager executing synchronous FileRenameAction[.\tmp\log4j2\service.log to .\tmp\log4j2\bak\service-21-05-19-3.log, renameEmptyFiles=false]
2021-05-21 08:43:01,922 Test worker TRACE Renamed file C:\Users\user\eclipse-workspace\xmldemo\.\tmp\log4j2\service.log to C:\Users\user\eclipse-workspace\xmldemo\.\tmp\log4j2\bak\service-21-05-19-3.log with Files.move
2021-05-21 08:43:01,922 Test worker DEBUG RollingFileManager executing async GzCompressAction[.\tmp\log4j2\bak\service-21-05-19-3.log to .\tmp\log4j2\bak\service-21-05-19-3.log.gz, deleteSource=true]
2021-05-21 08:43:01,923 Test worker DEBUG Now writing to ./tmp/log4j2/service.log at 2021-05-21T08:43:01.923+0800
2021-05-21 08:43:01,924 Test worker DEBUG Initializing triggering policy TimeBasedTriggeringPolicy(nextRolloverMillis=0, interval=1, modulate=true)
2021-05-21 08:43:01,925 Test worker TRACE PatternProcessor.getNextTime returning 2021/05/22-00:00:00.000, nextFileTime=2021/05/21-00:00:00.000, prevFileTime=1970/01/01-08:00:00.000, current=2021/05/21-08:43:01.925, freq=DAILY
2021-05-21 08:43:01,927 Test worker TRACE PatternProcessor.getNextTime returning 2021/05/22-00:00:00.000, nextFileTime=2021/05/21-00:00:00.000, prevFileTime=2021/05/21-00:00:00.000, current=2021/05/21-08:43:01.927, freq=DAILY
2021-05-21 08:43:01,928 Test worker DEBUG Initializing triggering policy SizeBasedTriggeringPolicy(size=3145728)
2021-05-21 08:43:01,928 Test worker DEBUG Building Plugin[name=layout, class=org.apache.logging.log4j.core.layout.PatternLayout].
2021-05-21 08:43:01,929 Test worker DEBUG PatternLayout$Builder(pattern="[%d] - [%c] - [%highlight{%level}] - [%method] - [%t] - %msg%n", PatternSelector=null, Configuration(LogConfig), Replace=null, charset="null", alwaysWriteExceptions="null", disableAnsi="null", noConsoleNoAnsi="null", header="null", footer="null")
2021-05-21 08:43:01,930 Test worker DEBUG Building Plugin[name=OnStartupTriggeringPolicy, class=org.apache.logging.log4j.core.appender.rolling.OnStartupTriggeringPolicy].
2021-05-21 08:43:01,931 Test worker DEBUG createPolicy(minSize="1")
2021-05-21 08:43:01,932 Test worker DEBUG Building Plugin[name=TimeBasedTriggeringPolicy, class=org.apache.logging.log4j.core.appender.rolling.TimeBasedTriggeringPolicy].
2021-05-21 08:43:01,932 Test worker DEBUG TimeBasedTriggeringPolicy$Builder(interval="1", modulate="true", maxRandomDelay="null")
2021-05-21 08:43:01,932 Test worker DEBUG Building Plugin[name=SizeBasedTriggeringPolicy, class=org.apache.logging.log4j.core.appender.rolling.SizeBasedTriggeringPolicy].
2021-05-21 08:43:01,933 Test worker DEBUG createPolicy(size="3 MB")
2021-05-21 08:43:01,933 Test worker DEBUG Building Plugin[name=Policies, class=org.apache.logging.log4j.core.appender.rolling.CompositeTriggeringPolicy].
2021-05-21 08:43:01,934 Test worker DEBUG createPolicy(={OnStartupTriggeringPolicy, TimeBasedTriggeringPolicy(nextRolloverMillis=0, interval=1, modulate=true), SizeBasedTriggeringPolicy(size=3145728)})
2021-05-21 08:43:01,934 Test worker DEBUG Building Plugin[name=IfFileName, class=org.apache.logging.log4j.core.appender.rolling.action.IfFileName].
2021-05-21 08:43:01,935 Test worker DEBUG createNameCondition(glob="hibernate-*.log.gz", regex="null", ={})
2021-05-21 08:43:01,936 Test worker DEBUG Building Plugin[name=IfLastModified, class=org.apache.logging.log4j.core.appender.rolling.action.IfLastModified].
2021-05-21 08:43:01,937 Test worker DEBUG createAgeCondition(age="P3D", ={})
2021-05-21 08:43:01,937 Test worker TRACE Using default SystemClock for timestamps.
2021-05-21 08:43:01,937 Test worker DEBUG org.apache.logging.log4j.core.util.SystemClock does not support precise timestamps.
2021-05-21 08:43:01,938 Test worker DEBUG Building Plugin[name=Delete, class=org.apache.logging.log4j.core.appender.rolling.action.DeleteAction].
2021-05-21 08:43:01,940 Test worker DEBUG createDeleteAction(basePath="./tmp/log4j2/bak", followLinks="false", maxDepth="1", testMode="false", PathSorter=null, ={IfFileName(glob:hibernate-*.log.gz), IfLastModified(age=P3D)}, ScriptCondition=null, Configuration(LogConfig))
2021-05-21 08:43:01,940 Test worker DEBUG Building Plugin[name=DefaultRolloverStrategy, class=org.apache.logging.log4j.core.appender.rolling.DefaultRolloverStrategy].
2021-05-21 08:43:01,941 Test worker DEBUG DefaultRolloverStrategy$Builder(max="null", min="null", fileIndex="null", compressionLevel="null", ={DeleteAction[basePath=.\tmp\log4j2\bak, options=[], maxDepth=1, conditions=[IfFileName(glob:hibernate-*.log.gz), IfLastModified(age=P3D)]]}, stopCustomActionsOnError="null", tempCompressedFilePattern="null", Configuration(LogConfig))
2021-05-21 08:43:01,941 Test worker DEBUG Building Plugin[name=appender, class=org.apache.logging.log4j.core.appender.RollingFileAppender].
2021-05-21 08:43:01,942 Test worker DEBUG RollingFileAppender$Builder(fileName="./tmp/log4j2/hibernate.log", filePattern="./tmp/log4j2/bak/hibernate-%d{yy-MM-dd}-%i.log.gz", append="null", locking="null", Policies(CompositeTriggeringPolicy(policies=[OnStartupTriggeringPolicy, TimeBasedTriggeringPolicy(nextRolloverMillis=0, interval=1, modulate=true), SizeBasedTriggeringPolicy(size=3145728)])), DefaultRolloverStrategy(DefaultRolloverStrategy(min=1, max=7, useMax=true)), advertise="null", advertiseUri="null", createOnDemand="null", filePermissions="null", fileOwner="null", fileGroup="null", bufferedIo="null", bufferSize="null", immediateFlush="null", ignoreExceptions="null", PatternLayout([%d] - [%c] - [%highlight{%level}] - [%method] - [%t] - %msg%n), name="hibernate", Configuration(LogConfig), Filter=null, ={})
2021-05-21 08:43:01,945 Test worker TRACE New file './tmp/log4j2/hibernate.log' created = false
2021-05-21 08:43:01,946 Test worker DEBUG Returning file creation time for C:\Users\user\eclipse-workspace\xmldemo\.\tmp\log4j2\hibernate.log
2021-05-21 08:43:01,946 Test worker DEBUG Starting RollingFileManager ./tmp/log4j2/hibernate.log
2021-05-21 08:43:01,947 Test worker DEBUG PluginManager 'FileConverter' found 2 plugins
2021-05-21 08:43:01,947 Test worker DEBUG Setting prev file time to 2021-05-19T08:57:15.691+0800
2021-05-21 08:43:01,948 Test worker DEBUG Initializing triggering policy CompositeTriggeringPolicy(policies=[OnStartupTriggeringPolicy, TimeBasedTriggeringPolicy(nextRolloverMillis=0, interval=1, modulate=true), SizeBasedTriggeringPolicy(size=3145728)])
2021-05-21 08:43:01,948 Test worker DEBUG Initializing triggering policy OnStartupTriggeringPolicy
2021-05-21 08:43:01,948 Test worker DEBUG Initiating rollover at startup
2021-05-21 08:43:01,949 Test worker DEBUG Formatting file name. useCurrentTime=false. currentFileTime=0, prevFileTime=1621385835691
2021-05-21 08:43:01,950 Test worker DEBUG Formatting file name. useCurrentTime=false. currentFileTime=0, prevFileTime=1621385835691
2021-05-21 08:43:01,950 Test worker TRACE DefaultRolloverStrategy.purge() took 1.0 milliseconds
2021-05-21 08:43:01,955 Test worker DEBUG RollingFileManager executing synchronous FileRenameAction[.\tmp\log4j2\hibernate.log to .\tmp\log4j2\bak\hibernate-21-05-19-3.log, renameEmptyFiles=false]
2021-05-21 08:43:01,956 Test worker TRACE Renamed file C:\Users\user\eclipse-workspace\xmldemo\.\tmp\log4j2\hibernate.log to C:\Users\user\eclipse-workspace\xmldemo\.\tmp\log4j2\bak\hibernate-21-05-19-3.log with Files.move
2021-05-21 08:43:01,957 Test worker DEBUG RollingFileManager executing async CompositeAction[GzCompressAction[.\tmp\log4j2\bak\hibernate-21-05-19-3.log to .\tmp\log4j2\bak\hibernate-21-05-19-3.log.gz, deleteSource=true], DeleteAction[basePath=.\tmp\log4j2\bak, options=[], maxDepth=1, conditions=[IfFileName(glob:hibernate-*.log.gz), IfLastModified(age=P3D)]]]
2021-05-21 08:43:01,957 Test worker DEBUG Now writing to ./tmp/log4j2/hibernate.log at 2021-05-21T08:43:01.957+0800
2021-05-21 08:43:01,957 Test worker DEBUG Initializing triggering policy TimeBasedTriggeringPolicy(nextRolloverMillis=0, interval=1, modulate=true)
2021-05-21 08:43:01,958 Test worker TRACE PatternProcessor.getNextTime returning 2021/05/22-00:00:00.000, nextFileTime=2021/05/21-00:00:00.000, prevFileTime=1970/01/01-08:00:00.000, current=2021/05/21-08:43:01.957, freq=DAILY
2021-05-21 08:43:01,959 Test worker TRACE PatternProcessor.getNextTime returning 2021/05/22-00:00:00.000, nextFileTime=2021/05/21-00:00:00.000, prevFileTime=2021/05/21-00:00:00.000, current=2021/05/21-08:43:01.958, freq=DAILY
2021-05-21 08:43:01,959 Test worker DEBUG Initializing triggering policy SizeBasedTriggeringPolicy(size=3145728)
2021-05-21 08:43:01,961 Test worker DEBUG Building Plugin[name=layout, class=org.apache.logging.log4j.core.layout.PatternLayout].
2021-05-21 08:43:01,962 Log4j2-TF-2-RollingFileManager-2 DEBUG Starting DeleteAction[basePath=.\tmp\log4j2\bak, options=[], maxDepth=1, conditions=[IfFileName(glob:hibernate-*.log.gz), IfLastModified(age=P3D)]]
2021-05-21 08:43:01,962 Test worker DEBUG PatternLayout$Builder(pattern="[%d] - [%c] - [%highlight{%level}] - [%method] - [%t] - %msg%n", PatternSelector=null, Configuration(LogConfig), Replace=null, charset="null", alwaysWriteExceptions="null", disableAnsi="null", noConsoleNoAnsi="null", header="null", footer="null")
2021-05-21 08:43:01,963 Test worker DEBUG Building Plugin[name=OnStartupTriggeringPolicy, class=org.apache.logging.log4j.core.appender.rolling.OnStartupTriggeringPolicy].
2021-05-21 08:43:01,963 Test worker DEBUG createPolicy(minSize="1")
2021-05-21 08:43:01,964 Log4j2-TF-2-RollingFileManager-2 DEBUG DeleteAction complete in 0.0017874 seconds
2021-05-21 08:43:01,964 Test worker DEBUG Building Plugin[name=TimeBasedTriggeringPolicy, class=org.apache.logging.log4j.core.appender.rolling.TimeBasedTriggeringPolicy].
2021-05-21 08:43:01,964 Log4j2-TF-2-RollingFileManager-2 TRACE Sorted paths:
2021-05-21 08:43:01,964 Test worker DEBUG TimeBasedTriggeringPolicy$Builder(interval="1", modulate="true", maxRandomDelay="null")
2021-05-21 08:43:01,965 Test worker DEBUG Building Plugin[name=SizeBasedTriggeringPolicy, class=org.apache.logging.log4j.core.appender.rolling.SizeBasedTriggeringPolicy].
2021-05-21 08:43:01,965 Test worker DEBUG createPolicy(size="3 MB")
2021-05-21 08:43:01,966 Test worker DEBUG Building Plugin[name=Policies, class=org.apache.logging.log4j.core.appender.rolling.CompositeTriggeringPolicy].
2021-05-21 08:43:01,966 Test worker DEBUG createPolicy(={OnStartupTriggeringPolicy, TimeBasedTriggeringPolicy(nextRolloverMillis=0, interval=1, modulate=true), SizeBasedTriggeringPolicy(size=3145728)})
2021-05-21 08:43:01,966 Test worker DEBUG Building Plugin[name=IfFileName, class=org.apache.logging.log4j.core.appender.rolling.action.IfFileName].
2021-05-21 08:43:01,967 Test worker DEBUG createNameCondition(glob="activemq-*.log.gz", regex="null", ={})
2021-05-21 08:43:01,968 Test worker DEBUG Building Plugin[name=IfLastModified, class=org.apache.logging.log4j.core.appender.rolling.action.IfLastModified].
2021-05-21 08:43:01,968 Test worker DEBUG createAgeCondition(age="P3D", ={})
2021-05-21 08:43:01,969 Test worker DEBUG Building Plugin[name=Delete, class=org.apache.logging.log4j.core.appender.rolling.action.DeleteAction].
2021-05-21 08:43:01,970 Test worker DEBUG createDeleteAction(basePath="./tmp/log4j2/bak", followLinks="false", maxDepth="1", testMode="false", PathSorter=null, ={IfFileName(glob:activemq-*.log.gz), IfLastModified(age=P3D)}, ScriptCondition=null, Configuration(LogConfig))
2021-05-21 08:43:01,970 Test worker DEBUG Building Plugin[name=DefaultRolloverStrategy, class=org.apache.logging.log4j.core.appender.rolling.DefaultRolloverStrategy].
2021-05-21 08:43:01,965 Log4j2-TF-2-RollingFileManager-2 TRACE .\tmp\log4j2\bak\hibernate-21-05-19-3.log.gz (modified: 2021-05-21T00:43:01.958992Z)
2021-05-21 08:43:01,971 Log4j2-TF-2-RollingFileManager-2 TRACE .\tmp\log4j2\bak\service-21-05-19-3.log.gz (modified: 2021-05-21T00:43:01.925084Z)
2021-05-21 08:43:01,971 Test worker DEBUG DefaultRolloverStrategy$Builder(max="null", min="null", fileIndex="null", compressionLevel="null", ={DeleteAction[basePath=.\tmp\log4j2\bak, options=[], maxDepth=1, conditions=[IfFileName(glob:activemq-*.log.gz), IfLastModified(age=P3D)]]}, stopCustomActionsOnError="null", tempCompressedFilePattern="null", Configuration(LogConfig))
2021-05-21 08:43:01,971 Log4j2-TF-2-RollingFileManager-2 TRACE .\tmp\log4j2\bak\service-21-05-19-2.log.gz (modified: 2021-05-19T01:08:38.969574Z)
2021-05-21 08:43:01,971 Log4j2-TF-2-RollingFileManager-2 TRACE .\tmp\log4j2\bak\hibernate-21-05-19-2.log.gz (modified: 2021-05-19T01:08:38.969574Z)
2021-05-21 08:43:01,971 Test worker DEBUG Building Plugin[name=appender, class=org.apache.logging.log4j.core.appender.RollingFileAppender].
2021-05-21 08:43:01,971 Log4j2-TF-2-RollingFileManager-2 TRACE .\tmp\log4j2\bak\hibernate-21-05-19-1.log.gz (modified: 2021-05-19T01:06:14.421816Z)
2021-05-21 08:43:01,971 Log4j2-TF-2-RollingFileManager-2 TRACE .\tmp\log4j2\bak\service-21-05-19-1.log.gz (modified: 2021-05-19T01:06:14.40987Z)
2021-05-21 08:43:01,971 Log4j2-TF-2-RollingFileManager-2 TRACE .\tmp\log4j2\bak\service-21-05-12-9.log.gz (modified: 2021-05-19T00:56:20.223773Z)
2021-05-21 08:43:01,972 Log4j2-TF-2-RollingFileManager-2 TRACE .\tmp\log4j2\bak\service-21-05-12-8.log.gz (modified: 2021-05-19T00:56:20.222776Z)
2021-05-21 08:43:01,972 Log4j2-TF-2-RollingFileManager-2 TRACE .\tmp\log4j2\bak\service-21-05-12-7.log.gz (modified: 2021-05-19T00:56:20.222776Z)
2021-05-21 08:43:01,972 Log4j2-TF-2-RollingFileManager-2 TRACE .\tmp\log4j2\bak\service-21-05-12-6.log.gz (modified: 2021-05-19T00:56:20.221778Z)
2021-05-21 08:43:01,972 Test worker DEBUG RollingFileAppender$Builder(fileName="./tmp/log4j2/activemq.log", filePattern="./tmp/log4j2/bak/activemq-%d{yy-MM-dd}-%i.log.gz", append="null", locking="null", Policies(CompositeTriggeringPolicy(policies=[OnStartupTriggeringPolicy, TimeBasedTriggeringPolicy(nextRolloverMillis=0, interval=1, modulate=true), SizeBasedTriggeringPolicy(size=3145728)])), DefaultRolloverStrategy(DefaultRolloverStrategy(min=1, max=7, useMax=true)), advertise="null", advertiseUri="null", createOnDemand="null", filePermissions="null", fileOwner="null", fileGroup="null", bufferedIo="null", bufferSize="null", immediateFlush="null", ignoreExceptions="null", PatternLayout([%d] - [%c] - [%highlight{%level}] - [%method] - [%t] - %msg%n), name="activemq", Configuration(LogConfig), Filter=null, ={})
2021-05-21 08:43:01,972 Log4j2-TF-2-RollingFileManager-2 TRACE .\tmp\log4j2\bak\service-21-05-12-5.log.gz (modified: 2021-05-19T00:56:20.221778Z)
2021-05-21 08:43:01,972 Log4j2-TF-2-RollingFileManager-2 TRACE .\tmp\log4j2\bak\service-21-05-12-4.log.gz (modified: 2021-05-19T00:56:20.220781Z)
2021-05-21 08:43:01,973 Log4j2-TF-2-RollingFileManager-2 TRACE .\tmp\log4j2\bak\service-21-05-12-3.log.gz (modified: 2021-05-19T00:56:20.220781Z)
2021-05-21 08:43:01,973 Log4j2-TF-2-RollingFileManager-2 TRACE .\tmp\log4j2\bak\service-21-05-12-2.log.gz (modified: 2021-05-19T00:56:20.220781Z)
2021-05-21 08:43:01,973 Log4j2-TF-2-RollingFileManager-2 TRACE .\tmp\log4j2\bak\service-21-05-12-10.log.gz (modified: 2021-05-19T00:56:20.219784Z)
2021-05-21 08:43:01,973 Log4j2-TF-2-RollingFileManager-2 TRACE .\tmp\log4j2\bak\service-21-05-12-1.log.gz (modified: 2021-05-19T00:56:20.219784Z)
2021-05-21 08:43:01,973 Log4j2-TF-2-RollingFileManager-2 TRACE .\tmp\log4j2\bak\hibernate-21-05-12-7.log.gz (modified: 2021-05-19T00:56:20.219784Z)
2021-05-21 08:43:01,974 Log4j2-TF-2-RollingFileManager-2 TRACE .\tmp\log4j2\bak\hibernate-21-05-12-6.log.gz (modified: 2021-05-19T00:56:20.218786Z)
2021-05-21 08:43:01,974 Log4j2-TF-2-RollingFileManager-2 TRACE .\tmp\log4j2\bak\hibernate-21-05-12-5.log.gz (modified: 2021-05-19T00:56:20.218786Z)
2021-05-21 08:43:01,974 Log4j2-TF-2-RollingFileManager-2 TRACE .\tmp\log4j2\bak\hibernate-21-05-12-4.log.gz (modified: 2021-05-19T00:56:20.218786Z)
2021-05-21 08:43:01,974 Log4j2-TF-2-RollingFileManager-2 TRACE .\tmp\log4j2\bak\hibernate-21-05-12-3.log.gz (modified: 2021-05-19T00:56:20.217789Z)
2021-05-21 08:43:01,974 Log4j2-TF-2-RollingFileManager-2 TRACE .\tmp\log4j2\bak\hibernate-21-05-12-2.log.gz (modified: 2021-05-19T00:56:20.217789Z)
2021-05-21 08:43:01,975 Log4j2-TF-2-RollingFileManager-2 TRACE .\tmp\log4j2\bak\hibernate-21-05-12-1.log.gz (modified: 2021-05-19T00:56:20.216792Z)
2021-05-21 08:43:01,975 Test worker TRACE New file './tmp/log4j2/activemq.log' created = false
2021-05-21 08:43:01,975 Log4j2-TF-2-RollingFileManager-2 TRACE IfFileName ACCEPTED: 'glob:hibernate-*.log.gz' matches relative path 'hibernate-21-05-19-3.log.gz'
2021-05-21 08:43:01,976 Log4j2-TF-2-RollingFileManager-2 TRACE IfLastModified REJECTED: hibernate-21-05-19-3.log.gz ageMillis '17' < 'P3D'
2021-05-21 08:43:01,976 Log4j2-TF-2-RollingFileManager-2 TRACE Not deleting base=.\tmp\log4j2\bak, relative=hibernate-21-05-19-3.log.gz
2021-05-21 08:43:01,976 Log4j2-TF-2-RollingFileManager-2 TRACE IfFileName REJECTED: 'glob:hibernate-*.log.gz' does not match relative path 'service-21-05-19-3.log.gz'
2021-05-21 08:43:01,976 Log4j2-TF-2-RollingFileManager-2 TRACE Not deleting base=.\tmp\log4j2\bak, relative=service-21-05-19-3.log.gz
2021-05-21 08:43:01,976 Test worker DEBUG Returning file creation time for C:\Users\user\eclipse-workspace\xmldemo\.\tmp\log4j2\activemq.log
2021-05-21 08:43:01,976 Log4j2-TF-2-RollingFileManager-2 TRACE IfFileName REJECTED: 'glob:hibernate-*.log.gz' does not match relative path 'service-21-05-19-2.log.gz'
2021-05-21 08:43:01,977 Log4j2-TF-2-RollingFileManager-2 TRACE Not deleting base=.\tmp\log4j2\bak, relative=service-21-05-19-2.log.gz
2021-05-21 08:43:01,977 Test worker DEBUG Starting RollingFileManager ./tmp/log4j2/activemq.log
2021-05-21 08:43:01,977 Log4j2-TF-2-RollingFileManager-2 TRACE IfFileName ACCEPTED: 'glob:hibernate-*.log.gz' matches relative path 'hibernate-21-05-19-2.log.gz'
2021-05-21 08:43:01,977 Log4j2-TF-2-RollingFileManager-2 TRACE IfLastModified REJECTED: hibernate-21-05-19-2.log.gz ageMillis '171263008' < 'P3D'
2021-05-21 08:43:01,977 Test worker DEBUG PluginManager 'FileConverter' found 2 plugins
2021-05-21 08:43:01,977 Log4j2-TF-2-RollingFileManager-2 TRACE Not deleting base=.\tmp\log4j2\bak, relative=hibernate-21-05-19-2.log.gz
2021-05-21 08:43:01,977 Log4j2-TF-2-RollingFileManager-2 TRACE IfFileName ACCEPTED: 'glob:hibernate-*.log.gz' matches relative path 'hibernate-21-05-19-1.log.gz'
2021-05-21 08:43:01,977 Log4j2-TF-2-RollingFileManager-2 TRACE IfLastModified REJECTED: hibernate-21-05-19-1.log.gz ageMillis '171407556' < 'P3D'
2021-05-21 08:43:01,978 Test worker DEBUG Setting prev file time to 2021-05-19T08:57:15.701+0800
2021-05-21 08:43:01,978 Log4j2-TF-2-RollingFileManager-2 TRACE Not deleting base=.\tmp\log4j2\bak, relative=hibernate-21-05-19-1.log.gz
2021-05-21 08:43:01,978 Test worker DEBUG Initializing triggering policy CompositeTriggeringPolicy(policies=[OnStartupTriggeringPolicy, TimeBasedTriggeringPolicy(nextRolloverMillis=0, interval=1, modulate=true), SizeBasedTriggeringPolicy(size=3145728)])
2021-05-21 08:43:01,978 Log4j2-TF-2-RollingFileManager-2 TRACE IfFileName REJECTED: 'glob:hibernate-*.log.gz' does not match relative path 'service-21-05-19-1.log.gz'
2021-05-21 08:43:01,978 Log4j2-TF-2-RollingFileManager-2 TRACE Not deleting base=.\tmp\log4j2\bak, relative=service-21-05-19-1.log.gz
2021-05-21 08:43:01,978 Test worker DEBUG Initializing triggering policy OnStartupTriggeringPolicy
2021-05-21 08:43:01,978 Log4j2-TF-2-RollingFileManager-2 TRACE IfFileName REJECTED: 'glob:hibernate-*.log.gz' does not match relative path 'service-21-05-12-9.log.gz'
2021-05-21 08:43:01,979 Log4j2-TF-2-RollingFileManager-2 TRACE Not deleting base=.\tmp\log4j2\bak, relative=service-21-05-12-9.log.gz
2021-05-21 08:43:01,979 Log4j2-TF-2-RollingFileManager-2 TRACE IfFileName REJECTED: 'glob:hibernate-*.log.gz' does not match relative path 'service-21-05-12-8.log.gz'
2021-05-21 08:43:01,979 Test worker DEBUG Initializing triggering policy TimeBasedTriggeringPolicy(nextRolloverMillis=0, interval=1, modulate=true)
2021-05-21 08:43:01,979 Log4j2-TF-2-RollingFileManager-2 TRACE Not deleting base=.\tmp\log4j2\bak, relative=service-21-05-12-8.log.gz
2021-05-21 08:43:01,979 Log4j2-TF-2-RollingFileManager-2 TRACE IfFileName REJECTED: 'glob:hibernate-*.log.gz' does not match relative path 'service-21-05-12-7.log.gz'
2021-05-21 08:43:01,979 Log4j2-TF-2-RollingFileManager-2 TRACE Not deleting base=.\tmp\log4j2\bak, relative=service-21-05-12-7.log.gz
2021-05-21 08:43:01,980 Log4j2-TF-2-RollingFileManager-2 TRACE IfFileName REJECTED: 'glob:hibernate-*.log.gz' does not match relative path 'service-21-05-12-6.log.gz'
2021-05-21 08:43:01,980 Test worker TRACE PatternProcessor.getNextTime returning 2021/05/20-00:00:00.000, nextFileTime=2021/05/19-00:00:00.000, prevFileTime=1970/01/01-08:00:00.000, current=2021/05/21-08:43:01.979, freq=DAILY
2021-05-21 08:43:01,980 Log4j2-TF-2-RollingFileManager-2 TRACE Not deleting base=.\tmp\log4j2\bak, relative=service-21-05-12-6.log.gz
2021-05-21 08:43:01,980 Log4j2-TF-2-RollingFileManager-2 TRACE IfFileName REJECTED: 'glob:hibernate-*.log.gz' does not match relative path 'service-21-05-12-5.log.gz'
2021-05-21 08:43:01,980 Log4j2-TF-2-RollingFileManager-2 TRACE Not deleting base=.\tmp\log4j2\bak, relative=service-21-05-12-5.log.gz
2021-05-21 08:43:01,980 Log4j2-TF-2-RollingFileManager-2 TRACE IfFileName REJECTED: 'glob:hibernate-*.log.gz' does not match relative path 'service-21-05-12-4.log.gz'
2021-05-21 08:43:01,980 Test worker TRACE PatternProcessor.getNextTime returning 2021/05/20-00:00:00.000, nextFileTime=2021/05/19-00:00:00.000, prevFileTime=2021/05/19-00:00:00.000, current=2021/05/21-08:43:01.980, freq=DAILY
2021-05-21 08:43:01,980 Log4j2-TF-2-RollingFileManager-2 TRACE Not deleting base=.\tmp\log4j2\bak, relative=service-21-05-12-4.log.gz
2021-05-21 08:43:01,981 Test worker DEBUG Initializing triggering policy SizeBasedTriggeringPolicy(size=3145728)
2021-05-21 08:43:01,981 Log4j2-TF-2-RollingFileManager-2 TRACE IfFileName REJECTED: 'glob:hibernate-*.log.gz' does not match relative path 'service-21-05-12-3.log.gz'
2021-05-21 08:43:01,981 Log4j2-TF-2-RollingFileManager-2 TRACE Not deleting base=.\tmp\log4j2\bak, relative=service-21-05-12-3.log.gz
2021-05-21 08:43:01,981 Test worker DEBUG Building Plugin[name=layout, class=org.apache.logging.log4j.core.layout.PatternLayout].
2021-05-21 08:43:01,981 Log4j2-TF-2-RollingFileManager-2 TRACE IfFileName REJECTED: 'glob:hibernate-*.log.gz' does not match relative path 'service-21-05-12-2.log.gz'
2021-05-21 08:43:01,981 Log4j2-TF-2-RollingFileManager-2 TRACE Not deleting base=.\tmp\log4j2\bak, relative=service-21-05-12-2.log.gz
2021-05-21 08:43:01,981 Log4j2-TF-2-RollingFileManager-2 TRACE IfFileName REJECTED: 'glob:hibernate-*.log.gz' does not match relative path 'service-21-05-12-10.log.gz'
2021-05-21 08:43:01,981 Test worker DEBUG PatternLayout$Builder(pattern="[%d] - [%c] - [%highlight{%level}] - [%method] - [%t] - %msg%n", PatternSelector=null, Configuration(LogConfig), Replace=null, charset="null", alwaysWriteExceptions="null", disableAnsi="null", noConsoleNoAnsi="null", header="null", footer="null")
2021-05-21 08:43:01,982 Log4j2-TF-2-RollingFileManager-2 TRACE Not deleting base=.\tmp\log4j2\bak, relative=service-21-05-12-10.log.gz
2021-05-21 08:43:01,982 Log4j2-TF-2-RollingFileManager-2 TRACE IfFileName REJECTED: 'glob:hibernate-*.log.gz' does not match relative path 'service-21-05-12-1.log.gz'
2021-05-21 08:43:01,982 Log4j2-TF-2-RollingFileManager-2 TRACE Not deleting base=.\tmp\log4j2\bak, relative=service-21-05-12-1.log.gz
2021-05-21 08:43:01,982 Log4j2-TF-2-RollingFileManager-2 TRACE IfFileName ACCEPTED: 'glob:hibernate-*.log.gz' matches relative path 'hibernate-21-05-12-7.log.gz'
2021-05-21 08:43:01,982 Test worker DEBUG Building Plugin[name=OnStartupTriggeringPolicy, class=org.apache.logging.log4j.core.appender.rolling.OnStartupTriggeringPolicy].
2021-05-21 08:43:01,982 Log4j2-TF-2-RollingFileManager-2 TRACE IfLastModified REJECTED: hibernate-21-05-12-7.log.gz ageMillis '172001763' < 'P3D'
2021-05-21 08:43:01,982 Log4j2-TF-2-RollingFileManager-2 TRACE Not deleting base=.\tmp\log4j2\bak, relative=hibernate-21-05-12-7.log.gz
2021-05-21 08:43:01,983 Log4j2-TF-2-RollingFileManager-2 TRACE IfFileName ACCEPTED: 'glob:hibernate-*.log.gz' matches relative path 'hibernate-21-05-12-6.log.gz'
2021-05-21 08:43:01,983 Test worker DEBUG createPolicy(minSize="1")
2021-05-21 08:43:01,983 Log4j2-TF-2-RollingFileManager-2 TRACE IfLastModified REJECTED: hibernate-21-05-12-6.log.gz ageMillis '172001765' < 'P3D'
2021-05-21 08:43:01,983 Test worker DEBUG Building Plugin[name=TimeBasedTriggeringPolicy, class=org.apache.logging.log4j.core.appender.rolling.TimeBasedTriggeringPolicy].
2021-05-21 08:43:01,983 Log4j2-TF-2-RollingFileManager-2 TRACE Not deleting base=.\tmp\log4j2\bak, relative=hibernate-21-05-12-6.log.gz
2021-05-21 08:43:01,983 Log4j2-TF-2-RollingFileManager-2 TRACE IfFileName ACCEPTED: 'glob:hibernate-*.log.gz' matches relative path 'hibernate-21-05-12-5.log.gz'
2021-05-21 08:43:01,983 Log4j2-TF-2-RollingFileManager-2 TRACE IfLastModified REJECTED: hibernate-21-05-12-5.log.gz ageMillis '172001765' < 'P3D'
2021-05-21 08:43:01,983 Test worker DEBUG TimeBasedTriggeringPolicy$Builder(interval="1", modulate="true", maxRandomDelay="null")
2021-05-21 08:43:01,983 Log4j2-TF-2-RollingFileManager-2 TRACE Not deleting base=.\tmp\log4j2\bak, relative=hibernate-21-05-12-5.log.gz
2021-05-21 08:43:01,984 Log4j2-TF-2-RollingFileManager-2 TRACE IfFileName ACCEPTED: 'glob:hibernate-*.log.gz' matches relative path 'hibernate-21-05-12-4.log.gz'
2021-05-21 08:43:01,984 Test worker DEBUG Building Plugin[name=SizeBasedTriggeringPolicy, class=org.apache.logging.log4j.core.appender.rolling.SizeBasedTriggeringPolicy].
2021-05-21 08:43:01,984 Log4j2-TF-2-RollingFileManager-2 TRACE IfLastModified REJECTED: hibernate-21-05-12-4.log.gz ageMillis '172001766' < 'P3D'
2021-05-21 08:43:01,984 Log4j2-TF-2-RollingFileManager-2 TRACE Not deleting base=.\tmp\log4j2\bak, relative=hibernate-21-05-12-4.log.gz
2021-05-21 08:43:01,984 Test worker DEBUG createPolicy(size="3 MB")
2021-05-21 08:43:01,984 Log4j2-TF-2-RollingFileManager-2 TRACE IfFileName ACCEPTED: 'glob:hibernate-*.log.gz' matches relative path 'hibernate-21-05-12-3.log.gz'
2021-05-21 08:43:01,984 Log4j2-TF-2-RollingFileManager-2 TRACE IfLastModified REJECTED: hibernate-21-05-12-3.log.gz ageMillis '172001767' < 'P3D'
2021-05-21 08:43:01,984 Log4j2-TF-2-RollingFileManager-2 TRACE Not deleting base=.\tmp\log4j2\bak, relative=hibernate-21-05-12-3.log.gz
2021-05-21 08:43:01,984 Test worker DEBUG Building Plugin[name=Policies, class=org.apache.logging.log4j.core.appender.rolling.CompositeTriggeringPolicy].
2021-05-21 08:43:01,985 Log4j2-TF-2-RollingFileManager-2 TRACE IfFileName ACCEPTED: 'glob:hibernate-*.log.gz' matches relative path 'hibernate-21-05-12-2.log.gz'
2021-05-21 08:43:01,985 Log4j2-TF-2-RollingFileManager-2 TRACE IfLastModified REJECTED: hibernate-21-05-12-2.log.gz ageMillis '172001768' < 'P3D'
2021-05-21 08:43:01,985 Test worker DEBUG createPolicy(={OnStartupTriggeringPolicy, TimeBasedTriggeringPolicy(nextRolloverMillis=0, interval=1, modulate=true), SizeBasedTriggeringPolicy(size=3145728)})
2021-05-21 08:43:01,985 Log4j2-TF-2-RollingFileManager-2 TRACE Not deleting base=.\tmp\log4j2\bak, relative=hibernate-21-05-12-2.log.gz
2021-05-21 08:43:01,985 Test worker DEBUG Building Plugin[name=IfFileName, class=org.apache.logging.log4j.core.appender.rolling.action.IfFileName].
2021-05-21 08:43:01,985 Log4j2-TF-2-RollingFileManager-2 TRACE IfFileName ACCEPTED: 'glob:hibernate-*.log.gz' matches relative path 'hibernate-21-05-12-1.log.gz'
2021-05-21 08:43:01,986 Log4j2-TF-2-RollingFileManager-2 TRACE IfLastModified REJECTED: hibernate-21-05-12-1.log.gz ageMillis '172001769' < 'P3D'
2021-05-21 08:43:01,986 Log4j2-TF-2-RollingFileManager-2 TRACE Not deleting base=.\tmp\log4j2\bak, relative=hibernate-21-05-12-1.log.gz
2021-05-21 08:43:01,986 Test worker DEBUG createNameCondition(glob="quartz-*.log.gz", regex="null", ={})
2021-05-21 08:43:01,986 Test worker DEBUG Building Plugin[name=IfLastModified, class=org.apache.logging.log4j.core.appender.rolling.action.IfLastModified].
2021-05-21 08:43:01,987 Test worker DEBUG createAgeCondition(age="P3D", ={})
2021-05-21 08:43:01,987 Test worker DEBUG Building Plugin[name=Delete, class=org.apache.logging.log4j.core.appender.rolling.action.DeleteAction].
2021-05-21 08:43:01,988 Test worker DEBUG createDeleteAction(basePath="./tmp/log4j2/bak", followLinks="false", maxDepth="1", testMode="false", PathSorter=null, ={IfFileName(glob:quartz-*.log.gz), IfLastModified(age=P3D)}, ScriptCondition=null, Configuration(LogConfig))
2021-05-21 08:43:01,989 Test worker DEBUG Building Plugin[name=DefaultRolloverStrategy, class=org.apache.logging.log4j.core.appender.rolling.DefaultRolloverStrategy].
2021-05-21 08:43:01,990 Test worker DEBUG DefaultRolloverStrategy$Builder(max="null", min="null", fileIndex="null", compressionLevel="null", ={DeleteAction[basePath=.\tmp\log4j2\bak, options=[], maxDepth=1, conditions=[IfFileName(glob:quartz-*.log.gz), IfLastModified(age=P3D)]]}, stopCustomActionsOnError="null", tempCompressedFilePattern="null", Configuration(LogConfig))
2021-05-21 08:43:01,990 Test worker DEBUG Building Plugin[name=appender, class=org.apache.logging.log4j.core.appender.RollingFileAppender].
2021-05-21 08:43:01,991 Test worker DEBUG RollingFileAppender$Builder(fileName="./tmp/log4j2/quartz.log", filePattern="./tmp/log4j2/bak/quartz-%d{yy-MM-dd}-%i.log.gz", append="null", locking="null", Policies(CompositeTriggeringPolicy(policies=[OnStartupTriggeringPolicy, TimeBasedTriggeringPolicy(nextRolloverMillis=0, interval=1, modulate=true), SizeBasedTriggeringPolicy(size=3145728)])), DefaultRolloverStrategy(DefaultRolloverStrategy(min=1, max=7, useMax=true)), advertise="null", advertiseUri="null", createOnDemand="null", filePermissions="null", fileOwner="null", fileGroup="null", bufferedIo="null", bufferSize="null", immediateFlush="null", ignoreExceptions="null", PatternLayout([%d] - [%c] - [%highlight{%level}] - [%method] - [%t] - %msg%n), name="quartz", Configuration(LogConfig), Filter=null, ={})
2021-05-21 08:43:01,992 Test worker TRACE New file './tmp/log4j2/quartz.log' created = false
2021-05-21 08:43:01,993 Test worker DEBUG Returning file creation time for C:\Users\user\eclipse-workspace\xmldemo\.\tmp\log4j2\quartz.log
2021-05-21 08:43:01,993 Test worker DEBUG Starting RollingFileManager ./tmp/log4j2/quartz.log
2021-05-21 08:43:01,993 Test worker DEBUG PluginManager 'FileConverter' found 2 plugins
2021-05-21 08:43:01,993 Test worker DEBUG Setting prev file time to 2021-05-19T08:57:15.712+0800
2021-05-21 08:43:01,994 Test worker DEBUG Initializing triggering policy CompositeTriggeringPolicy(policies=[OnStartupTriggeringPolicy, TimeBasedTriggeringPolicy(nextRolloverMillis=0, interval=1, modulate=true), SizeBasedTriggeringPolicy(size=3145728)])
2021-05-21 08:43:01,994 Test worker DEBUG Initializing triggering policy OnStartupTriggeringPolicy
2021-05-21 08:43:01,994 Test worker DEBUG Initializing triggering policy TimeBasedTriggeringPolicy(nextRolloverMillis=0, interval=1, modulate=true)
2021-05-21 08:43:01,994 Test worker TRACE PatternProcessor.getNextTime returning 2021/05/20-00:00:00.000, nextFileTime=2021/05/19-00:00:00.000, prevFileTime=1970/01/01-08:00:00.000, current=2021/05/21-08:43:01.994, freq=DAILY
2021-05-21 08:43:01,995 Test worker TRACE PatternProcessor.getNextTime returning 2021/05/20-00:00:00.000, nextFileTime=2021/05/19-00:00:00.000, prevFileTime=2021/05/19-00:00:00.000, current=2021/05/21-08:43:01.995, freq=DAILY
2021-05-21 08:43:01,995 Test worker DEBUG Initializing triggering policy SizeBasedTriggeringPolicy(size=3145728)
2021-05-21 08:43:01,995 Test worker DEBUG Building Plugin[name=layout, class=org.apache.logging.log4j.core.layout.PatternLayout].
2021-05-21 08:43:01,996 Test worker DEBUG PatternLayout$Builder(pattern="[%d] - [%c] - [%highlight{%level}] - [%method] - [%t] - %msg%n", PatternSelector=null, Configuration(LogConfig), Replace=null, charset="null", alwaysWriteExceptions="null", disableAnsi="null", noConsoleNoAnsi="null", header="null", footer="null")
2021-05-21 08:43:01,996 Test worker DEBUG Building Plugin[name=OnStartupTriggeringPolicy, class=org.apache.logging.log4j.core.appender.rolling.OnStartupTriggeringPolicy].
2021-05-21 08:43:01,997 Test worker DEBUG createPolicy(minSize="1")
2021-05-21 08:43:01,997 Test worker DEBUG Building Plugin[name=TimeBasedTriggeringPolicy, class=org.apache.logging.log4j.core.appender.rolling.TimeBasedTriggeringPolicy].
2021-05-21 08:43:01,997 Test worker DEBUG TimeBasedTriggeringPolicy$Builder(interval="1", modulate="true", maxRandomDelay="null")
2021-05-21 08:43:01,997 Test worker DEBUG Building Plugin[name=SizeBasedTriggeringPolicy, class=org.apache.logging.log4j.core.appender.rolling.SizeBasedTriggeringPolicy].
2021-05-21 08:43:01,998 Test worker DEBUG createPolicy(size="3 MB")
2021-05-21 08:43:01,998 Test worker DEBUG Building Plugin[name=Policies, class=org.apache.logging.log4j.core.appender.rolling.CompositeTriggeringPolicy].
2021-05-21 08:43:01,998 Test worker DEBUG createPolicy(={OnStartupTriggeringPolicy, TimeBasedTriggeringPolicy(nextRolloverMillis=0, interval=1, modulate=true), SizeBasedTriggeringPolicy(size=3145728)})
2021-05-21 08:43:01,998 Test worker DEBUG Building Plugin[name=IfFileName, class=org.apache.logging.log4j.core.appender.rolling.action.IfFileName].
2021-05-21 08:43:01,999 Test worker DEBUG createNameCondition(glob="broker-*.log.gz", regex="null", ={})
2021-05-21 08:43:01,999 Test worker DEBUG Building Plugin[name=IfLastModified, class=org.apache.logging.log4j.core.appender.rolling.action.IfLastModified].
2021-05-21 08:43:01,999 Test worker DEBUG createAgeCondition(age="P3D", ={})
2021-05-21 08:43:01,999 Test worker DEBUG Building Plugin[name=Delete, class=org.apache.logging.log4j.core.appender.rolling.action.DeleteAction].
2021-05-21 08:43:02,000 Test worker DEBUG createDeleteAction(basePath="./tmp/log4j2/bak", followLinks="false", maxDepth="1", testMode="false", PathSorter=null, ={IfFileName(glob:broker-*.log.gz), IfLastModified(age=P3D)}, ScriptCondition=null, Configuration(LogConfig))
2021-05-21 08:43:02,000 Test worker DEBUG Building Plugin[name=DefaultRolloverStrategy, class=org.apache.logging.log4j.core.appender.rolling.DefaultRolloverStrategy].
2021-05-21 08:43:02,001 Test worker DEBUG DefaultRolloverStrategy$Builder(max="null", min="null", fileIndex="null", compressionLevel="null", ={DeleteAction[basePath=.\tmp\log4j2\bak, options=[], maxDepth=1, conditions=[IfFileName(glob:broker-*.log.gz), IfLastModified(age=P3D)]]}, stopCustomActionsOnError="null", tempCompressedFilePattern="null", Configuration(LogConfig))
2021-05-21 08:43:02,001 Test worker DEBUG Building Plugin[name=appender, class=org.apache.logging.log4j.core.appender.RollingFileAppender].
2021-05-21 08:43:02,002 Test worker DEBUG RollingFileAppender$Builder(fileName="./tmp/log4j2/broker.log", filePattern="./tmp/log4j2/bak/broker-%d{yy-MM-dd}-%i.log.gz", append="null", locking="null", Policies(CompositeTriggeringPolicy(policies=[OnStartupTriggeringPolicy, TimeBasedTriggeringPolicy(nextRolloverMillis=0, interval=1, modulate=true), SizeBasedTriggeringPolicy(size=3145728)])), DefaultRolloverStrategy(DefaultRolloverStrategy(min=1, max=7, useMax=true)), advertise="null", advertiseUri="null", createOnDemand="null", filePermissions="null", fileOwner="null", fileGroup="null", bufferedIo="null", bufferSize="null", immediateFlush="null", ignoreExceptions="null", PatternLayout([%d] - [%c] - [%highlight{%level}] - [%method] - [%t] - %msg%n), name="broker", Configuration(LogConfig), Filter=null, ={})
2021-05-21 08:43:02,002 Test worker TRACE New file './tmp/log4j2/broker.log' created = false
2021-05-21 08:43:02,003 Test worker DEBUG Returning file creation time for C:\Users\user\eclipse-workspace\xmldemo\.\tmp\log4j2\broker.log
2021-05-21 08:43:02,003 Test worker DEBUG Starting RollingFileManager ./tmp/log4j2/broker.log
2021-05-21 08:43:02,003 Test worker DEBUG PluginManager 'FileConverter' found 2 plugins
2021-05-21 08:43:02,004 Test worker DEBUG Setting prev file time to 2021-05-19T08:57:15.722+0800
2021-05-21 08:43:02,004 Test worker DEBUG Initializing triggering policy CompositeTriggeringPolicy(policies=[OnStartupTriggeringPolicy, TimeBasedTriggeringPolicy(nextRolloverMillis=0, interval=1, modulate=true), SizeBasedTriggeringPolicy(size=3145728)])
2021-05-21 08:43:02,004 Test worker DEBUG Initializing triggering policy OnStartupTriggeringPolicy
2021-05-21 08:43:02,004 Test worker DEBUG Initializing triggering policy TimeBasedTriggeringPolicy(nextRolloverMillis=0, interval=1, modulate=true)
2021-05-21 08:43:02,005 Test worker TRACE PatternProcessor.getNextTime returning 2021/05/20-00:00:00.000, nextFileTime=2021/05/19-00:00:00.000, prevFileTime=1970/01/01-08:00:00.000, current=2021/05/21-08:43:02.005, freq=DAILY
2021-05-21 08:43:02,006 Test worker TRACE PatternProcessor.getNextTime returning 2021/05/20-00:00:00.000, nextFileTime=2021/05/19-00:00:00.000, prevFileTime=2021/05/19-00:00:00.000, current=2021/05/21-08:43:02.006, freq=DAILY
2021-05-21 08:43:02,007 Test worker DEBUG Initializing triggering policy SizeBasedTriggeringPolicy(size=3145728)
2021-05-21 08:43:02,007 Test worker DEBUG Building Plugin[name=layout, class=org.apache.logging.log4j.core.layout.PatternLayout].
2021-05-21 08:43:02,008 Test worker DEBUG PatternLayout$Builder(pattern="[%d] - [%c] - [%highlight{%level}] - [%method] - [%t] - %msg%n", PatternSelector=null, Configuration(LogConfig), Replace=null, charset="null", alwaysWriteExceptions="null", disableAnsi="null", noConsoleNoAnsi="null", header="null", footer="null")
2021-05-21 08:43:02,009 Test worker DEBUG Building Plugin[name=OnStartupTriggeringPolicy, class=org.apache.logging.log4j.core.appender.rolling.OnStartupTriggeringPolicy].
2021-05-21 08:43:02,010 Test worker DEBUG createPolicy(minSize="1")
2021-05-21 08:43:02,010 Test worker DEBUG Building Plugin[name=TimeBasedTriggeringPolicy, class=org.apache.logging.log4j.core.appender.rolling.TimeBasedTriggeringPolicy].
2021-05-21 08:43:02,010 Test worker DEBUG TimeBasedTriggeringPolicy$Builder(interval="1", modulate="true", maxRandomDelay="null")
2021-05-21 08:43:02,011 Test worker DEBUG Building Plugin[name=SizeBasedTriggeringPolicy, class=org.apache.logging.log4j.core.appender.rolling.SizeBasedTriggeringPolicy].
2021-05-21 08:43:02,011 Test worker DEBUG createPolicy(size="3 MB")
2021-05-21 08:43:02,011 Test worker DEBUG Building Plugin[name=Policies, class=org.apache.logging.log4j.core.appender.rolling.CompositeTriggeringPolicy].
2021-05-21 08:43:02,012 Test worker DEBUG createPolicy(={OnStartupTriggeringPolicy, TimeBasedTriggeringPolicy(nextRolloverMillis=0, interval=1, modulate=true), SizeBasedTriggeringPolicy(size=3145728)})
2021-05-21 08:43:02,012 Test worker DEBUG Building Plugin[name=IfFileName, class=org.apache.logging.log4j.core.appender.rolling.action.IfFileName].
2021-05-21 08:43:02,012 Test worker DEBUG createNameCondition(glob="producer-*.log.gz", regex="null", ={})
2021-05-21 08:43:02,013 Test worker DEBUG Building Plugin[name=IfLastModified, class=org.apache.logging.log4j.core.appender.rolling.action.IfLastModified].
2021-05-21 08:43:02,013 Test worker DEBUG createAgeCondition(age="P3D", ={})
2021-05-21 08:43:02,013 Test worker DEBUG Building Plugin[name=Delete, class=org.apache.logging.log4j.core.appender.rolling.action.DeleteAction].
2021-05-21 08:43:02,014 Test worker DEBUG createDeleteAction(basePath="./tmp/log4j2/bak", followLinks="false", maxDepth="1", testMode="false", PathSorter=null, ={IfFileName(glob:producer-*.log.gz), IfLastModified(age=P3D)}, ScriptCondition=null, Configuration(LogConfig))
2021-05-21 08:43:02,015 Test worker DEBUG Building Plugin[name=DefaultRolloverStrategy, class=org.apache.logging.log4j.core.appender.rolling.DefaultRolloverStrategy].
2021-05-21 08:43:02,015 Test worker DEBUG DefaultRolloverStrategy$Builder(max="null", min="null", fileIndex="null", compressionLevel="null", ={DeleteAction[basePath=.\tmp\log4j2\bak, options=[], maxDepth=1, conditions=[IfFileName(glob:producer-*.log.gz), IfLastModified(age=P3D)]]}, stopCustomActionsOnError="null", tempCompressedFilePattern="null", Configuration(LogConfig))
2021-05-21 08:43:02,015 Test worker DEBUG Building Plugin[name=appender, class=org.apache.logging.log4j.core.appender.RollingFileAppender].
2021-05-21 08:43:02,016 Test worker DEBUG RollingFileAppender$Builder(fileName="./tmp/log4j2/producer.log", filePattern="./tmp/log4j2/bak/producer-%d{yy-MM-dd}-%i.log.gz", append="null", locking="null", Policies(CompositeTriggeringPolicy(policies=[OnStartupTriggeringPolicy, TimeBasedTriggeringPolicy(nextRolloverMillis=0, interval=1, modulate=true), SizeBasedTriggeringPolicy(size=3145728)])), DefaultRolloverStrategy(DefaultRolloverStrategy(min=1, max=7, useMax=true)), advertise="null", advertiseUri="null", createOnDemand="null", filePermissions="null", fileOwner="null", fileGroup="null", bufferedIo="null", bufferSize="null", immediateFlush="null", ignoreExceptions="null", PatternLayout([%d] - [%c] - [%highlight{%level}] - [%method] - [%t] - %msg%n), name="producer", Configuration(LogConfig), Filter=null, ={})
2021-05-21 08:43:02,017 Test worker TRACE New file './tmp/log4j2/producer.log' created = false
2021-05-21 08:43:02,018 Test worker DEBUG Returning file creation time for C:\Users\user\eclipse-workspace\xmldemo\.\tmp\log4j2\producer.log
2021-05-21 08:43:02,018 Test worker DEBUG Starting RollingFileManager ./tmp/log4j2/producer.log
2021-05-21 08:43:02,019 Test worker DEBUG PluginManager 'FileConverter' found 2 plugins
2021-05-21 08:43:02,019 Test worker DEBUG Setting prev file time to 2021-05-19T08:57:15.732+0800
2021-05-21 08:43:02,020 Test worker DEBUG Initializing triggering policy CompositeTriggeringPolicy(policies=[OnStartupTriggeringPolicy, TimeBasedTriggeringPolicy(nextRolloverMillis=0, interval=1, modulate=true), SizeBasedTriggeringPolicy(size=3145728)])
2021-05-21 08:43:02,020 Test worker DEBUG Initializing triggering policy OnStartupTriggeringPolicy
2021-05-21 08:43:02,020 Test worker DEBUG Initializing triggering policy TimeBasedTriggeringPolicy(nextRolloverMillis=0, interval=1, modulate=true)
2021-05-21 08:43:02,021 Test worker TRACE PatternProcessor.getNextTime returning 2021/05/20-00:00:00.000, nextFileTime=2021/05/19-00:00:00.000, prevFileTime=1970/01/01-08:00:00.000, current=2021/05/21-08:43:02.020, freq=DAILY
2021-05-21 08:43:02,022 Test worker TRACE PatternProcessor.getNextTime returning 2021/05/20-00:00:00.000, nextFileTime=2021/05/19-00:00:00.000, prevFileTime=2021/05/19-00:00:00.000, current=2021/05/21-08:43:02.021, freq=DAILY
2021-05-21 08:43:02,022 Test worker DEBUG Initializing triggering policy SizeBasedTriggeringPolicy(size=3145728)
2021-05-21 08:43:02,023 Test worker DEBUG Building Plugin[name=layout, class=org.apache.logging.log4j.core.layout.PatternLayout].
2021-05-21 08:43:02,024 Test worker DEBUG PatternLayout$Builder(pattern="[%d] - [%c] - [%highlight{%level}] - [%method] - [%t] - %msg%n", PatternSelector=null, Configuration(LogConfig), Replace=null, charset="null", alwaysWriteExceptions="null", disableAnsi="null", noConsoleNoAnsi="null", header="null", footer="null")
2021-05-21 08:43:02,025 Test worker DEBUG Building Plugin[name=OnStartupTriggeringPolicy, class=org.apache.logging.log4j.core.appender.rolling.OnStartupTriggeringPolicy].
2021-05-21 08:43:02,026 Test worker DEBUG createPolicy(minSize="1")
2021-05-21 08:43:02,026 Test worker DEBUG Building Plugin[name=TimeBasedTriggeringPolicy, class=org.apache.logging.log4j.core.appender.rolling.TimeBasedTriggeringPolicy].
2021-05-21 08:43:02,026 Test worker DEBUG TimeBasedTriggeringPolicy$Builder(interval="1", modulate="true", maxRandomDelay="null")
2021-05-21 08:43:02,026 Test worker DEBUG Building Plugin[name=SizeBasedTriggeringPolicy, class=org.apache.logging.log4j.core.appender.rolling.SizeBasedTriggeringPolicy].
2021-05-21 08:43:02,027 Test worker DEBUG createPolicy(size="3 MB")
2021-05-21 08:43:02,027 Test worker DEBUG Building Plugin[name=Policies, class=org.apache.logging.log4j.core.appender.rolling.CompositeTriggeringPolicy].
2021-05-21 08:43:02,028 Test worker DEBUG createPolicy(={OnStartupTriggeringPolicy, TimeBasedTriggeringPolicy(nextRolloverMillis=0, interval=1, modulate=true), SizeBasedTriggeringPolicy(size=3145728)})
2021-05-21 08:43:02,028 Test worker DEBUG Building Plugin[name=IfFileName, class=org.apache.logging.log4j.core.appender.rolling.action.IfFileName].
2021-05-21 08:43:02,029 Test worker DEBUG createNameCondition(glob="producer-*.log.gz", regex="null", ={})
2021-05-21 08:43:02,029 Test worker DEBUG Building Plugin[name=IfLastModified, class=org.apache.logging.log4j.core.appender.rolling.action.IfLastModified].
2021-05-21 08:43:02,029 Test worker DEBUG createAgeCondition(age="P3D", ={})
2021-05-21 08:43:02,029 Test worker DEBUG Building Plugin[name=Delete, class=org.apache.logging.log4j.core.appender.rolling.action.DeleteAction].
2021-05-21 08:43:02,030 Test worker DEBUG createDeleteAction(basePath="./tmp/log4j2/bak", followLinks="false", maxDepth="1", testMode="false", PathSorter=null, ={IfFileName(glob:producer-*.log.gz), IfLastModified(age=P3D)}, ScriptCondition=null, Configuration(LogConfig))
2021-05-21 08:43:02,030 Test worker DEBUG Building Plugin[name=DefaultRolloverStrategy, class=org.apache.logging.log4j.core.appender.rolling.DefaultRolloverStrategy].
2021-05-21 08:43:02,031 Test worker DEBUG DefaultRolloverStrategy$Builder(max="null", min="null", fileIndex="null", compressionLevel="null", ={DeleteAction[basePath=.\tmp\log4j2\bak, options=[], maxDepth=1, conditions=[IfFileName(glob:producer-*.log.gz), IfLastModified(age=P3D)]]}, stopCustomActionsOnError="null", tempCompressedFilePattern="null", Configuration(LogConfig))
2021-05-21 08:43:02,031 Test worker DEBUG Building Plugin[name=appender, class=org.apache.logging.log4j.core.appender.RollingFileAppender].
2021-05-21 08:43:02,032 Test worker DEBUG RollingFileAppender$Builder(fileName="./tmp/log4j2/consumer.log", filePattern="./tmp/log4j2/bak/consumer-%d{yy-MM-dd}-%i.log.gz", append="null", locking="null", Policies(CompositeTriggeringPolicy(policies=[OnStartupTriggeringPolicy, TimeBasedTriggeringPolicy(nextRolloverMillis=0, interval=1, modulate=true), SizeBasedTriggeringPolicy(size=3145728)])), DefaultRolloverStrategy(DefaultRolloverStrategy(min=1, max=7, useMax=true)), advertise="null", advertiseUri="null", createOnDemand="null", filePermissions="null", fileOwner="null", fileGroup="null", bufferedIo="null", bufferSize="null", immediateFlush="null", ignoreExceptions="null", PatternLayout([%d] - [%c] - [%highlight{%level}] - [%method] - [%t] - %msg%n), name="consumer", Configuration(LogConfig), Filter=null, ={})
2021-05-21 08:43:02,033 Test worker TRACE New file './tmp/log4j2/consumer.log' created = false
2021-05-21 08:43:02,034 Test worker DEBUG Returning file creation time for C:\Users\user\eclipse-workspace\xmldemo\.\tmp\log4j2\consumer.log
2021-05-21 08:43:02,035 Test worker DEBUG Starting RollingFileManager ./tmp/log4j2/consumer.log
2021-05-21 08:43:02,035 Test worker DEBUG PluginManager 'FileConverter' found 2 plugins
2021-05-21 08:43:02,036 Test worker DEBUG Setting prev file time to 2021-05-19T08:57:15.746+0800
2021-05-21 08:43:02,036 Test worker DEBUG Initializing triggering policy CompositeTriggeringPolicy(policies=[OnStartupTriggeringPolicy, TimeBasedTriggeringPolicy(nextRolloverMillis=0, interval=1, modulate=true), SizeBasedTriggeringPolicy(size=3145728)])
2021-05-21 08:43:02,037 Test worker DEBUG Initializing triggering policy OnStartupTriggeringPolicy
2021-05-21 08:43:02,038 Test worker DEBUG Initializing triggering policy TimeBasedTriggeringPolicy(nextRolloverMillis=0, interval=1, modulate=true)
2021-05-21 08:43:02,039 Test worker TRACE PatternProcessor.getNextTime returning 2021/05/20-00:00:00.000, nextFileTime=2021/05/19-00:00:00.000, prevFileTime=1970/01/01-08:00:00.000, current=2021/05/21-08:43:02.039, freq=DAILY
2021-05-21 08:43:02,040 Test worker TRACE PatternProcessor.getNextTime returning 2021/05/20-00:00:00.000, nextFileTime=2021/05/19-00:00:00.000, prevFileTime=2021/05/19-00:00:00.000, current=2021/05/21-08:43:02.039, freq=DAILY
2021-05-21 08:43:02,040 Test worker DEBUG Initializing triggering policy SizeBasedTriggeringPolicy(size=3145728)
2021-05-21 08:43:02,040 Test worker DEBUG Building Plugin[name=appenders, class=org.apache.logging.log4j.core.config.AppendersPlugin].
2021-05-21 08:43:02,041 Test worker DEBUG createAppenders(={stdout, service, hibernate, activemq, quartz, broker, producer, consumer})
2021-05-21 08:43:02,041 Test worker DEBUG Building Plugin[name=AppenderRef, class=org.apache.logging.log4j.core.config.AppenderRef].
2021-05-21 08:43:02,042 Test worker DEBUG createAppenderRef(ref="activemq", level="null", Filter=null)
2021-05-21 08:43:02,042 Test worker DEBUG Building Plugin[name=AppenderRef, class=org.apache.logging.log4j.core.config.AppenderRef].
2021-05-21 08:43:02,042 Test worker DEBUG createAppenderRef(ref="stdout", level="null", Filter=null)
2021-05-21 08:43:02,043 Test worker DEBUG Building Plugin[name=logger, class=org.apache.logging.log4j.core.config.LoggerConfig].
2021-05-21 08:43:02,044 Test worker DEBUG createLogger(additivity="false", level="DEBUG", name="org.apache.activemq", includeLocation="null", ={activemq, stdout}, ={}, Configuration(LogConfig), Filter=null)
2021-05-21 08:43:02,046 Test worker DEBUG Building Plugin[name=AppenderRef, class=org.apache.logging.log4j.core.config.AppenderRef].
2021-05-21 08:43:02,047 Test worker DEBUG createAppenderRef(ref="hibernate", level="null", Filter=null)
2021-05-21 08:43:02,047 Test worker DEBUG Building Plugin[name=AppenderRef, class=org.apache.logging.log4j.core.config.AppenderRef].
2021-05-21 08:43:02,047 Test worker DEBUG createAppenderRef(ref="stdout", level="null", Filter=null)
2021-05-21 08:43:02,048 Test worker DEBUG Building Plugin[name=logger, class=org.apache.logging.log4j.core.config.LoggerConfig].
2021-05-21 08:43:02,048 Test worker DEBUG createLogger(additivity="false", level="DEBUG", name="org.hibernate", includeLocation="null", ={hibernate, stdout}, ={}, Configuration(LogConfig), Filter=null)
2021-05-21 08:43:02,049 Test worker DEBUG Building Plugin[name=AppenderRef, class=org.apache.logging.log4j.core.config.AppenderRef].
2021-05-21 08:43:02,049 Test worker DEBUG createAppenderRef(ref="quartz", level="null", Filter=null)
2021-05-21 08:43:02,049 Test worker DEBUG Building Plugin[name=AppenderRef, class=org.apache.logging.log4j.core.config.AppenderRef].
2021-05-21 08:43:02,050 Test worker DEBUG createAppenderRef(ref="stdout", level="null", Filter=null)
2021-05-21 08:43:02,050 Test worker DEBUG Building Plugin[name=logger, class=org.apache.logging.log4j.core.config.LoggerConfig].
2021-05-21 08:43:02,050 Test worker DEBUG createLogger(additivity="false", level="DEBUG", name="org.quartz", includeLocation="null", ={quartz, stdout}, ={}, Configuration(LogConfig), Filter=null)
2021-05-21 08:43:02,051 Test worker DEBUG Building Plugin[name=AppenderRef, class=org.apache.logging.log4j.core.config.AppenderRef].
2021-05-21 08:43:02,051 Test worker DEBUG createAppenderRef(ref="broker", level="null", Filter=null)
2021-05-21 08:43:02,051 Test worker DEBUG Building Plugin[name=AppenderRef, class=org.apache.logging.log4j.core.config.AppenderRef].
2021-05-21 08:43:02,052 Test worker DEBUG createAppenderRef(ref="stdout", level="null", Filter=null)
2021-05-21 08:43:02,052 Test worker DEBUG Building Plugin[name=logger, class=org.apache.logging.log4j.core.config.LoggerConfig].
2021-05-21 08:43:02,052 Test worker DEBUG createLogger(additivity="false", level="DEBUG", name="org.apache.activemq.broker", includeLocation="null", ={broker, stdout}, ={}, Configuration(LogConfig), Filter=null)
2021-05-21 08:43:02,052 Test worker DEBUG Building Plugin[name=AppenderRef, class=org.apache.logging.log4j.core.config.AppenderRef].
2021-05-21 08:43:02,053 Test worker DEBUG createAppenderRef(ref="producer", level="null", Filter=null)
2021-05-21 08:43:02,053 Test worker DEBUG Building Plugin[name=AppenderRef, class=org.apache.logging.log4j.core.config.AppenderRef].
2021-05-21 08:43:02,054 Test worker DEBUG createAppenderRef(ref="stdout", level="null", Filter=null)
2021-05-21 08:43:02,054 Test worker DEBUG Building Plugin[name=logger, class=org.apache.logging.log4j.core.config.LoggerConfig].
2021-05-21 08:43:02,055 Test worker DEBUG createLogger(additivity="false", level="DEBUG", name="com.ares.mq.jms.swift.SwiftMessageProducer", includeLocation="null", ={producer, stdout}, ={}, Configuration(LogConfig), Filter=null)
2021-05-21 08:43:02,055 Test worker DEBUG Building Plugin[name=AppenderRef, class=org.apache.logging.log4j.core.config.AppenderRef].
2021-05-21 08:43:02,056 Test worker DEBUG createAppenderRef(ref="consumer", level="null", Filter=null)
2021-05-21 08:43:02,057 Test worker DEBUG Building Plugin[name=AppenderRef, class=org.apache.logging.log4j.core.config.AppenderRef].
2021-05-21 08:43:02,057 Test worker DEBUG createAppenderRef(ref="stdout", level="null", Filter=null)
2021-05-21 08:43:02,058 Test worker DEBUG Building Plugin[name=logger, class=org.apache.logging.log4j.core.config.LoggerConfig].
2021-05-21 08:43:02,059 Test worker DEBUG createLogger(additivity="false", level="DEBUG", name="com.ares.mq.jms.swift.SwiftMessageConsumer", includeLocation="null", ={consumer, stdout}, ={}, Configuration(LogConfig), Filter=null)
2021-05-21 08:43:02,059 Test worker DEBUG Building Plugin[name=AppenderRef, class=org.apache.logging.log4j.core.config.AppenderRef].
2021-05-21 08:43:02,060 Test worker DEBUG createAppenderRef(ref="stdout", level="null", Filter=null)
2021-05-21 08:43:02,060 Test worker DEBUG Building Plugin[name=AppenderRef, class=org.apache.logging.log4j.core.config.AppenderRef].
2021-05-21 08:43:02,060 Test worker DEBUG createAppenderRef(ref="service", level="null", Filter=null)
2021-05-21 08:43:02,061 Test worker DEBUG Building Plugin[name=root, class=org.apache.logging.log4j.core.config.LoggerConfig$RootLogger].
2021-05-21 08:43:02,061 Test worker DEBUG createLogger(additivity="null", level="INFO", includeLocation="null", ={stdout, service}, ={}, Configuration(LogConfig), Filter=null)
2021-05-21 08:43:02,062 Test worker DEBUG Building Plugin[name=loggers, class=org.apache.logging.log4j.core.config.LoggersPlugin].
2021-05-21 08:43:02,064 Test worker DEBUG createLoggers(={org.apache.activemq, org.hibernate, org.quartz, org.apache.activemq.broker, com.ares.mq.jms.swift.SwiftMessageProducer, com.ares.mq.jms.swift.SwiftMessageConsumer, root})
2021-05-21 08:43:02,065 Test worker DEBUG Configuration XmlConfiguration[location=C:\Users\user\eclipse-workspace\xmldemo\build\resources\main\log4j2.xml] initialized
2021-05-21 08:43:02,065 Test worker DEBUG Starting configuration XmlConfiguration[location=C:\Users\user\eclipse-workspace\xmldemo\build\resources\main\log4j2.xml]
2021-05-21 08:43:02,065 Test worker DEBUG Started configuration XmlConfiguration[location=C:\Users\user\eclipse-workspace\xmldemo\build\resources\main\log4j2.xml] OK.
2021-05-21 08:43:02,066 Test worker TRACE Stopping org.apache.logging.log4j.core.config.DefaultConfiguration@44de3ad9...
2021-05-21 08:43:02,066 Test worker TRACE DefaultConfiguration notified 1 ReliabilityStrategies that config will be stopped.
2021-05-21 08:43:02,066 Test worker TRACE DefaultConfiguration stopping root LoggerConfig.
2021-05-21 08:43:02,066 Test worker TRACE DefaultConfiguration notifying ReliabilityStrategies that appenders will be stopped.
2021-05-21 08:43:02,067 Test worker TRACE DefaultConfiguration stopping remaining Appenders.
2021-05-21 08:43:02,067 Test worker DEBUG Shutting down OutputStreamManager SYSTEM_OUT.false.false-1
2021-05-21 08:43:02,067 Test worker DEBUG Shut down OutputStreamManager SYSTEM_OUT.false.false-1, all resources released: true
2021-05-21 08:43:02,068 Test worker DEBUG Appender DefaultConsole-1 stopped with status true
2021-05-21 08:43:02,068 Test worker TRACE DefaultConfiguration stopped 1 remaining Appenders.
2021-05-21 08:43:02,068 Test worker TRACE DefaultConfiguration cleaning Appenders from 1 LoggerConfigs.
2021-05-21 08:43:02,068 Test worker DEBUG Stopped org.apache.logging.log4j.core.config.DefaultConfiguration@44de3ad9 OK
2021-05-21 08:43:02,097 Test worker TRACE Reregistering MBeans after reconfigure. Selector=org.apache.logging.log4j.core.selector.ClassLoaderContextSelector@37168c4f
2021-05-21 08:43:02,097 Test worker TRACE Reregistering context (1/1): '73d16e93' org.apache.logging.log4j.core.LoggerContext@248dc72f
2021-05-21 08:43:02,098 Test worker TRACE Unregistering but no MBeans found matching 'org.apache.logging.log4j2:type=73d16e93'
2021-05-21 08:43:02,098 Test worker TRACE Unregistering but no MBeans found matching 'org.apache.logging.log4j2:type=73d16e93,component=StatusLogger'
2021-05-21 08:43:02,098 Test worker TRACE Unregistering but no MBeans found matching 'org.apache.logging.log4j2:type=73d16e93,component=ContextSelector'
2021-05-21 08:43:02,099 Test worker TRACE Unregistering but no MBeans found matching 'org.apache.logging.log4j2:type=73d16e93,component=Loggers,name=*'
2021-05-21 08:43:02,099 Test worker TRACE Unregistering but no MBeans found matching 'org.apache.logging.log4j2:type=73d16e93,component=Appenders,name=*'
2021-05-21 08:43:02,099 Test worker TRACE Unregistering but no MBeans found matching 'org.apache.logging.log4j2:type=73d16e93,component=AsyncAppenders,name=*'
2021-05-21 08:43:02,100 Test worker TRACE Unregistering but no MBeans found matching 'org.apache.logging.log4j2:type=73d16e93,component=AsyncLoggerRingBuffer'
2021-05-21 08:43:02,100 Test worker TRACE Unregistering but no MBeans found matching 'org.apache.logging.log4j2:type=73d16e93,component=Loggers,name=*,subtype=RingBuffer'
2021-05-21 08:43:02,102 Test worker DEBUG Registering MBean org.apache.logging.log4j2:type=73d16e93
2021-05-21 08:43:02,105 Test worker DEBUG Registering MBean org.apache.logging.log4j2:type=73d16e93,component=StatusLogger
2021-05-21 08:43:02,106 Test worker DEBUG Registering MBean org.apache.logging.log4j2:type=73d16e93,component=ContextSelector
2021-05-21 08:43:02,108 Test worker DEBUG Registering MBean org.apache.logging.log4j2:type=73d16e93,component=Loggers,name=org.apache.activemq.broker
2021-05-21 08:43:02,108 Test worker DEBUG Registering MBean org.apache.logging.log4j2:type=73d16e93,component=Loggers,name=
2021-05-21 08:43:02,108 Test worker DEBUG Registering MBean org.apache.logging.log4j2:type=73d16e93,component=Loggers,name=org.apache.activemq
2021-05-21 08:43:02,109 Test worker DEBUG Registering MBean org.apache.logging.log4j2:type=73d16e93,component=Loggers,name=com.ares.mq.jms.swift.SwiftMessageConsumer
2021-05-21 08:43:02,109 Test worker DEBUG Registering MBean org.apache.logging.log4j2:type=73d16e93,component=Loggers,name=com.ares.mq.jms.swift.SwiftMessageProducer
2021-05-21 08:43:02,109 Test worker DEBUG Registering MBean org.apache.logging.log4j2:type=73d16e93,component=Loggers,name=org.hibernate
2021-05-21 08:43:02,109 Test worker DEBUG Registering MBean org.apache.logging.log4j2:type=73d16e93,component=Loggers,name=org.quartz
2021-05-21 08:43:02,110 Test worker DEBUG Registering MBean org.apache.logging.log4j2:type=73d16e93,component=Appenders,name=activemq
2021-05-21 08:43:02,111 Test worker DEBUG Registering MBean org.apache.logging.log4j2:type=73d16e93,component=Appenders,name=stdout
2021-05-21 08:43:02,111 Test worker DEBUG Registering MBean org.apache.logging.log4j2:type=73d16e93,component=Appenders,name=service
2021-05-21 08:43:02,111 Test worker DEBUG Registering MBean org.apache.logging.log4j2:type=73d16e93,component=Appenders,name=quartz
2021-05-21 08:43:02,111 Test worker DEBUG Registering MBean org.apache.logging.log4j2:type=73d16e93,component=Appenders,name=producer
2021-05-21 08:43:02,112 Test worker DEBUG Registering MBean org.apache.logging.log4j2:type=73d16e93,component=Appenders,name=hibernate
2021-05-21 08:43:02,112 Test worker DEBUG Registering MBean org.apache.logging.log4j2:type=73d16e93,component=Appenders,name=broker
2021-05-21 08:43:02,112 Test worker DEBUG Registering MBean org.apache.logging.log4j2:type=73d16e93,component=Appenders,name=consumer
2021-05-21 08:43:02,112 Test worker TRACE Using DummyNanoClock for nanosecond timestamps.
2021-05-21 08:43:02,112 Test worker DEBUG Reconfiguration complete for context[name=73d16e93] at URI C:\Users\user\eclipse-workspace\xmldemo\build\resources\main\log4j2.xml (org.apache.logging.log4j.core.LoggerContext@248dc72f) with optional ClassLoader: null
2021-05-21 08:43:02,112 Test worker DEBUG Shutdown hook enabled. Registering a new one.
2021-05-21 08:43:02,113 Test worker DEBUG LoggerContext[name=73d16e93, org.apache.logging.log4j.core.LoggerContext@248dc72f] started OK.
[2021-05-21 08:43:02,182] - [org.springframework.boot.test.context.SpringBootTestContextBootstrapper] - [INFO] - [buildDefaultMergedContextConfiguration] - [Test worker] - Neither @ContextConfiguration nor @ContextHierarchy found for test class [com.example.demo.DemoApplicationTests], using SpringBootContextLoader
2021-05-21 08:43:02,188 Test worker DEBUG AsyncLogger.ThreadNameStrategy=UNCACHED (user specified null, default is UNCACHED)
2021-05-21 08:43:02,189 Test worker TRACE Using default SystemClock for timestamps.
2021-05-21 08:43:02,189 Test worker DEBUG org.apache.logging.log4j.core.util.SystemClock does not support precise timestamps.
[2021-05-21 08:43:02,195] - [org.springframework.test.context.support.AbstractContextLoader] - [INFO] - [generateDefaultLocations] - [Test worker] - Could not detect default resource locations for test class [com.example.demo.DemoApplicationTests]: no resource found for suffixes {-context.xml, Context.groovy}.
[2021-05-21 08:43:02,198] - [org.springframework.test.context.support.AnnotationConfigContextLoaderUtils] - [INFO] - [detectDefaultConfigurationClasses] - [Test worker] - Could not detect default configuration classes for test class [com.example.demo.DemoApplicationTests]: DemoApplicationTests does not declare any static, non-private, non-final, nested classes annotated with @Configuration.
[2021-05-21 08:43:02,319] - [org.springframework.boot.test.context.SpringBootTestContextBootstrapper] - [INFO] - [getOrFindConfigurationClasses] - [Test worker] - Found @SpringBootConfiguration com.example.demo.DemoApplication for test class com.example.demo.DemoApplicationTests
[2021-05-21 08:43:02,405] - [org.springframework.boot.test.context.SpringBootTestContextBootstrapper] - [INFO] - [getDefaultTestExecutionListenerClassNames] - [Test worker] - Loaded default TestExecutionListener class names from location [META-INF/spring.factories]: [org.springframework.boot.test.autoconfigure.restdocs.RestDocsTestExecutionListener, org.springframework.boot.test.autoconfigure.web.client.MockRestServiceServerResetTestExecutionListener, org.springframework.boot.test.autoconfigure.web.servlet.MockMvcPrintOnlyOnFailureTestExecutionListener, org.springframework.boot.test.autoconfigure.web.servlet.WebDriverTestExecutionListener, org.springframework.boot.test.mock.mockito.MockitoTestExecutionListener, org.springframework.boot.test.mock.mockito.ResetMocksTestExecutionListener, org.springframework.test.context.web.ServletTestExecutionListener, org.springframework.test.context.support.DirtiesContextBeforeModesTestExecutionListener, org.springframework.test.context.support.DependencyInjectionTestExecutionListener, org.springframework.test.context.support.DirtiesContextTestExecutionListener, org.springframework.test.context.transaction.TransactionalTestExecutionListener, org.springframework.test.context.jdbc.SqlScriptsTestExecutionListener]
[2021-05-21 08:43:02,417] - [org.springframework.boot.test.context.SpringBootTestContextBootstrapper] - [INFO] - [getTestExecutionListeners] - [Test worker] - Using TestExecutionListeners: [org.springframework.test.context.web.ServletTestExecutionListener@231c0840, org.springframework.test.context.support.DirtiesContextBeforeModesTestExecutionListener@6a580ff, org.springframework.boot.test.mock.mockito.MockitoTestExecutionListener@36acd8db, org.springframework.boot.test.autoconfigure.SpringBootDependencyInjectionTestExecutionListener@711e6fee, org.springframework.test.context.support.DirtiesContextTestExecutionListener@32833785, org.springframework.boot.test.autoconfigure.restdocs.RestDocsTestExecutionListener@180bfb52, org.springframework.boot.test.autoconfigure.web.client.MockRestServiceServerResetTestExecutionListener@48b18288, org.springframework.boot.test.autoconfigure.web.servlet.MockMvcPrintOnlyOnFailureTestExecutionListener@4a52f56f, org.springframework.boot.test.autoconfigure.web.servlet.WebDriverTestExecutionListener@61c6ccbf, org.springframework.boot.test.mock.mockito.ResetMocksTestExecutionListener@26d07abe]
2021-05-21 08:43:02,535 Test worker DEBUG Reconfiguration started for context[name=73d16e93] at URI null (org.apache.logging.log4j.core.LoggerContext@248dc72f) with optional ClassLoader: null
2021-05-21 08:43:02,535 Test worker DEBUG Using configurationFactory org.apache.logging.log4j.core.config.ConfigurationFactory$Factory@55e1c5fa
2021-05-21 08:43:02,536 Test worker TRACE Trying to find [log4j2-test73d16e93.properties] using context class loader sun.misc.Launcher$AppClassLoader@73d16e93.
2021-05-21 08:43:02,536 Test worker TRACE Trying to find [log4j2-test73d16e93.properties] using sun.misc.Launcher$AppClassLoader@73d16e93 class loader.
2021-05-21 08:43:02,537 Test worker TRACE Trying to find [log4j2-test73d16e93.properties] using sun.misc.Launcher$AppClassLoader@73d16e93 class loader.
2021-05-21 08:43:02,537 Test worker TRACE Trying to find [log4j2-test73d16e93.properties] using ClassLoader.getSystemResource().
2021-05-21 08:43:02,538 Test worker TRACE Trying to find [log4j2-test73d16e93.yml] using context class loader sun.misc.Launcher$AppClassLoader@73d16e93.
2021-05-21 08:43:02,538 Test worker TRACE Trying to find [log4j2-test73d16e93.yml] using sun.misc.Launcher$AppClassLoader@73d16e93 class loader.
2021-05-21 08:43:02,538 Test worker TRACE Trying to find [log4j2-test73d16e93.yml] using sun.misc.Launcher$AppClassLoader@73d16e93 class loader.
2021-05-21 08:43:02,539 Test worker TRACE Trying to find [log4j2-test73d16e93.yml] using ClassLoader.getSystemResource().
2021-05-21 08:43:02,539 Test worker TRACE Trying to find [log4j2-test73d16e93.yaml] using context class loader sun.misc.Launcher$AppClassLoader@73d16e93.
2021-05-21 08:43:02,539 Test worker TRACE Trying to find [log4j2-test73d16e93.yaml] using sun.misc.Launcher$AppClassLoader@73d16e93 class loader.
2021-05-21 08:43:02,540 Test worker TRACE Trying to find [log4j2-test73d16e93.yaml] using sun.misc.Launcher$AppClassLoader@73d16e93 class loader.
2021-05-21 08:43:02,540 Test worker TRACE Trying to find [log4j2-test73d16e93.yaml] using ClassLoader.getSystemResource().
2021-05-21 08:43:02,540 Test worker TRACE Trying to find [log4j2-test73d16e93.json] using context class loader sun.misc.Launcher$AppClassLoader@73d16e93.
2021-05-21 08:43:02,541 Test worker TRACE Trying to find [log4j2-test73d16e93.json] using sun.misc.Launcher$AppClassLoader@73d16e93 class loader.
2021-05-21 08:43:02,541 Test worker TRACE Trying to find [log4j2-test73d16e93.json] using sun.misc.Launcher$AppClassLoader@73d16e93 class loader.
2021-05-21 08:43:02,541 Test worker TRACE Trying to find [log4j2-test73d16e93.json] using ClassLoader.getSystemResource().
2021-05-21 08:43:02,542 Test worker TRACE Trying to find [log4j2-test73d16e93.jsn] using context class loader sun.misc.Launcher$AppClassLoader@73d16e93.
2021-05-21 08:43:02,542 Test worker TRACE Trying to find [log4j2-test73d16e93.jsn] using sun.misc.Launcher$AppClassLoader@73d16e93 class loader.
2021-05-21 08:43:02,543 Test worker TRACE Trying to find [log4j2-test73d16e93.jsn] using sun.misc.Launcher$AppClassLoader@73d16e93 class loader.
2021-05-21 08:43:02,543 Test worker TRACE Trying to find [log4j2-test73d16e93.jsn] using ClassLoader.getSystemResource().
2021-05-21 08:43:02,543 Test worker TRACE Trying to find [log4j2-test73d16e93.xml] using context class loader sun.misc.Launcher$AppClassLoader@73d16e93.
2021-05-21 08:43:02,544 Test worker TRACE Trying to find [log4j2-test73d16e93.xml] using sun.misc.Launcher$AppClassLoader@73d16e93 class loader.
2021-05-21 08:43:02,544 Test worker TRACE Trying to find [log4j2-test73d16e93.xml] using sun.misc.Launcher$AppClassLoader@73d16e93 class loader.
2021-05-21 08:43:02,544 Test worker TRACE Trying to find [log4j2-test73d16e93.xml] using ClassLoader.getSystemResource().
2021-05-21 08:43:02,545 Test worker TRACE Trying to find [log4j2-test73d16e93.springboot] using context class loader sun.misc.Launcher$AppClassLoader@73d16e93.
2021-05-21 08:43:02,545 Test worker TRACE Trying to find [log4j2-test73d16e93.springboot] using sun.misc.Launcher$AppClassLoader@73d16e93 class loader.
2021-05-21 08:43:02,545 Test worker TRACE Trying to find [log4j2-test73d16e93.springboot] using sun.misc.Launcher$AppClassLoader@73d16e93 class loader.
2021-05-21 08:43:02,546 Test worker TRACE Trying to find [log4j2-test73d16e93.springboot] using ClassLoader.getSystemResource().
2021-05-21 08:43:02,546 Test worker TRACE Trying to find [log4j2-test.properties] using context class loader sun.misc.Launcher$AppClassLoader@73d16e93.
2021-05-21 08:43:02,546 Test worker TRACE Trying to find [log4j2-test.properties] using sun.misc.Launcher$AppClassLoader@73d16e93 class loader.
2021-05-21 08:43:02,546 Test worker TRACE Trying to find [log4j2-test.properties] using sun.misc.Launcher$AppClassLoader@73d16e93 class loader.
2021-05-21 08:43:02,547 Test worker TRACE Trying to find [log4j2-test.properties] using ClassLoader.getSystemResource().
2021-05-21 08:43:02,547 Test worker TRACE Trying to find [log4j2-test.yml] using context class loader sun.misc.Launcher$AppClassLoader@73d16e93.
2021-05-21 08:43:02,547 Test worker TRACE Trying to find [log4j2-test.yml] using sun.misc.Launcher$AppClassLoader@73d16e93 class loader.
2021-05-21 08:43:02,547 Test worker TRACE Trying to find [log4j2-test.yml] using sun.misc.Launcher$AppClassLoader@73d16e93 class loader.
2021-05-21 08:43:02,548 Test worker TRACE Trying to find [log4j2-test.yml] using ClassLoader.getSystemResource().
2021-05-21 08:43:02,548 Test worker TRACE Trying to find [log4j2-test.yaml] using context class loader sun.misc.Launcher$AppClassLoader@73d16e93.
2021-05-21 08:43:02,548 Test worker TRACE Trying to find [log4j2-test.yaml] using sun.misc.Launcher$AppClassLoader@73d16e93 class loader.
2021-05-21 08:43:02,549 Test worker TRACE Trying to find [log4j2-test.yaml] using sun.misc.Launcher$AppClassLoader@73d16e93 class loader.
2021-05-21 08:43:02,549 Test worker TRACE Trying to find [log4j2-test.yaml] using ClassLoader.getSystemResource().
2021-05-21 08:43:02,549 Test worker TRACE Trying to find [log4j2-test.json] using context class loader sun.misc.Launcher$AppClassLoader@73d16e93.
2021-05-21 08:43:02,550 Test worker TRACE Trying to find [log4j2-test.json] using sun.misc.Launcher$AppClassLoader@73d16e93 class loader.
2021-05-21 08:43:02,550 Test worker TRACE Trying to find [log4j2-test.json] using sun.misc.Launcher$AppClassLoader@73d16e93 class loader.
2021-05-21 08:43:02,550 Test worker TRACE Trying to find [log4j2-test.json] using ClassLoader.getSystemResource().
2021-05-21 08:43:02,551 Test worker TRACE Trying to find [log4j2-test.jsn] using context class loader sun.misc.Launcher$AppClassLoader@73d16e93.
2021-05-21 08:43:02,551 Test worker TRACE Trying to find [log4j2-test.jsn] using sun.misc.Launcher$AppClassLoader@73d16e93 class loader.
2021-05-21 08:43:02,551 Test worker TRACE Trying to find [log4j2-test.jsn] using sun.misc.Launcher$AppClassLoader@73d16e93 class loader.
2021-05-21 08:43:02,551 Test worker TRACE Trying to find [log4j2-test.jsn] using ClassLoader.getSystemResource().
2021-05-21 08:43:02,552 Test worker TRACE Trying to find [log4j2-test.xml] using context class loader sun.misc.Launcher$AppClassLoader@73d16e93.
2021-05-21 08:43:02,552 Test worker TRACE Trying to find [log4j2-test.xml] using sun.misc.Launcher$AppClassLoader@73d16e93 class loader.
2021-05-21 08:43:02,552 Test worker TRACE Trying to find [log4j2-test.xml] using sun.misc.Launcher$AppClassLoader@73d16e93 class loader.
[...]
2021-05-21 08:43:02,660 Test worker DEBUG Building Plugin[name=AppenderRef, class=org.apache.logging.log4j.core.config.AppenderRef].
2021-05-21 08:43:02,660 Test worker DEBUG createAppenderRef(ref="hibernate", level="null", Filter=null)
2021-05-21 08:43:02,661 Test worker DEBUG Building Plugin[name=AppenderRef, class=org.apache.logging.log4j.core.config.AppenderRef].
2021-05-21 08:43:02,661 Test worker DEBUG createAppenderRef(ref="stdout", level="null", Filter=null)
2021-05-21 08:43:02,661 Test worker DEBUG Building Plugin[name=logger, class=org.apache.logging.log4j.core.config.LoggerConfig].
2021-05-21 08:43:02,662 Test worker DEBUG createLogger(additivity="false", level="DEBUG", name="org.hibernate", includeLocation="null", ={hibernate, stdout}, ={}, Configuration(LogConfig), Filter=null)
2021-05-21 08:43:02,662 Test worker DEBUG Building Plugin[name=AppenderRef, class=org.apache.logging.log4j.core.config.AppenderRef].
2021-05-21 08:43:02,663 Test worker DEBUG createAppenderRef(ref="quartz", level="null", Filter=null)
2021-05-21 08:43:02,663 Test worker DEBUG Building Plugin[name=AppenderRef, class=org.apache.logging.log4j.core.config.AppenderRef].
2021-05-21 08:43:02,663 Test worker DEBUG createAppenderRef(ref="stdout", level="null", Filter=null)
2021-05-21 08:43:02,663 Test worker DEBUG Building Plugin[name=logger, class=org.apache.logging.log4j.core.config.LoggerConfig].
2021-05-21 08:43:02,664 Test worker DEBUG createLogger(additivity="false", level="DEBUG", name="org.quartz", includeLocation="null", ={quartz, stdout}, ={}, Configuration(LogConfig), Filter=null)
2021-05-21 08:43:02,664 Test worker DEBUG Building Plugin[name=AppenderRef, class=org.apache.logging.log4j.core.config.AppenderRef].
2021-05-21 08:43:02,665 Test worker DEBUG createAppenderRef(ref="broker", level="null", Filter=null)
2021-05-21 08:43:02,665 Test worker DEBUG Building Plugin[name=AppenderRef, class=org.apache.logging.log4j.core.config.AppenderRef].
2021-05-21 08:43:02,665 Test worker DEBUG createAppenderRef(ref="stdout", level="null", Filter=null)
2021-05-21 08:43:02,666 Test worker DEBUG Building Plugin[name=logger, class=org.apache.logging.log4j.core.config.LoggerConfig].
2021-05-21 08:43:02,667 Test worker DEBUG createLogger(additivity="false", level="DEBUG", name="org.apache.activemq.broker", includeLocation="null", ={broker, stdout}, ={}, Configuration(LogConfig), Filter=null)
2021-05-21 08:43:02,668 Test worker DEBUG Building Plugin[name=AppenderRef, class=org.apache.logging.log4j.core.config.AppenderRef].
2021-05-21 08:43:02,668 Test worker DEBUG createAppenderRef(ref="producer", level="null", Filter=null)
2021-05-21 08:43:02,668 Test worker DEBUG Building Plugin[name=AppenderRef, class=org.apache.logging.log4j.core.config.AppenderRef].
2021-05-21 08:43:02,669 Test worker DEBUG createAppenderRef(ref="stdout", level="null", Filter=null)
2021-05-21 08:43:02,669 Test worker DEBUG Building Plugin[name=logger, class=org.apache.logging.log4j.core.config.LoggerConfig].
2021-05-21 08:43:02,670 Test worker DEBUG createLogger(additivity="false", level="DEBUG", name="com.ares.mq.jms.swift.SwiftMessageProducer", includeLocation="null", ={producer, stdout}, ={}, Configuration(LogConfig), Filter=null)
2021-05-21 08:43:02,670 Test worker DEBUG Building Plugin[name=AppenderRef, class=org.apache.logging.log4j.core.config.AppenderRef].
2021-05-21 08:43:02,671 Test worker DEBUG createAppenderRef(ref="consumer", level="null", Filter=null)
2021-05-21 08:43:02,671 Test worker DEBUG Building Plugin[name=AppenderRef, class=org.apache.logging.log4j.core.config.AppenderRef].
2021-05-21 08:43:02,671 Test worker DEBUG createAppenderRef(ref="stdout", level="null", Filter=null)
2021-05-21 08:43:02,672 Test worker DEBUG Building Plugin[name=logger, class=org.apache.logging.log4j.core.config.LoggerConfig].
2021-05-21 08:43:02,673 Test worker DEBUG createLogger(additivity="false", level="DEBUG", name="com.ares.mq.jms.swift.SwiftMessageConsumer", includeLocation="null", ={consumer, stdout}, ={}, Configuration(LogConfig), Filter=null)
2021-05-21 08:43:02,673 Test worker DEBUG Building Plugin[name=AppenderRef, class=org.apache.logging.log4j.core.config.AppenderRef].
2021-05-21 08:43:02,673 Test worker DEBUG createAppenderRef(ref="stdout", level="null", Filter=null)
2021-05-21 08:43:02,674 Test worker DEBUG Building Plugin[name=AppenderRef, class=org.apache.logging.log4j.core.config.AppenderRef].
2021-05-21 08:43:02,674 Test worker DEBUG createAppenderRef(ref="service", level="null", Filter=null)
2021-05-21 08:43:02,674 Test worker DEBUG Building Plugin[name=root, class=org.apache.logging.log4j.core.config.LoggerConfig$RootLogger].
2021-05-21 08:43:02,675 Test worker DEBUG createLogger(additivity="null", level="INFO", includeLocation="null", ={stdout, service}, ={}, Configuration(LogConfig), Filter=null)
2021-05-21 08:43:02,675 Test worker DEBUG Building Plugin[name=loggers, class=org.apache.logging.log4j.core.config.LoggersPlugin].
2021-05-21 08:43:02,676 Test worker DEBUG createLoggers(={org.apache.activemq, org.hibernate, org.quartz, org.apache.activemq.broker, com.ares.mq.jms.swift.SwiftMessageProducer, com.ares.mq.jms.swift.SwiftMessageConsumer, root})
2021-05-21 08:43:02,677 Test worker DEBUG Configuration XmlConfiguration[location=C:\Users\user\eclipse-workspace\xmldemo\build\resources\main\log4j2.xml] initialized
2021-05-21 08:43:02,677 Test worker DEBUG Starting configuration XmlConfiguration[location=C:\Users\user\eclipse-workspace\xmldemo\build\resources\main\log4j2.xml]
2021-05-21 08:43:02,677 Test worker DEBUG Started configuration XmlConfiguration[location=C:\Users\user\eclipse-workspace\xmldemo\build\resources\main\log4j2.xml] OK.
2021-05-21 08:43:02,678 Test worker TRACE Stopping XmlConfiguration[location=C:\Users\user\eclipse-workspace\xmldemo\build\resources\main\log4j2.xml]...
2021-05-21 08:43:02,678 Test worker TRACE XmlConfiguration notified 8 ReliabilityStrategies that config will be stopped.
2021-05-21 08:43:02,678 Test worker TRACE XmlConfiguration stopping 7 LoggerConfigs.
2021-05-21 08:43:02,678 Test worker TRACE XmlConfiguration stopping root LoggerConfig.
2021-05-21 08:43:02,678 Test worker TRACE XmlConfiguration notifying ReliabilityStrategies that appenders will be stopped.
2021-05-21 08:43:02,679 Test worker TRACE XmlConfiguration stopping remaining Appenders.
2021-05-21 08:43:02,679 Test worker DEBUG Appender consumer stopped with status true
2021-05-21 08:43:02,679 Test worker DEBUG Appender broker stopped with status true
2021-05-21 08:43:02,679 Test worker DEBUG Appender hibernate stopped with status true
2021-05-21 08:43:02,679 Test worker DEBUG Appender producer stopped with status true
2021-05-21 08:43:02,680 Test worker DEBUG Appender quartz stopped with status true
2021-05-21 08:43:02,680 Test worker DEBUG Appender service stopped with status true
2021-05-21 08:43:02,680 Test worker DEBUG Appender stdout stopped with status true
2021-05-21 08:43:02,680 Test worker DEBUG Appender activemq stopped with status true
2021-05-21 08:43:02,680 Test worker TRACE XmlConfiguration stopped 8 remaining Appenders.
2021-05-21 08:43:02,680 Test worker TRACE XmlConfiguration cleaning Appenders from 8 LoggerConfigs.
2021-05-21 08:43:02,681 Test worker DEBUG Stopped XmlConfiguration[location=C:\Users\user\eclipse-workspace\xmldemo\build\resources\main\log4j2.xml] OK
2021-05-21 08:43:02,681 Test worker TRACE Reregistering MBeans after reconfigure. Selector=org.apache.logging.log4j.core.selector.ClassLoaderContextSelector@37168c4f
2021-05-21 08:43:02,681 Test worker TRACE Reregistering context (1/1): '73d16e93' org.apache.logging.log4j.core.LoggerContext@248dc72f
2021-05-21 08:43:02,681 Test worker TRACE Unregistering 1 MBeans: [org.apache.logging.log4j2:type=73d16e93]
2021-05-21 08:43:02,682 Test worker TRACE Unregistering 1 MBeans: [org.apache.logging.log4j2:type=73d16e93,component=StatusLogger]
2021-05-21 08:43:02,682 Test worker TRACE Unregistering 1 MBeans: [org.apache.logging.log4j2:type=73d16e93,component=ContextSelector]
2021-05-21 08:43:02,683 Test worker TRACE Unregistering 7 MBeans: [org.apache.logging.log4j2:type=73d16e93,component=Loggers,name=org.apache.activemq, org.apache.logging.log4j2:type=73d16e93,component=Loggers,name=com.ares.mq.jms.swift.SwiftMessageConsumer, org.apache.logging.log4j2:type=73d16e93,component=Loggers,name=org.quartz, org.apache.logging.log4j2:type=73d16e93,component=Loggers,name=org.apache.activemq.broker, org.apache.logging.log4j2:type=73d16e93,component=Loggers,name=com.ares.mq.jms.swift.SwiftMessageProducer, org.apache.logging.log4j2:type=73d16e93,component=Loggers,name=org.hibernate, org.apache.logging.log4j2:type=73d16e93,component=Loggers,name=]
2021-05-21 08:43:02,684 Test worker TRACE Unregistering 8 MBeans: [org.apache.logging.log4j2:type=73d16e93,component=Appenders,name=stdout, org.apache.logging.log4j2:type=73d16e93,component=Appenders,name=consumer, org.apache.logging.log4j2:type=73d16e93,component=Appenders,name=quartz, org.apache.logging.log4j2:type=73d16e93,component=Appenders,name=service, org.apache.logging.log4j2:type=73d16e93,component=Appenders,name=broker, org.apache.logging.log4j2:type=73d16e93,component=Appenders,name=producer, org.apache.logging.log4j2:type=73d16e93,component=Appenders,name=activemq, org.apache.logging.log4j2:type=73d16e93,component=Appenders,name=hibernate]
2021-05-21 08:43:02,684 Test worker TRACE Unregistering but no MBeans found matching 'org.apache.logging.log4j2:type=73d16e93,component=AsyncAppenders,name=*'
2021-05-21 08:43:02,684 Test worker TRACE Unregistering but no MBeans found matching 'org.apache.logging.log4j2:type=73d16e93,component=AsyncLoggerRingBuffer'
2021-05-21 08:43:02,685 Test worker TRACE Unregistering but no MBeans found matching 'org.apache.logging.log4j2:type=73d16e93,component=Loggers,name=*,subtype=RingBuffer'
2021-05-21 08:43:02,685 Test worker DEBUG Registering MBean org.apache.logging.log4j2:type=73d16e93
2021-05-21 08:43:02,685 Test worker DEBUG Registering MBean org.apache.logging.log4j2:type=73d16e93,component=StatusLogger
2021-05-21 08:43:02,686 Test worker DEBUG Registering MBean org.apache.logging.log4j2:type=73d16e93,component=ContextSelector
2021-05-21 08:43:02,686 Test worker DEBUG Registering MBean org.apache.logging.log4j2:type=73d16e93,component=Loggers,name=org.apache.activemq.broker
2021-05-21 08:43:02,686 Test worker DEBUG Registering MBean org.apache.logging.log4j2:type=73d16e93,component=Loggers,name=
2021-05-21 08:43:02,686 Test worker DEBUG Registering MBean org.apache.logging.log4j2:type=73d16e93,component=Loggers,name=org.apache.activemq
2021-05-21 08:43:02,687 Test worker DEBUG Registering MBean org.apache.logging.log4j2:type=73d16e93,component=Loggers,name=com.ares.mq.jms.swift.SwiftMessageConsumer
2021-05-21 08:43:02,687 Test worker DEBUG Registering MBean org.apache.logging.log4j2:type=73d16e93,component=Loggers,name=com.ares.mq.jms.swift.SwiftMessageProducer
2021-05-21 08:43:02,687 Test worker DEBUG Registering MBean org.apache.logging.log4j2:type=73d16e93,component=Loggers,name=org.hibernate
2021-05-21 08:43:02,687 Test worker DEBUG Registering MBean org.apache.logging.log4j2:type=73d16e93,component=Loggers,name=org.quartz
2021-05-21 08:43:02,688 Test worker DEBUG Registering MBean org.apache.logging.log4j2:type=73d16e93,component=Appenders,name=activemq
2021-05-21 08:43:02,688 Test worker DEBUG Registering MBean org.apache.logging.log4j2:type=73d16e93,component=Appenders,name=stdout
2021-05-21 08:43:02,688 Test worker DEBUG Registering MBean org.apache.logging.log4j2:type=73d16e93,component=Appenders,name=service
2021-05-21 08:43:02,689 Test worker DEBUG Registering MBean org.apache.logging.log4j2:type=73d16e93,component=Appenders,name=quartz
2021-05-21 08:43:02,689 Test worker DEBUG Registering MBean org.apache.logging.log4j2:type=73d16e93,component=Appenders,name=producer
2021-05-21 08:43:02,690 Test worker DEBUG Registering MBean org.apache.logging.log4j2:type=73d16e93,component=Appenders,name=hibernate
2021-05-21 08:43:02,690 Test worker DEBUG Registering MBean org.apache.logging.log4j2:type=73d16e93,component=Appenders,name=broker
2021-05-21 08:43:02,691 Test worker DEBUG Registering MBean org.apache.logging.log4j2:type=73d16e93,component=Appenders,name=consumer
2021-05-21 08:43:02,691 Test worker TRACE Using DummyNanoClock for nanosecond timestamps.
2021-05-21 08:43:02,691 Test worker DEBUG Reconfiguration complete for context[name=73d16e93] at URI C:\Users\user\eclipse-workspace\xmldemo\build\resources\main\log4j2.xml (org.apache.logging.log4j.core.LoggerContext@248dc72f) with optional ClassLoader: null

  .   ____          _            __ _ _
 /\\ / ___'_ __ _ _(_)_ __  __ _ \ \ \ \
( ( )\___ | '_ | '_| | '_ \/ _` | \ \ \ \
 \\/  ___)| |_)| | | | | || (_| |  ) ) ) )
  '  |____| .__|_| |_|_| |_\__, | / / / /
 =========|_|==============|___/=/_/_/_/
[2021-05-21 08:43:02,700] - [org.hibernate.validator.messageinterpolation.ResourceBundleMessageInterpolator] - [DEBUG] - [buildExpressionFactory] - [background-preinit] - Loaded expression factory via original TCCL
 :: Spring Boot ::        (v2.1.8.RELEASE)

[2021-05-21 08:43:02,711] - [org.hibernate.validator.internal.engine.ValidatorFactoryImpl] - [DEBUG] - [logValidatorFactoryScopedConfiguration] - [background-preinit] - HV000234: Using org.hibernate.validator.messageinterpolation.ResourceBundleMessageInterpolator as ValidatorFactory-scoped message interpolator.
[2021-05-21 08:43:02,712] - [org.hibernate.validator.internal.engine.ValidatorFactoryImpl] - [DEBUG] - [logValidatorFactoryScopedConfiguration] - [background-preinit] - HV000234: Using org.hibernate.validator.internal.engine.resolver.TraverseAllTraversableResolver as ValidatorFactory-scoped traversable resolver.
[2021-05-21 08:43:02,712] - [org.hibernate.validator.internal.engine.ValidatorFactoryImpl] - [DEBUG] - [logValidatorFactoryScopedConfiguration] - [background-preinit] - HV000234: Using org.hibernate.validator.internal.util.ExecutableParameterNameProvider as ValidatorFactory-scoped parameter name provider.
[2021-05-21 08:43:02,712] - [org.hibernate.validator.internal.engine.ValidatorFactoryImpl] - [DEBUG] - [logValidatorFactoryScopedConfiguration] - [background-preinit] - HV000234: Using org.hibernate.validator.internal.engine.DefaultClockProvider as ValidatorFactory-scoped clock provider.
[2021-05-21 08:43:02,713] - [org.hibernate.validator.internal.engine.ValidatorFactoryImpl] - [DEBUG] - [logValidatorFactoryScopedConfiguration] - [background-preinit] - HV000234: Using org.hibernate.validator.internal.engine.scripting.DefaultScriptEvaluatorFactory as ValidatorFactory-scoped script evaluator factory.
[2021-05-21 08:43:02,808] - [com.example.demo.DemoApplicationTests] - [INFO] - [logStarting] - [Test worker] - Starting DemoApplicationTests on LAPTOP-449SQE49 with PID 11120 (started by user in C:\Users\user\eclipse-workspace\xmldemo)
[2021-05-21 08:43:02,810] - [com.example.demo.DemoApplicationTests] - [INFO] - [logStartupProfileInfo] - [Test worker] - No active profile set, falling back to default profiles: default
建構函式3
[2021-05-21 08:43:03,933] - [org.hibernate.validator.internal.engine.resolver.TraversableResolvers] - [DEBUG] - [getDefault] - [Test worker] - Cannot find javax.persistence.Persistence on classpath. Assuming non JPA 2 environment. All properties will per default be traversable.
[2021-05-21 08:43:03,934] - [org.hibernate.validator.messageinterpolation.ResourceBundleMessageInterpolator] - [DEBUG] - [buildExpressionFactory] - [Test worker] - Loaded expression factory via original TCCL
[2021-05-21 08:43:03,941] - [org.hibernate.validator.internal.engine.resolver.TraversableResolvers] - [DEBUG] - [getDefault] - [Test worker] - Cannot find javax.persistence.Persistence on classpath. Assuming non JPA 2 environment. All properties will per default be traversable.
[2021-05-21 08:43:03,942] - [org.hibernate.validator.internal.engine.ConfigurationImpl] - [DEBUG] - [messageInterpolator] - [Test worker] - Setting custom MessageInterpolator of type org.springframework.validation.beanvalidation.LocaleContextMessageInterpolator
[2021-05-21 08:43:03,942] - [org.hibernate.validator.internal.engine.ConfigurationImpl] - [DEBUG] - [constraintValidatorFactory] - [Test worker] - Setting custom ConstraintValidatorFactory of type org.springframework.validation.beanvalidation.SpringConstraintValidatorFactory
[2021-05-21 08:43:03,943] - [org.hibernate.validator.internal.engine.ConfigurationImpl] - [DEBUG] - [parameterNameProvider] - [Test worker] - Setting custom ParameterNameProvider of type org.springframework.validation.beanvalidation.LocalValidatorFactoryBean$1
[2021-05-21 08:43:03,944] - [org.hibernate.validator.internal.xml.config.ValidationXmlParser] - [DEBUG] - [getValidationXmlInputStream] - [Test worker] - Trying to load META-INF/validation.xml for XML based Validator configuration.
[2021-05-21 08:43:03,944] - [org.hibernate.validator.internal.xml.config.ResourceLoaderHelper] - [DEBUG] - [getResettableInputStreamForPath] - [Test worker] - Trying to load META-INF/validation.xml via user class loader
[2021-05-21 08:43:03,945] - [org.hibernate.validator.internal.xml.config.ResourceLoaderHelper] - [DEBUG] - [getResettableInputStreamForPath] - [Test worker] - Trying to load META-INF/validation.xml via TCCL
[2021-05-21 08:43:03,945] - [org.hibernate.validator.internal.xml.config.ResourceLoaderHelper] - [DEBUG] - [getResettableInputStreamForPath] - [Test worker] - Trying to load META-INF/validation.xml via Hibernate Validator's class loader
[2021-05-21 08:43:03,946] - [org.hibernate.validator.internal.xml.config.ValidationXmlParser] - [DEBUG] - [getValidationXmlInputStream] - [Test worker] - No META-INF/validation.xml found. Using annotation based configuration only.
[2021-05-21 08:43:03,950] - [org.hibernate.validator.internal.engine.ValidatorFactoryImpl] - [DEBUG] - [logValidatorFactoryScopedConfiguration] - [Test worker] - HV000234: Using org.springframework.validation.beanvalidation.LocaleContextMessageInterpolator as ValidatorFactory-scoped message interpolator.
[2021-05-21 08:43:03,950] - [org.hibernate.validator.internal.engine.ValidatorFactoryImpl] - [DEBUG] - [logValidatorFactoryScopedConfiguration] - [Test worker] - HV000234: Using org.hibernate.validator.internal.engine.resolver.TraverseAllTraversableResolver as ValidatorFactory-scoped traversable resolver.
[2021-05-21 08:43:03,951] - [org.hibernate.validator.internal.engine.ValidatorFactoryImpl] - [DEBUG] - [logValidatorFactoryScopedConfiguration] - [Test worker] - HV000234: Using org.hibernate.validator.internal.util.ExecutableParameterNameProvider as ValidatorFactory-scoped parameter name provider.
[2021-05-21 08:43:03,951] - [org.hibernate.validator.internal.engine.ValidatorFactoryImpl] - [DEBUG] - [logValidatorFactoryScopedConfiguration] - [Test worker] - HV000234: Using org.hibernate.validator.internal.engine.DefaultClockProvider as ValidatorFactory-scoped clock provider.
[2021-05-21 08:43:03,951] - [org.hibernate.validator.internal.engine.ValidatorFactoryImpl] - [DEBUG] - [logValidatorFactoryScopedConfiguration] - [Test worker] - HV000234: Using org.hibernate.validator.internal.engine.scripting.DefaultScriptEvaluatorFactory as ValidatorFactory-scoped script evaluator factory.
[2021-05-21 08:43:04,099] - [org.springframework.scheduling.concurrent.ThreadPoolTaskExecutor] - [INFO] - [initialize] - [Test worker] - Initializing ExecutorService 'applicationTaskExecutor'
[2021-05-21 08:43:04,395] - [com.example.demo.DemoApplicationTests] - [INFO] - [logStarted] - [Test worker] - Started DemoApplicationTests in 1.942 seconds (JVM running for 3.567)
開始
In init block of country
Country name: India
Country population: 20000
In destroy block of country
]]></system-out>
  <system-err><![CDATA[]]></system-err>
</testsuite>
